[0.009s] Invoking command in '/home/z/ws01_plumbing/src/build/cpp02_service': CMAKE_PREFIX_PATH=${CMAKE_PREFIX_PATH}:/opt/ros/humble /usr/bin/cmake /home/z/ws01_plumbing/src/cpp02_service -DCMAKE_INSTALL_PREFIX=/home/z/ws01_plumbing/src/install/cpp02_service
[0.059s] -- The C compiler identification is GNU 11.3.0
[0.100s] -- The CXX compiler identification is GNU 11.3.0
[0.104s] -- Detecting C compiler ABI info
[0.147s] -- Detecting C compiler ABI info - done
[0.153s] -- Check for working C compiler: /usr/bin/cc - skipped
[0.155s] -- Detecting C compile features
[0.155s] -- Detecting C compile features - done
[0.155s] -- Detecting CXX compiler ABI info
[0.205s] -- Detecting CXX compiler ABI info - done
[0.210s] -- Check for working CXX compiler: /usr/bin/c++ - skipped
[0.211s] -- Detecting CXX compile features
[0.211s] -- Detecting CXX compile features - done
[0.212s] -- Found ament_cmake: 1.3.3 (/opt/ros/humble/share/ament_cmake/cmake)
[0.323s] -- Found Python3: /usr/bin/python3.10 (found version "3.10.6") found components: Interpreter 
[0.387s] -- Found rclcpp: 16.0.3 (/opt/ros/humble/share/rclcpp/cmake)
[0.441s] -- Found rosidl_generator_c: 3.1.4 (/opt/ros/humble/share/rosidl_generator_c/cmake)
[0.444s] -- Found rosidl_adapter: 3.1.4 (/opt/ros/humble/share/rosidl_adapter/cmake)
[0.449s] -- Found rosidl_generator_cpp: 3.1.4 (/opt/ros/humble/share/rosidl_generator_cpp/cmake)
[0.458s] -- Using all available rosidl_typesupport_c: rosidl_typesupport_fastrtps_c;rosidl_typesupport_introspection_c
[0.471s] -- Using all available rosidl_typesupport_cpp: rosidl_typesupport_fastrtps_cpp;rosidl_typesupport_introspection_cpp
[0.529s] -- Found rmw_implementation_cmake: 6.1.1 (/opt/ros/humble/share/rmw_implementation_cmake/cmake)
[0.532s] -- Found rmw_fastrtps_cpp: 6.2.2 (/opt/ros/humble/share/rmw_fastrtps_cpp/cmake)
[0.608s] -- Found OpenSSL: /usr/lib/x86_64-linux-gnu/libcrypto.so (found version "3.0.2")  
[0.626s] -- Found FastRTPS: /opt/ros/humble/include  
[0.661s] -- Using RMW implementation 'rmw_fastrtps_cpp' as default
[0.672s] -- Looking for pthread.h
[0.718s] -- Looking for pthread.h - found
[0.718s] -- Performing Test CMAKE_HAVE_LIBC_PTHREAD
[0.766s] -- Performing Test CMAKE_HAVE_LIBC_PTHREAD - Success
[0.766s] -- Found Threads: TRUE  
[0.898s] -- Found base_interfaces_demo: 0.0.0 (/home/z/ws01_plumbing/src/install/base_interfaces_demo/share/base_interfaces_demo/cmake)
[0.909s] -- Found ament_lint_auto: 0.12.5 (/opt/ros/humble/share/ament_lint_auto/cmake)
[0.972s] -- Added test 'cppcheck' to perform static code analysis on C / C++ code
[0.972s] -- Configured cppcheck include dirs: $<BUILD_INTERFACE:/home/z/ws01_plumbing/src/cpp02_service/include>
[0.972s] -- Configured cppcheck exclude dirs and/or files: 
[0.973s] -- Added test 'lint_cmake' to check CMake code style
[0.974s] -- Added test 'uncrustify' to check C / C++ code style
[0.974s] -- Configured uncrustify additional arguments: 
[0.975s] -- Added test 'xmllint' to check XML markup files
[0.976s] -- Configuring done
[0.981s] -- Generating done
[0.982s] -- Build files have been written to: /home/z/ws01_plumbing/src/build/cpp02_service
[0.989s] Invoked command in '/home/z/ws01_plumbing/src/build/cpp02_service' returned '0': CMAKE_PREFIX_PATH=${CMAKE_PREFIX_PATH}:/opt/ros/humble /usr/bin/cmake /home/z/ws01_plumbing/src/cpp02_service -DCMAKE_INSTALL_PREFIX=/home/z/ws01_plumbing/src/install/cpp02_service
[0.990s] Invoking command in '/home/z/ws01_plumbing/src/build/cpp02_service': CMAKE_PREFIX_PATH=${CMAKE_PREFIX_PATH}:/opt/ros/humble /usr/bin/cmake --build /home/z/ws01_plumbing/src/build/cpp02_service -- -j4 -l4
[1.020s] [ 50%] [32mBuilding CXX object CMakeFiles/demo01_server.dir/src/demo01_server.cpp.o[0m
[6.517s] [100%] [32m[1mLinking CXX executable demo01_server[0m
[6.694s] [100%] Built target demo01_server
[6.709s] Invoked command in '/home/z/ws01_plumbing/src/build/cpp02_service' returned '0': CMAKE_PREFIX_PATH=${CMAKE_PREFIX_PATH}:/opt/ros/humble /usr/bin/cmake --build /home/z/ws01_plumbing/src/build/cpp02_service -- -j4 -l4
[6.755s] Invoking command in '/home/z/ws01_plumbing/src/build/cpp02_service': CMAKE_PREFIX_PATH=${CMAKE_PREFIX_PATH}:/opt/ros/humble /usr/bin/cmake --install /home/z/ws01_plumbing/src/build/cpp02_service
[6.763s] -- Install configuration: ""
[6.763s] -- Installing: /home/z/ws01_plumbing/src/install/cpp02_service/lib/cpp02_service/demo01_server
[6.764s] -- Set runtime path of "/home/z/ws01_plumbing/src/install/cpp02_service/lib/cpp02_service/demo01_server" to ""
[6.764s] -- Installing: /home/z/ws01_plumbing/src/install/cpp02_service/share/ament_index/resource_index/package_run_dependencies/cpp02_service
[6.764s] -- Installing: /home/z/ws01_plumbing/src/install/cpp02_service/share/ament_index/resource_index/parent_prefix_path/cpp02_service
[6.764s] -- Installing: /home/z/ws01_plumbing/src/install/cpp02_service/share/cpp02_service/environment/ament_prefix_path.sh
[6.765s] -- Installing: /home/z/ws01_plumbing/src/install/cpp02_service/share/cpp02_service/environment/ament_prefix_path.dsv
[6.765s] -- Installing: /home/z/ws01_plumbing/src/install/cpp02_service/share/cpp02_service/environment/path.sh
[6.765s] -- Installing: /home/z/ws01_plumbing/src/install/cpp02_service/share/cpp02_service/environment/path.dsv
[6.765s] -- Installing: /home/z/ws01_plumbing/src/install/cpp02_service/share/cpp02_service/local_setup.bash
[6.765s] -- Installing: /home/z/ws01_plumbing/src/install/cpp02_service/share/cpp02_service/local_setup.sh
[6.765s] -- Installing: /home/z/ws01_plumbing/src/install/cpp02_service/share/cpp02_service/local_setup.zsh
[6.765s] -- Installing: /home/z/ws01_plumbing/src/install/cpp02_service/share/cpp02_service/local_setup.dsv
[6.765s] -- Installing: /home/z/ws01_plumbing/src/install/cpp02_service/share/cpp02_service/package.dsv
[6.765s] -- Installing: /home/z/ws01_plumbing/src/install/cpp02_service/share/ament_index/resource_index/packages/cpp02_service
[6.765s] -- Installing: /home/z/ws01_plumbing/src/install/cpp02_service/share/cpp02_service/cmake/cpp02_serviceConfig.cmake
[6.765s] -- Installing: /home/z/ws01_plumbing/src/install/cpp02_service/share/cpp02_service/cmake/cpp02_serviceConfig-version.cmake
[6.765s] -- Installing: /home/z/ws01_plumbing/src/install/cpp02_service/share/cpp02_service/package.xml
[6.768s] Invoked command in '/home/z/ws01_plumbing/src/build/cpp02_service' returned '0': CMAKE_PREFIX_PATH=${CMAKE_PREFIX_PATH}:/opt/ros/humble /usr/bin/cmake --install /home/z/ws01_plumbing/src/build/cpp02_service
