[0.014s] Invoking command in '/home/z/ws01_plumbing/build/cpp02_service': AMENT_PREFIX_PATH=/home/z/ws01_plumbing/install/base_interfaces_demo:${AMENT_PREFIX_PATH} CMAKE_PREFIX_PATH=/home/z/ws01_plumbing/install/base_interfaces_demo:/opt/ros/humble LD_LIBRARY_PATH=/home/z/ws01_plumbing/install/base_interfaces_demo/lib:${LD_LIBRARY_PATH} PYTHONPATH=/home/z/ws01_plumbing/install/base_interfaces_demo/local/lib/python3.10/dist-packages:${PYTHONPATH} /usr/bin/cmake --build /home/z/ws01_plumbing/build/cpp02_service -- -j4 -l4
[0.056s] [35m[1mConsolidate compiler generated dependencies of target demo01_server[0m
[0.068s] [35m[1mConsolidate compiler generated dependencies of target demo02_client[0m
[0.083s] [ 50%] Built target demo01_server
[0.095s] [100%] Built target demo02_client
[0.108s] Invoked command in '/home/z/ws01_plumbing/build/cpp02_service' returned '0': AMENT_PREFIX_PATH=/home/z/ws01_plumbing/install/base_interfaces_demo:${AMENT_PREFIX_PATH} CMAKE_PREFIX_PATH=/home/z/ws01_plumbing/install/base_interfaces_demo:/opt/ros/humble LD_LIBRARY_PATH=/home/z/ws01_plumbing/install/base_interfaces_demo/lib:${LD_LIBRARY_PATH} PYTHONPATH=/home/z/ws01_plumbing/install/base_interfaces_demo/local/lib/python3.10/dist-packages:${PYTHONPATH} /usr/bin/cmake --build /home/z/ws01_plumbing/build/cpp02_service -- -j4 -l4
[0.128s] Invoking command in '/home/z/ws01_plumbing/build/cpp02_service': AMENT_PREFIX_PATH=/home/z/ws01_plumbing/install/base_interfaces_demo:${AMENT_PREFIX_PATH} CMAKE_PREFIX_PATH=/home/z/ws01_plumbing/install/base_interfaces_demo:/opt/ros/humble LD_LIBRARY_PATH=/home/z/ws01_plumbing/install/base_interfaces_demo/lib:${LD_LIBRARY_PATH} PYTHONPATH=/home/z/ws01_plumbing/install/base_interfaces_demo/local/lib/python3.10/dist-packages:${PYTHONPATH} /usr/bin/cmake --install /home/z/ws01_plumbing/build/cpp02_service
[0.134s] -- Install configuration: ""
[0.136s] -- Up-to-date: /home/z/ws01_plumbing/install/cpp02_service/lib/cpp02_service/demo01_server
[0.137s] -- Up-to-date: /home/z/ws01_plumbing/install/cpp02_service/lib/cpp02_service/demo02_client
[0.137s] -- Up-to-date: /home/z/ws01_plumbing/install/cpp02_service/share/ament_index/resource_index/package_run_dependencies/cpp02_service
[0.138s] -- Up-to-date: /home/z/ws01_plumbing/install/cpp02_service/share/ament_index/resource_index/parent_prefix_path/cpp02_service
[0.138s] -- Up-to-date: /home/z/ws01_plumbing/install/cpp02_service/share/cpp02_service/environment/ament_prefix_path.sh
[0.138s] -- Up-to-date: /home/z/ws01_plumbing/install/cpp02_service/share/cpp02_service/environment/ament_prefix_path.dsv
[0.138s] -- Up-to-date: /home/z/ws01_plumbing/install/cpp02_service/share/cpp02_service/environment/path.sh
[0.138s] -- Up-to-date: /home/z/ws01_plumbing/install/cpp02_service/share/cpp02_service/environment/path.dsv
[0.138s] -- Up-to-date: /home/z/ws01_plumbing/install/cpp02_service/share/cpp02_service/local_setup.bash
[0.138s] -- Up-to-date: /home/z/ws01_plumbing/install/cpp02_service/share/cpp02_service/local_setup.sh
[0.138s] -- Up-to-date: /home/z/ws01_plumbing/install/cpp02_service/share/cpp02_service/local_setup.zsh
[0.138s] -- Up-to-date: /home/z/ws01_plumbing/install/cpp02_service/share/cpp02_service/local_setup.dsv
[0.138s] -- Installing: /home/z/ws01_plumbing/install/cpp02_service/share/cpp02_service/package.dsv
[0.139s] -- Up-to-date: /home/z/ws01_plumbing/install/cpp02_service/share/ament_index/resource_index/packages/cpp02_service
[0.143s] -- Up-to-date: /home/z/ws01_plumbing/install/cpp02_service/share/cpp02_service/cmake/cpp02_serviceConfig.cmake
[0.144s] -- Up-to-date: /home/z/ws01_plumbing/install/cpp02_service/share/cpp02_service/cmake/cpp02_serviceConfig-version.cmake
[0.144s] -- Up-to-date: /home/z/ws01_plumbing/install/cpp02_service/share/cpp02_service/package.xml
[0.150s] Invoked command in '/home/z/ws01_plumbing/build/cpp02_service' returned '0': AMENT_PREFIX_PATH=/home/z/ws01_plumbing/install/base_interfaces_demo:${AMENT_PREFIX_PATH} CMAKE_PREFIX_PATH=/home/z/ws01_plumbing/install/base_interfaces_demo:/opt/ros/humble LD_LIBRARY_PATH=/home/z/ws01_plumbing/install/base_interfaces_demo/lib:${LD_LIBRARY_PATH} PYTHONPATH=/home/z/ws01_plumbing/install/base_interfaces_demo/local/lib/python3.10/dist-packages:${PYTHONPATH} /usr/bin/cmake --install /home/z/ws01_plumbing/build/cpp02_service
