[0.016s] Invoking command in '/home/z/ws01_plumbing/build/cpp03_action': AMENT_PREFIX_PATH=/home/z/ws01_plumbing/install/base_interfaces_demo:${AMENT_PREFIX_PATH} CMAKE_PREFIX_PATH=/home/z/ws01_plumbing/install/base_interfaces_demo:/opt/ros/humble LD_LIBRARY_PATH=/home/z/ws01_plumbing/install/base_interfaces_demo/lib:${LD_LIBRARY_PATH} PYTHONPATH=/home/z/ws01_plumbing/install/base_interfaces_demo/local/lib/python3.10/dist-packages:${PYTHONPATH} /usr/bin/cmake --build /home/z/ws01_plumbing/build/cpp03_action -- -j4 -l4
[0.049s] -- Found ament_cmake: 1.3.3 (/opt/ros/humble/share/ament_cmake/cmake)
[0.181s] -- Found rclcpp: 16.0.3 (/opt/ros/humble/share/rclcpp/cmake)
[0.203s] -- Found rosidl_generator_c: 3.1.4 (/opt/ros/humble/share/rosidl_generator_c/cmake)
[0.205s] -- Found rosidl_adapter: 3.1.4 (/opt/ros/humble/share/rosidl_adapter/cmake)
[0.209s] -- Found rosidl_generator_cpp: 3.1.4 (/opt/ros/humble/share/rosidl_generator_cpp/cmake)
[0.216s] -- Using all available rosidl_typesupport_c: rosidl_typesupport_fastrtps_c;rosidl_typesupport_introspection_c
[0.229s] -- Using all available rosidl_typesupport_cpp: rosidl_typesupport_fastrtps_cpp;rosidl_typesupport_introspection_cpp
[0.268s] -- Found rmw_implementation_cmake: 6.1.1 (/opt/ros/humble/share/rmw_implementation_cmake/cmake)
[0.269s] -- Found rmw_fastrtps_cpp: 6.2.2 (/opt/ros/humble/share/rmw_fastrtps_cpp/cmake)
[0.360s] -- Using RMW implementation 'rmw_fastrtps_cpp' as default
[0.471s] -- Found rclcpp_action: 16.0.3 (/opt/ros/humble/share/rclcpp_action/cmake)
[0.534s] -- Found base_interfaces_demo: 0.0.0 (/home/z/ws01_plumbing/install/base_interfaces_demo/share/base_interfaces_demo/cmake)
[0.577s] -- Found ament_lint_auto: 0.12.5 (/opt/ros/humble/share/ament_lint_auto/cmake)
[0.639s] -- Added test 'cppcheck' to perform static code analysis on C / C++ code
[0.639s] -- Configured cppcheck include dirs: $<BUILD_INTERFACE:/home/z/ws01_plumbing/src/cpp03_action/include>
[0.639s] -- Configured cppcheck exclude dirs and/or files: 
[0.639s] -- Added test 'lint_cmake' to check CMake code style
[0.639s] -- Added test 'uncrustify' to check C / C++ code style
[0.639s] -- Configured uncrustify additional arguments: 
[0.639s] -- Added test 'xmllint' to check XML markup files
[0.639s] -- Configuring done
[0.648s] -- Generating done
[0.648s] -- Build files have been written to: /home/z/ws01_plumbing/build/cpp03_action
[0.675s] [35m[1mConsolidate compiler generated dependencies of target demo01_action_server[0m
[0.683s] [ 25%] [32mBuilding CXX object CMakeFiles/demo01_action_server.dir/src/demo01_action_server.cpp.o[0m
[0.686s] [ 50%] [32mBuilding CXX object CMakeFiles/demo02_action_client.dir/src/demo02_action_client.cpp.o[0m
[3.375s] [ 75%] [32m[1mLinking CXX executable demo01_action_server[0m
[3.439s] [100%] [32m[1mLinking CXX executable demo02_action_client[0m
[3.488s] [100%] Built target demo01_action_server
[3.547s] [100%] Built target demo02_action_client
[3.554s] Invoked command in '/home/z/ws01_plumbing/build/cpp03_action' returned '0': AMENT_PREFIX_PATH=/home/z/ws01_plumbing/install/base_interfaces_demo:${AMENT_PREFIX_PATH} CMAKE_PREFIX_PATH=/home/z/ws01_plumbing/install/base_interfaces_demo:/opt/ros/humble LD_LIBRARY_PATH=/home/z/ws01_plumbing/install/base_interfaces_demo/lib:${LD_LIBRARY_PATH} PYTHONPATH=/home/z/ws01_plumbing/install/base_interfaces_demo/local/lib/python3.10/dist-packages:${PYTHONPATH} /usr/bin/cmake --build /home/z/ws01_plumbing/build/cpp03_action -- -j4 -l4
[3.571s] Invoking command in '/home/z/ws01_plumbing/build/cpp03_action': AMENT_PREFIX_PATH=/home/z/ws01_plumbing/install/base_interfaces_demo:${AMENT_PREFIX_PATH} CMAKE_PREFIX_PATH=/home/z/ws01_plumbing/install/base_interfaces_demo:/opt/ros/humble LD_LIBRARY_PATH=/home/z/ws01_plumbing/install/base_interfaces_demo/lib:${LD_LIBRARY_PATH} PYTHONPATH=/home/z/ws01_plumbing/install/base_interfaces_demo/local/lib/python3.10/dist-packages:${PYTHONPATH} /usr/bin/cmake --install /home/z/ws01_plumbing/build/cpp03_action
[3.576s] -- Install configuration: ""
[3.577s] -- Installing: /home/z/ws01_plumbing/install/cpp03_action/lib/cpp03_action/demo01_action_server
[3.578s] -- Set runtime path of "/home/z/ws01_plumbing/install/cpp03_action/lib/cpp03_action/demo01_action_server" to ""
[3.578s] -- Up-to-date: /home/z/ws01_plumbing/install/cpp03_action/share/ament_index/resource_index/package_run_dependencies/cpp03_action
[3.578s] -- Up-to-date: /home/z/ws01_plumbing/install/cpp03_action/share/ament_index/resource_index/parent_prefix_path/cpp03_action
[3.578s] -- Up-to-date: /home/z/ws01_plumbing/install/cpp03_action/share/cpp03_action/environment/ament_prefix_path.sh
[3.578s] -- Installing: /home/z/ws01_plumbing/install/cpp03_action/share/cpp03_action/environment/ament_prefix_path.dsv
[3.578s] -- Up-to-date: /home/z/ws01_plumbing/install/cpp03_action/share/cpp03_action/environment/path.sh
[3.578s] -- Installing: /home/z/ws01_plumbing/install/cpp03_action/share/cpp03_action/environment/path.dsv
[3.578s] -- Up-to-date: /home/z/ws01_plumbing/install/cpp03_action/share/cpp03_action/local_setup.bash
[3.578s] -- Up-to-date: /home/z/ws01_plumbing/install/cpp03_action/share/cpp03_action/local_setup.sh
[3.578s] -- Up-to-date: /home/z/ws01_plumbing/install/cpp03_action/share/cpp03_action/local_setup.zsh
[3.578s] -- Installing: /home/z/ws01_plumbing/install/cpp03_action/share/cpp03_action/local_setup.dsv
[3.578s] -- Installing: /home/z/ws01_plumbing/install/cpp03_action/share/cpp03_action/package.dsv
[3.579s] -- Up-to-date: /home/z/ws01_plumbing/install/cpp03_action/share/ament_index/resource_index/packages/cpp03_action
[3.579s] -- Up-to-date: /home/z/ws01_plumbing/install/cpp03_action/share/cpp03_action/cmake/cpp03_actionConfig.cmake
[3.579s] -- Up-to-date: /home/z/ws01_plumbing/install/cpp03_action/share/cpp03_action/cmake/cpp03_actionConfig-version.cmake
[3.579s] -- Up-to-date: /home/z/ws01_plumbing/install/cpp03_action/share/cpp03_action/package.xml
[3.580s] Invoked command in '/home/z/ws01_plumbing/build/cpp03_action' returned '0': AMENT_PREFIX_PATH=/home/z/ws01_plumbing/install/base_interfaces_demo:${AMENT_PREFIX_PATH} CMAKE_PREFIX_PATH=/home/z/ws01_plumbing/install/base_interfaces_demo:/opt/ros/humble LD_LIBRARY_PATH=/home/z/ws01_plumbing/install/base_interfaces_demo/lib:${LD_LIBRARY_PATH} PYTHONPATH=/home/z/ws01_plumbing/install/base_interfaces_demo/local/lib/python3.10/dist-packages:${PYTHONPATH} /usr/bin/cmake --install /home/z/ws01_plumbing/build/cpp03_action
