[0.020s] Invoking command in '/home/z/ws01_plumbing/build/cpp03_action': CMAKE_PREFIX_PATH=/home/z/ws01_plumbing/install/base_interfaces_demo:/home/z/ws01_plumbing/install/cpp04_param:/home/z/ws01_plumbing/install/cpp03_action:/home/z/ws01_plumbing/install/cpp02_service:/home/z/ws01_plumbing/install/cpp01_topic:/opt/ros/humble /usr/bin/cmake --build /home/z/ws01_plumbing/build/cpp03_action -- -j4 -l4
[0.064s] [35m[1mConsolidate compiler generated dependencies of target demo01_action_server[0m
[0.112s] [35m[1mConsolidate compiler generated dependencies of target demo02_action_client[0m
[0.113s] [ 50%] Built target demo01_action_server
[0.188s] [100%] Built target demo02_action_client
[0.241s] Invoked command in '/home/z/ws01_plumbing/build/cpp03_action' returned '0': CMAKE_PREFIX_PATH=/home/z/ws01_plumbing/install/base_interfaces_demo:/home/z/ws01_plumbing/install/cpp04_param:/home/z/ws01_plumbing/install/cpp03_action:/home/z/ws01_plumbing/install/cpp02_service:/home/z/ws01_plumbing/install/cpp01_topic:/opt/ros/humble /usr/bin/cmake --build /home/z/ws01_plumbing/build/cpp03_action -- -j4 -l4
[0.393s] Invoking command in '/home/z/ws01_plumbing/build/cpp03_action': CMAKE_PREFIX_PATH=/home/z/ws01_plumbing/install/base_interfaces_demo:/home/z/ws01_plumbing/install/cpp04_param:/home/z/ws01_plumbing/install/cpp03_action:/home/z/ws01_plumbing/install/cpp02_service:/home/z/ws01_plumbing/install/cpp01_topic:/opt/ros/humble /usr/bin/cmake --install /home/z/ws01_plumbing/build/cpp03_action
[0.406s] -- Install configuration: ""
[0.406s] -- Up-to-date: /home/z/ws01_plumbing/install/cpp03_action/lib/cpp03_action/demo01_action_server
[0.406s] -- Up-to-date: /home/z/ws01_plumbing/install/cpp03_action/share/ament_index/resource_index/package_run_dependencies/cpp03_action
[0.406s] -- Up-to-date: /home/z/ws01_plumbing/install/cpp03_action/share/ament_index/resource_index/parent_prefix_path/cpp03_action
[0.406s] -- Up-to-date: /home/z/ws01_plumbing/install/cpp03_action/share/cpp03_action/environment/ament_prefix_path.sh
[0.406s] -- Up-to-date: /home/z/ws01_plumbing/install/cpp03_action/share/cpp03_action/environment/ament_prefix_path.dsv
[0.406s] -- Up-to-date: /home/z/ws01_plumbing/install/cpp03_action/share/cpp03_action/environment/path.sh
[0.407s] -- Up-to-date: /home/z/ws01_plumbing/install/cpp03_action/share/cpp03_action/environment/path.dsv
[0.407s] -- Up-to-date: /home/z/ws01_plumbing/install/cpp03_action/share/cpp03_action/local_setup.bash
[0.407s] -- Up-to-date: /home/z/ws01_plumbing/install/cpp03_action/share/cpp03_action/local_setup.sh
[0.407s] -- Up-to-date: /home/z/ws01_plumbing/install/cpp03_action/share/cpp03_action/local_setup.zsh
[0.407s] -- Up-to-date: /home/z/ws01_plumbing/install/cpp03_action/share/cpp03_action/local_setup.dsv
[0.407s] -- Installing: /home/z/ws01_plumbing/install/cpp03_action/share/cpp03_action/package.dsv
[0.407s] -- Up-to-date: /home/z/ws01_plumbing/install/cpp03_action/share/ament_index/resource_index/packages/cpp03_action
[0.407s] -- Up-to-date: /home/z/ws01_plumbing/install/cpp03_action/share/cpp03_action/cmake/cpp03_actionConfig.cmake
[0.407s] -- Up-to-date: /home/z/ws01_plumbing/install/cpp03_action/share/cpp03_action/cmake/cpp03_actionConfig-version.cmake
[0.407s] -- Up-to-date: /home/z/ws01_plumbing/install/cpp03_action/share/cpp03_action/package.xml
[0.418s] Invoked command in '/home/z/ws01_plumbing/build/cpp03_action' returned '0': CMAKE_PREFIX_PATH=/home/z/ws01_plumbing/install/base_interfaces_demo:/home/z/ws01_plumbing/install/cpp04_param:/home/z/ws01_plumbing/install/cpp03_action:/home/z/ws01_plumbing/install/cpp02_service:/home/z/ws01_plumbing/install/cpp01_topic:/opt/ros/humble /usr/bin/cmake --install /home/z/ws01_plumbing/build/cpp03_action
