[0.012s] Invoking command in '/home/z/ws01_plumbing/build/cpp03_action': AMENT_PREFIX_PATH=/home/z/ws01_plumbing/install/base_interfaces_demo:${AMENT_PREFIX_PATH} CMAKE_PREFIX_PATH=/home/z/ws01_plumbing/install/base_interfaces_demo:/opt/ros/humble LD_LIBRARY_PATH=/home/z/ws01_plumbing/install/base_interfaces_demo/lib:${LD_LIBRARY_PATH} PYTHONPATH=/home/z/ws01_plumbing/install/base_interfaces_demo/local/lib/python3.10/dist-packages:${PYTHONPATH} /usr/bin/cmake --build /home/z/ws01_plumbing/build/cpp03_action -- -j4 -l4
[0.048s] [35m[1mConsolidate compiler generated dependencies of target demo01_action_server[0m
[0.060s] [100%] Built target demo01_action_server
[0.068s] Invoked command in '/home/z/ws01_plumbing/build/cpp03_action' returned '0': AMENT_PREFIX_PATH=/home/z/ws01_plumbing/install/base_interfaces_demo:${AMENT_PREFIX_PATH} CMAKE_PREFIX_PATH=/home/z/ws01_plumbing/install/base_interfaces_demo:/opt/ros/humble LD_LIBRARY_PATH=/home/z/ws01_plumbing/install/base_interfaces_demo/lib:${LD_LIBRARY_PATH} PYTHONPATH=/home/z/ws01_plumbing/install/base_interfaces_demo/local/lib/python3.10/dist-packages:${PYTHONPATH} /usr/bin/cmake --build /home/z/ws01_plumbing/build/cpp03_action -- -j4 -l4
[0.090s] Invoking command in '/home/z/ws01_plumbing/build/cpp03_action': AMENT_PREFIX_PATH=/home/z/ws01_plumbing/install/base_interfaces_demo:${AMENT_PREFIX_PATH} CMAKE_PREFIX_PATH=/home/z/ws01_plumbing/install/base_interfaces_demo:/opt/ros/humble LD_LIBRARY_PATH=/home/z/ws01_plumbing/install/base_interfaces_demo/lib:${LD_LIBRARY_PATH} PYTHONPATH=/home/z/ws01_plumbing/install/base_interfaces_demo/local/lib/python3.10/dist-packages:${PYTHONPATH} /usr/bin/cmake --install /home/z/ws01_plumbing/build/cpp03_action
[0.094s] -- Install configuration: ""
[0.095s] -- Up-to-date: /home/z/ws01_plumbing/install/cpp03_action/lib/cpp03_action/demo01_action_server
[0.095s] -- Up-to-date: /home/z/ws01_plumbing/install/cpp03_action/share/ament_index/resource_index/package_run_dependencies/cpp03_action
[0.095s] -- Up-to-date: /home/z/ws01_plumbing/install/cpp03_action/share/ament_index/resource_index/parent_prefix_path/cpp03_action
[0.095s] -- Up-to-date: /home/z/ws01_plumbing/install/cpp03_action/share/cpp03_action/environment/ament_prefix_path.sh
[0.095s] -- Up-to-date: /home/z/ws01_plumbing/install/cpp03_action/share/cpp03_action/environment/ament_prefix_path.dsv
[0.096s] -- Up-to-date: /home/z/ws01_plumbing/install/cpp03_action/share/cpp03_action/environment/path.sh
[0.096s] -- Up-to-date: /home/z/ws01_plumbing/install/cpp03_action/share/cpp03_action/environment/path.dsv
[0.096s] -- Up-to-date: /home/z/ws01_plumbing/install/cpp03_action/share/cpp03_action/local_setup.bash
[0.097s] -- Up-to-date: /home/z/ws01_plumbing/install/cpp03_action/share/cpp03_action/local_setup.sh
[0.097s] -- Up-to-date: /home/z/ws01_plumbing/install/cpp03_action/share/cpp03_action/local_setup.zsh
[0.097s] -- Up-to-date: /home/z/ws01_plumbing/install/cpp03_action/share/cpp03_action/local_setup.dsv
[0.097s] -- Installing: /home/z/ws01_plumbing/install/cpp03_action/share/cpp03_action/package.dsv
[0.097s] -- Up-to-date: /home/z/ws01_plumbing/install/cpp03_action/share/ament_index/resource_index/packages/cpp03_action
[0.097s] -- Up-to-date: /home/z/ws01_plumbing/install/cpp03_action/share/cpp03_action/cmake/cpp03_actionConfig.cmake
[0.097s] -- Up-to-date: /home/z/ws01_plumbing/install/cpp03_action/share/cpp03_action/cmake/cpp03_actionConfig-version.cmake
[0.097s] -- Up-to-date: /home/z/ws01_plumbing/install/cpp03_action/share/cpp03_action/package.xml
[0.098s] Invoked command in '/home/z/ws01_plumbing/build/cpp03_action' returned '0': AMENT_PREFIX_PATH=/home/z/ws01_plumbing/install/base_interfaces_demo:${AMENT_PREFIX_PATH} CMAKE_PREFIX_PATH=/home/z/ws01_plumbing/install/base_interfaces_demo:/opt/ros/humble LD_LIBRARY_PATH=/home/z/ws01_plumbing/install/base_interfaces_demo/lib:${LD_LIBRARY_PATH} PYTHONPATH=/home/z/ws01_plumbing/install/base_interfaces_demo/local/lib/python3.10/dist-packages:${PYTHONPATH} /usr/bin/cmake --install /home/z/ws01_plumbing/build/cpp03_action
