[0.244s] DEBUG:colcon:Command line arguments: ['/usr/bin/colcon', 'list', '-p', '--base-paths', '/home/z/ws01_plumbing']
[0.244s] DEBUG:colcon:Parsed command line arguments: Namespace(log_base=None, log_level=None, verb_name='list', build_base='build', ignore_user_meta=False, metas=['./colcon.meta'], base_paths=['/home/z/ws01_plumbing'], packages_ignore=None, packages_ignore_regex=None, paths=None, packages_up_to=None, packages_up_to_regex=None, packages_above=None, packages_above_and_dependencies=None, packages_above_depth=None, packages_select_by_dep=None, packages_skip_by_dep=None, packages_skip_up_to=None, packages_select_build_failed=False, packages_skip_build_finished=False, packages_select_test_failures=False, packages_skip_test_passed=False, packages_select=None, packages_skip=None, packages_select_regex=None, packages_skip_regex=None, packages_start=None, packages_end=None, allow_overriding=[], topological_order=False, names_only=False, paths_only=True, topological_graph=False, topological_graph_dot=False, topological_graph_density=False, topological_graph_legend=False, topological_graph_dot_cluster=False, topological_graph_dot_include_skipped=False, verb_parser=<colcon_defaults.argument_parser.defaults.DefaultArgumentsDecorator object at 0x7fac0eff1ba0>, verb_extension=<colcon_package_information.verb.list.ListVerb object at 0x7fac0ef951b0>, main=<bound method ListVerb.main of <colcon_package_information.verb.list.ListVerb object at 0x7fac0ef951b0>>)
[0.265s] Level 1:colcon.colcon_core.package_discovery:discover_packages(colcon_meta) check parameters
[0.265s] Level 1:colcon.colcon_core.package_discovery:discover_packages(recursive) check parameters
[0.265s] Level 1:colcon.colcon_core.package_discovery:discover_packages(ignore) check parameters
[0.265s] Level 1:colcon.colcon_core.package_discovery:discover_packages(path) check parameters
[0.265s] Level 1:colcon.colcon_core.package_discovery:discover_packages(recursive) discover
[0.265s] INFO:colcon.colcon_core.package_discovery:Crawling recursively for packages in '/home/z/ws01_plumbing'
[0.265s] Level 1:colcon.colcon_core.package_identification:_identify(/home/z/ws01_plumbing) by extensions ['ignore', 'ignore_ament_install']
[0.265s] Level 1:colcon.colcon_core.package_identification:_identify(/home/z/ws01_plumbing) by extension 'ignore'
[0.265s] Level 1:colcon.colcon_core.package_identification:_identify(/home/z/ws01_plumbing) by extension 'ignore_ament_install'
[0.265s] Level 1:colcon.colcon_core.package_identification:_identify(/home/z/ws01_plumbing) by extensions ['colcon_pkg']
[0.265s] Level 1:colcon.colcon_core.package_identification:_identify(/home/z/ws01_plumbing) by extension 'colcon_pkg'
[0.265s] Level 1:colcon.colcon_core.package_identification:_identify(/home/z/ws01_plumbing) by extensions ['colcon_meta']
[0.265s] Level 1:colcon.colcon_core.package_identification:_identify(/home/z/ws01_plumbing) by extension 'colcon_meta'
[0.265s] Level 1:colcon.colcon_core.package_identification:_identify(/home/z/ws01_plumbing) by extensions ['ros']
[0.265s] Level 1:colcon.colcon_core.package_identification:_identify(/home/z/ws01_plumbing) by extension 'ros'
[0.281s] Level 1:colcon.colcon_core.package_identification:_identify(/home/z/ws01_plumbing) by extensions ['cmake', 'python']
[0.282s] Level 1:colcon.colcon_core.package_identification:_identify(/home/z/ws01_plumbing) by extension 'cmake'
[0.282s] Level 1:colcon.colcon_core.package_identification:_identify(/home/z/ws01_plumbing) by extension 'python'
[0.282s] Level 1:colcon.colcon_core.package_identification:_identify(/home/z/ws01_plumbing) by extensions ['python_setup_py']
[0.282s] Level 1:colcon.colcon_core.package_identification:_identify(/home/z/ws01_plumbing) by extension 'python_setup_py'
[0.282s] Level 1:colcon.colcon_core.package_identification:_identify(/home/z/ws01_plumbing/build) by extensions ['ignore', 'ignore_ament_install']
[0.282s] Level 1:colcon.colcon_core.package_identification:_identify(/home/z/ws01_plumbing/build) by extension 'ignore'
[0.282s] Level 1:colcon.colcon_core.package_identification:_identify(/home/z/ws01_plumbing/build) ignored
[0.282s] Level 1:colcon.colcon_core.package_identification:_identify(/home/z/ws01_plumbing/install) by extensions ['ignore', 'ignore_ament_install']
[0.282s] Level 1:colcon.colcon_core.package_identification:_identify(/home/z/ws01_plumbing/install) by extension 'ignore'
[0.282s] Level 1:colcon.colcon_core.package_identification:_identify(/home/z/ws01_plumbing/install) ignored
[0.282s] Level 1:colcon.colcon_core.package_identification:_identify(/home/z/ws01_plumbing/log) by extensions ['ignore', 'ignore_ament_install']
[0.282s] Level 1:colcon.colcon_core.package_identification:_identify(/home/z/ws01_plumbing/log) by extension 'ignore'
[0.282s] Level 1:colcon.colcon_core.package_identification:_identify(/home/z/ws01_plumbing/log) ignored
[0.283s] Level 1:colcon.colcon_core.package_identification:_identify(/home/z/ws01_plumbing/src) by extensions ['ignore', 'ignore_ament_install']
[0.283s] Level 1:colcon.colcon_core.package_identification:_identify(/home/z/ws01_plumbing/src) by extension 'ignore'
[0.283s] Level 1:colcon.colcon_core.package_identification:_identify(/home/z/ws01_plumbing/src) by extension 'ignore_ament_install'
[0.283s] Level 1:colcon.colcon_core.package_identification:_identify(/home/z/ws01_plumbing/src) by extensions ['colcon_pkg']
[0.283s] Level 1:colcon.colcon_core.package_identification:_identify(/home/z/ws01_plumbing/src) by extension 'colcon_pkg'
[0.283s] Level 1:colcon.colcon_core.package_identification:_identify(/home/z/ws01_plumbing/src) by extensions ['colcon_meta']
[0.283s] Level 1:colcon.colcon_core.package_identification:_identify(/home/z/ws01_plumbing/src) by extension 'colcon_meta'
[0.283s] Level 1:colcon.colcon_core.package_identification:_identify(/home/z/ws01_plumbing/src) by extensions ['ros']
[0.283s] Level 1:colcon.colcon_core.package_identification:_identify(/home/z/ws01_plumbing/src) by extension 'ros'
[0.283s] Level 1:colcon.colcon_core.package_identification:_identify(/home/z/ws01_plumbing/src) by extensions ['cmake', 'python']
[0.283s] Level 1:colcon.colcon_core.package_identification:_identify(/home/z/ws01_plumbing/src) by extension 'cmake'
[0.283s] Level 1:colcon.colcon_core.package_identification:_identify(/home/z/ws01_plumbing/src) by extension 'python'
[0.283s] Level 1:colcon.colcon_core.package_identification:_identify(/home/z/ws01_plumbing/src) by extensions ['python_setup_py']
[0.284s] Level 1:colcon.colcon_core.package_identification:_identify(/home/z/ws01_plumbing/src) by extension 'python_setup_py'
[0.284s] Level 1:colcon.colcon_core.package_identification:_identify(/home/z/ws01_plumbing/src/base_interfaces_demo) by extensions ['ignore', 'ignore_ament_install']
[0.284s] Level 1:colcon.colcon_core.package_identification:_identify(/home/z/ws01_plumbing/src/base_interfaces_demo) by extension 'ignore'
[0.284s] Level 1:colcon.colcon_core.package_identification:_identify(/home/z/ws01_plumbing/src/base_interfaces_demo) by extension 'ignore_ament_install'
[0.284s] Level 1:colcon.colcon_core.package_identification:_identify(/home/z/ws01_plumbing/src/base_interfaces_demo) by extensions ['colcon_pkg']
[0.284s] Level 1:colcon.colcon_core.package_identification:_identify(/home/z/ws01_plumbing/src/base_interfaces_demo) by extension 'colcon_pkg'
[0.284s] Level 1:colcon.colcon_core.package_identification:_identify(/home/z/ws01_plumbing/src/base_interfaces_demo) by extensions ['colcon_meta']
[0.284s] Level 1:colcon.colcon_core.package_identification:_identify(/home/z/ws01_plumbing/src/base_interfaces_demo) by extension 'colcon_meta'
[0.284s] Level 1:colcon.colcon_core.package_identification:_identify(/home/z/ws01_plumbing/src/base_interfaces_demo) by extensions ['ros']
[0.284s] Level 1:colcon.colcon_core.package_identification:_identify(/home/z/ws01_plumbing/src/base_interfaces_demo) by extension 'ros'
[0.286s] DEBUG:colcon.colcon_core.package_identification:Package '/home/z/ws01_plumbing/src/base_interfaces_demo' with type 'ros.ament_cmake' and name 'base_interfaces_demo'
[0.286s] Level 1:colcon.colcon_core.package_discovery:discover_packages(recursive) using defaults
