[0.010s] Invoking command in '/home/z/ws01_plumbing/build/cpp01_topic': CMAKE_PREFIX_PATH=/home/z/ws01_plumbing/install/base_interfaces_demo:/home/z/ws01_plumbing/install/cpp01_topic:/opt/ros/humble /usr/bin/cmake --build /home/z/ws01_plumbing/build/cpp01_topic -- -j4 -l4
[0.034s] -- Found ament_cmake: 1.3.3 (/opt/ros/humble/share/ament_cmake/cmake)
[0.130s] -- Found rclcpp: 16.0.3 (/opt/ros/humble/share/rclcpp/cmake)
[0.165s] -- Found rosidl_generator_c: 3.1.4 (/opt/ros/humble/share/rosidl_generator_c/cmake)
[0.167s] -- Found rosidl_adapter: 3.1.4 (/opt/ros/humble/share/rosidl_adapter/cmake)
[0.171s] -- Found rosidl_generator_cpp: 3.1.4 (/opt/ros/humble/share/rosidl_generator_cpp/cmake)
[0.178s] -- Using all available rosidl_typesupport_c: rosidl_typesupport_fastrtps_c;rosidl_typesupport_introspection_c
[0.187s] -- Using all available rosidl_typesupport_cpp: rosidl_typesupport_fastrtps_cpp;rosidl_typesupport_introspection_cpp
[0.244s] -- Found rmw_implementation_cmake: 6.1.1 (/opt/ros/humble/share/rmw_implementation_cmake/cmake)
[0.246s] -- Found rmw_fastrtps_cpp: 6.2.2 (/opt/ros/humble/share/rmw_fastrtps_cpp/cmake)
[0.336s] -- Using RMW implementation 'rmw_fastrtps_cpp' as default
[0.470s] -- Found base_interfaces_demo: 0.0.0 (/home/z/ws01_plumbing/install/base_interfaces_demo/share/base_interfaces_demo/cmake)
[0.480s] -- Found ament_lint_auto: 0.12.5 (/opt/ros/humble/share/ament_lint_auto/cmake)
[0.531s] -- Added test 'cppcheck' to perform static code analysis on C / C++ code
[0.532s] -- Configured cppcheck include dirs: $<BUILD_INTERFACE:/home/z/ws01_plumbing/src/cpp01_topic/include>
[0.532s] -- Configured cppcheck exclude dirs and/or files: 
[0.534s] -- Added test 'lint_cmake' to check CMake code style
[0.534s] -- Added test 'uncrustify' to check C / C++ code style
[0.534s] -- Configured uncrustify additional arguments: 
[0.534s] -- Added test 'xmllint' to check XML markup files
[0.536s] -- Configuring done
[0.547s] -- Generating done
[0.548s] -- Build files have been written to: /home/z/ws01_plumbing/build/cpp01_topic
[0.565s] [35m[1mConsolidate compiler generated dependencies of target demo02_listener_str[0m
[0.565s] [35m[1mConsolidate compiler generated dependencies of target demo01_talker_str[0m
[0.575s] [ 25%] [32mBuilding CXX object CMakeFiles/demo01_talker_str.dir/src/demo01_talker_str.cpp.o[0m
[0.577s] [ 50%] [32mBuilding CXX object CMakeFiles/demo02_listener_str.dir/src/demo02_listener_str.cpp.o[0m
[6.676s] [ 75%] [32m[1mLinking CXX executable demo01_talker_str[0m
[6.835s] [ 75%] Built target demo01_talker_str
[9.284s] [100%] [32m[1mLinking CXX executable demo02_listener_str[0m
[9.535s] [100%] Built target demo02_listener_str
[9.542s] Invoked command in '/home/z/ws01_plumbing/build/cpp01_topic' returned '0': CMAKE_PREFIX_PATH=/home/z/ws01_plumbing/install/base_interfaces_demo:/home/z/ws01_plumbing/install/cpp01_topic:/opt/ros/humble /usr/bin/cmake --build /home/z/ws01_plumbing/build/cpp01_topic -- -j4 -l4
[9.558s] Invoking command in '/home/z/ws01_plumbing/build/cpp01_topic': CMAKE_PREFIX_PATH=/home/z/ws01_plumbing/install/base_interfaces_demo:/home/z/ws01_plumbing/install/cpp01_topic:/opt/ros/humble /usr/bin/cmake --install /home/z/ws01_plumbing/build/cpp01_topic
[9.562s] -- Install configuration: ""
[9.567s] -- Installing: /home/z/ws01_plumbing/install/cpp01_topic/lib/cpp01_topic/demo01_talker_str
[9.568s] -- Set runtime path of "/home/z/ws01_plumbing/install/cpp01_topic/lib/cpp01_topic/demo01_talker_str" to ""
[9.569s] -- Installing: /home/z/ws01_plumbing/install/cpp01_topic/lib/cpp01_topic/demo02_listener_str
[9.571s] -- Set runtime path of "/home/z/ws01_plumbing/install/cpp01_topic/lib/cpp01_topic/demo02_listener_str" to ""
[9.571s] -- Up-to-date: /home/z/ws01_plumbing/install/cpp01_topic/share/ament_index/resource_index/package_run_dependencies/cpp01_topic
[9.571s] -- Up-to-date: /home/z/ws01_plumbing/install/cpp01_topic/share/ament_index/resource_index/parent_prefix_path/cpp01_topic
[9.571s] -- Up-to-date: /home/z/ws01_plumbing/install/cpp01_topic/share/cpp01_topic/environment/ament_prefix_path.sh
[9.571s] -- Installing: /home/z/ws01_plumbing/install/cpp01_topic/share/cpp01_topic/environment/ament_prefix_path.dsv
[9.571s] -- Up-to-date: /home/z/ws01_plumbing/install/cpp01_topic/share/cpp01_topic/environment/path.sh
[9.571s] -- Installing: /home/z/ws01_plumbing/install/cpp01_topic/share/cpp01_topic/environment/path.dsv
[9.571s] -- Up-to-date: /home/z/ws01_plumbing/install/cpp01_topic/share/cpp01_topic/local_setup.bash
[9.571s] -- Up-to-date: /home/z/ws01_plumbing/install/cpp01_topic/share/cpp01_topic/local_setup.sh
[9.571s] -- Up-to-date: /home/z/ws01_plumbing/install/cpp01_topic/share/cpp01_topic/local_setup.zsh
[9.571s] -- Installing: /home/z/ws01_plumbing/install/cpp01_topic/share/cpp01_topic/local_setup.dsv
[9.571s] -- Installing: /home/z/ws01_plumbing/install/cpp01_topic/share/cpp01_topic/package.dsv
[9.571s] -- Up-to-date: /home/z/ws01_plumbing/install/cpp01_topic/share/ament_index/resource_index/packages/cpp01_topic
[9.572s] -- Up-to-date: /home/z/ws01_plumbing/install/cpp01_topic/share/cpp01_topic/cmake/cpp01_topicConfig.cmake
[9.572s] -- Up-to-date: /home/z/ws01_plumbing/install/cpp01_topic/share/cpp01_topic/cmake/cpp01_topicConfig-version.cmake
[9.572s] -- Up-to-date: /home/z/ws01_plumbing/install/cpp01_topic/share/cpp01_topic/package.xml
[9.574s] Invoked command in '/home/z/ws01_plumbing/build/cpp01_topic' returned '0': CMAKE_PREFIX_PATH=/home/z/ws01_plumbing/install/base_interfaces_demo:/home/z/ws01_plumbing/install/cpp01_topic:/opt/ros/humble /usr/bin/cmake --install /home/z/ws01_plumbing/build/cpp01_topic
