[0.008s] Invoking command in '/home/z/ws01_plumbing/src/build/base_interfaces_demo': CMAKE_PREFIX_PATH=/opt/ros/humble /usr/bin/cmake /home/z/ws01_plumbing/src/base_interfaces_demo -DCMAKE_INSTALL_PREFIX=/home/z/ws01_plumbing/src/install/base_interfaces_demo
[0.022s] -- Found ament_cmake: 1.3.3 (/opt/ros/humble/share/ament_cmake/cmake)
[0.115s] -- Found rosidl_default_generators: 1.2.0 (/opt/ros/humble/share/rosidl_default_generators/cmake)
[0.116s] -- Using all available rosidl_typesupport_c: rosidl_typesupport_fastrtps_c;rosidl_typesupport_introspection_c
[0.118s] -- Found rosidl_adapter: 3.1.4 (/opt/ros/humble/share/rosidl_adapter/cmake)
[0.138s] -- Using all available rosidl_typesupport_cpp: rosidl_typesupport_fastrtps_cpp;rosidl_typesupport_introspection_cpp
[0.264s] [31mCMake Error at /opt/ros/humble/share/rosidl_adapter/cmake/rosidl_adapt_interfaces.cmake:59 (message):
[0.264s]   execute_process(/usr/bin/python3.10 -m rosidl_adapter --package-name
[0.264s]   base_interfaces_demo --arguments-file
[0.264s]   /home/z/ws01_plumbing/src/build/base_interfaces_demo/rosidl_adapter__arguments__base_interfaces_demo.json
[0.264s]   --output-dir
[0.264s]   /home/z/ws01_plumbing/src/build/base_interfaces_demo/rosidl_adapter/base_interfaces_demo
[0.264s]   --output-file
[0.264s]   /home/z/ws01_plumbing/src/build/base_interfaces_demo/rosidl_adapter/base_interfaces_demo.idls)
[0.264s]   returned error code 1:
[0.264s] 
[0.264s]   Traceback (most recent call last):
[0.264s] 
[0.264s]     File "/usr/lib/python3.10/runpy.py", line 196, in _run_module_as_main
[0.264s]       return _run_code(code, main_globals, None,
[0.264s]     File "/usr/lib/python3.10/runpy.py", line 86, in _run_code
[0.264s]       exec(code, run_globals)
[0.264s]     File "/opt/ros/humble/local/lib/python3.10/dist-packages/rosidl_adapter/__main__.py", line 19, in <module>
[0.264s]       sys.exit(main())
[0.264s]     File "/opt/ros/humble/local/lib/python3.10/dist-packages/rosidl_adapter/main.py", line 53, in main
[0.264s]       abs_idl_file = convert_to_idl(
[0.264s]     File "/opt/ros/humble/local/lib/python3.10/dist-packages/rosidl_adapter/__init__.py", line 24, in convert_to_idl
[0.264s]       return convert_srv_to_idl(
[0.264s]     File "/opt/ros/humble/local/lib/python3.10/dist-packages/rosidl_adapter/srv/__init__.py", line 28, in convert_srv_to_idl
[0.264s]       srv = parse_service_string(package_name, input_file.stem, content)
[0.264s]     File "/opt/ros/humble/local/lib/python3.10/dist-packages/rosidl_adapter/parser.py", line 850, in parse_service_string
[0.264s]       raise InvalidServiceSpecification(
[0.264s] 
[0.264s]   rosidl_adapter.parser.InvalidServiceSpecification: Could not find separator
[0.265s]   '---' between request and response
[0.265s] 
[0.265s] Call Stack (most recent call first):
[0.265s]   /opt/ros/humble/share/rosidl_cmake/cmake/rosidl_generate_interfaces.cmake:130 (rosidl_adapt_interfaces)
[0.265s]   CMakeLists.txt:15 (rosidl_generate_interfaces)
[0.265s] 
[0.265s] [0m
[0.265s] -- Configuring incomplete, errors occurred!
[0.265s] See also "/home/z/ws01_plumbing/src/build/base_interfaces_demo/CMakeFiles/CMakeOutput.log".
[0.268s] Invoked command in '/home/z/ws01_plumbing/src/build/base_interfaces_demo' returned '1': CMAKE_PREFIX_PATH=/opt/ros/humble /usr/bin/cmake /home/z/ws01_plumbing/src/base_interfaces_demo -DCMAKE_INSTALL_PREFIX=/home/z/ws01_plumbing/src/install/base_interfaces_demo
