[0.185s] DEBUG:colcon:Command line arguments: ['/usr/bin/colcon', 'build', '--packages-select', 'cpp02_service']
[0.185s] DEBUG:colcon:Parsed command line arguments: Namespace(log_base=None, log_level=None, verb_name='build', build_base='build', install_base='install', merge_install=False, symlink_install=False, test_result_base=None, continue_on_error=False, executor='parallel', parallel_workers=4, event_handlers=None, ignore_user_meta=False, metas=['./colcon.meta'], base_paths=['.'], packages_ignore=None, packages_ignore_regex=None, paths=None, packages_up_to=None, packages_up_to_regex=None, packages_above=None, packages_above_and_dependencies=None, packages_above_depth=None, packages_select_by_dep=None, packages_skip_by_dep=None, packages_skip_up_to=None, packages_select_build_failed=False, packages_skip_build_finished=False, packages_select_test_failures=False, packages_skip_test_passed=False, packages_select=['cpp02_service'], packages_skip=None, packages_select_regex=None, packages_skip_regex=None, packages_start=None, packages_end=None, allow_overriding=[], cmake_args=None, cmake_target=None, cmake_target_skip_unavailable=False, cmake_clean_cache=False, cmake_clean_first=False, cmake_force_configure=False, ament_cmake_args=None, catkin_cmake_args=None, catkin_skip_building_tests=False, verb_parser=<colcon_defaults.argument_parser.defaults.DefaultArgumentsDecorator object at 0x7f7231cc5570>, verb_extension=<colcon_core.verb.build.BuildVerb object at 0x7f72325331f0>, main=<bound method BuildVerb.main of <colcon_core.verb.build.BuildVerb object at 0x7f72325331f0>>)
[0.206s] Level 1:colcon.colcon_core.package_discovery:discover_packages(colcon_meta) check parameters
[0.206s] Level 1:colcon.colcon_core.package_discovery:discover_packages(recursive) check parameters
[0.206s] Level 1:colcon.colcon_core.package_discovery:discover_packages(ignore) check parameters
[0.206s] Level 1:colcon.colcon_core.package_discovery:discover_packages(path) check parameters
[0.206s] Level 1:colcon.colcon_core.package_discovery:discover_packages(colcon_meta) discover
[0.206s] Level 1:colcon.colcon_core.package_discovery:discover_packages(recursive) discover
[0.206s] INFO:colcon.colcon_core.package_discovery:Crawling recursively for packages in '/home/z/ws01_plumbing'
[0.206s] Level 1:colcon.colcon_core.package_identification:_identify(.) by extensions ['ignore', 'ignore_ament_install']
[0.206s] Level 1:colcon.colcon_core.package_identification:_identify(.) by extension 'ignore'
[0.206s] Level 1:colcon.colcon_core.package_identification:_identify(.) by extension 'ignore_ament_install'
[0.206s] Level 1:colcon.colcon_core.package_identification:_identify(.) by extensions ['colcon_pkg']
[0.206s] Level 1:colcon.colcon_core.package_identification:_identify(.) by extension 'colcon_pkg'
[0.206s] Level 1:colcon.colcon_core.package_identification:_identify(.) by extensions ['colcon_meta']
[0.206s] Level 1:colcon.colcon_core.package_identification:_identify(.) by extension 'colcon_meta'
[0.206s] Level 1:colcon.colcon_core.package_identification:_identify(.) by extensions ['ros']
[0.206s] Level 1:colcon.colcon_core.package_identification:_identify(.) by extension 'ros'
[0.214s] Level 1:colcon.colcon_core.package_identification:_identify(.) by extensions ['cmake', 'python']
[0.215s] Level 1:colcon.colcon_core.package_identification:_identify(.) by extension 'cmake'
[0.215s] Level 1:colcon.colcon_core.package_identification:_identify(.) by extension 'python'
[0.215s] Level 1:colcon.colcon_core.package_identification:_identify(.) by extensions ['python_setup_py']
[0.215s] Level 1:colcon.colcon_core.package_identification:_identify(.) by extension 'python_setup_py'
[0.215s] Level 1:colcon.colcon_core.package_identification:_identify(build) by extensions ['ignore', 'ignore_ament_install']
[0.215s] Level 1:colcon.colcon_core.package_identification:_identify(build) by extension 'ignore'
[0.215s] Level 1:colcon.colcon_core.package_identification:_identify(build) ignored
[0.215s] Level 1:colcon.colcon_core.package_identification:_identify(install) by extensions ['ignore', 'ignore_ament_install']
[0.215s] Level 1:colcon.colcon_core.package_identification:_identify(install) by extension 'ignore'
[0.215s] Level 1:colcon.colcon_core.package_identification:_identify(install) ignored
[0.215s] Level 1:colcon.colcon_core.package_identification:_identify(log) by extensions ['ignore', 'ignore_ament_install']
[0.215s] Level 1:colcon.colcon_core.package_identification:_identify(log) by extension 'ignore'
[0.215s] Level 1:colcon.colcon_core.package_identification:_identify(log) ignored
[0.215s] Level 1:colcon.colcon_core.package_identification:_identify(src) by extensions ['ignore', 'ignore_ament_install']
[0.215s] Level 1:colcon.colcon_core.package_identification:_identify(src) by extension 'ignore'
[0.216s] Level 1:colcon.colcon_core.package_identification:_identify(src) by extension 'ignore_ament_install'
[0.216s] Level 1:colcon.colcon_core.package_identification:_identify(src) by extensions ['colcon_pkg']
[0.216s] Level 1:colcon.colcon_core.package_identification:_identify(src) by extension 'colcon_pkg'
[0.216s] Level 1:colcon.colcon_core.package_identification:_identify(src) by extensions ['colcon_meta']
[0.216s] Level 1:colcon.colcon_core.package_identification:_identify(src) by extension 'colcon_meta'
[0.216s] Level 1:colcon.colcon_core.package_identification:_identify(src) by extensions ['ros']
[0.216s] Level 1:colcon.colcon_core.package_identification:_identify(src) by extension 'ros'
[0.216s] Level 1:colcon.colcon_core.package_identification:_identify(src) by extensions ['cmake', 'python']
[0.216s] Level 1:colcon.colcon_core.package_identification:_identify(src) by extension 'cmake'
[0.216s] Level 1:colcon.colcon_core.package_identification:_identify(src) by extension 'python'
[0.216s] Level 1:colcon.colcon_core.package_identification:_identify(src) by extensions ['python_setup_py']
[0.216s] Level 1:colcon.colcon_core.package_identification:_identify(src) by extension 'python_setup_py'
[0.216s] Level 1:colcon.colcon_core.package_identification:_identify(src/base_interfaces_demo) by extensions ['ignore', 'ignore_ament_install']
[0.216s] Level 1:colcon.colcon_core.package_identification:_identify(src/base_interfaces_demo) by extension 'ignore'
[0.216s] Level 1:colcon.colcon_core.package_identification:_identify(src/base_interfaces_demo) by extension 'ignore_ament_install'
[0.216s] Level 1:colcon.colcon_core.package_identification:_identify(src/base_interfaces_demo) by extensions ['colcon_pkg']
[0.216s] Level 1:colcon.colcon_core.package_identification:_identify(src/base_interfaces_demo) by extension 'colcon_pkg'
[0.216s] Level 1:colcon.colcon_core.package_identification:_identify(src/base_interfaces_demo) by extensions ['colcon_meta']
[0.216s] Level 1:colcon.colcon_core.package_identification:_identify(src/base_interfaces_demo) by extension 'colcon_meta'
[0.216s] Level 1:colcon.colcon_core.package_identification:_identify(src/base_interfaces_demo) by extensions ['ros']
[0.216s] Level 1:colcon.colcon_core.package_identification:_identify(src/base_interfaces_demo) by extension 'ros'
[0.218s] DEBUG:colcon.colcon_core.package_identification:Package 'src/base_interfaces_demo' with type 'ros.ament_cmake' and name 'base_interfaces_demo'
[0.218s] Level 1:colcon.colcon_core.package_identification:_identify(src/build) by extensions ['ignore', 'ignore_ament_install']
[0.218s] Level 1:colcon.colcon_core.package_identification:_identify(src/build) by extension 'ignore'
[0.218s] Level 1:colcon.colcon_core.package_identification:_identify(src/build) ignored
[0.218s] Level 1:colcon.colcon_core.package_identification:_identify(src/cpp01_topic) by extensions ['ignore', 'ignore_ament_install']
[0.218s] Level 1:colcon.colcon_core.package_identification:_identify(src/cpp01_topic) by extension 'ignore'
[0.218s] Level 1:colcon.colcon_core.package_identification:_identify(src/cpp01_topic) by extension 'ignore_ament_install'
[0.218s] Level 1:colcon.colcon_core.package_identification:_identify(src/cpp01_topic) by extensions ['colcon_pkg']
[0.218s] Level 1:colcon.colcon_core.package_identification:_identify(src/cpp01_topic) by extension 'colcon_pkg'
[0.218s] Level 1:colcon.colcon_core.package_identification:_identify(src/cpp01_topic) by extensions ['colcon_meta']
[0.218s] Level 1:colcon.colcon_core.package_identification:_identify(src/cpp01_topic) by extension 'colcon_meta'
[0.218s] Level 1:colcon.colcon_core.package_identification:_identify(src/cpp01_topic) by extensions ['ros']
[0.218s] Level 1:colcon.colcon_core.package_identification:_identify(src/cpp01_topic) by extension 'ros'
[0.219s] DEBUG:colcon.colcon_core.package_identification:Package 'src/cpp01_topic' with type 'ros.ament_cmake' and name 'cpp01_topic'
[0.219s] Level 1:colcon.colcon_core.package_identification:_identify(src/cpp02_service) by extensions ['ignore', 'ignore_ament_install']
[0.219s] Level 1:colcon.colcon_core.package_identification:_identify(src/cpp02_service) by extension 'ignore'
[0.219s] Level 1:colcon.colcon_core.package_identification:_identify(src/cpp02_service) by extension 'ignore_ament_install'
[0.219s] Level 1:colcon.colcon_core.package_identification:_identify(src/cpp02_service) by extensions ['colcon_pkg']
[0.219s] Level 1:colcon.colcon_core.package_identification:_identify(src/cpp02_service) by extension 'colcon_pkg'
[0.219s] Level 1:colcon.colcon_core.package_identification:_identify(src/cpp02_service) by extensions ['colcon_meta']
[0.219s] Level 1:colcon.colcon_core.package_identification:_identify(src/cpp02_service) by extension 'colcon_meta'
[0.219s] Level 1:colcon.colcon_core.package_identification:_identify(src/cpp02_service) by extensions ['ros']
[0.219s] Level 1:colcon.colcon_core.package_identification:_identify(src/cpp02_service) by extension 'ros'
[0.220s] DEBUG:colcon.colcon_core.package_identification:Package 'src/cpp02_service' with type 'ros.ament_cmake' and name 'cpp02_service'
[0.220s] Level 1:colcon.colcon_core.package_identification:_identify(src/install) by extensions ['ignore', 'ignore_ament_install']
[0.220s] Level 1:colcon.colcon_core.package_identification:_identify(src/install) by extension 'ignore'
[0.220s] Level 1:colcon.colcon_core.package_identification:_identify(src/install) ignored
[0.220s] Level 1:colcon.colcon_core.package_identification:_identify(src/log) by extensions ['ignore', 'ignore_ament_install']
[0.220s] Level 1:colcon.colcon_core.package_identification:_identify(src/log) by extension 'ignore'
[0.220s] Level 1:colcon.colcon_core.package_identification:_identify(src/log) ignored
[0.220s] Level 1:colcon.colcon_core.package_discovery:discover_packages(recursive) using defaults
[0.220s] Level 1:colcon.colcon_core.package_discovery:discover_packages(ignore) discover
[0.220s] Level 1:colcon.colcon_core.package_discovery:discover_packages(ignore) using defaults
[0.220s] Level 1:colcon.colcon_core.package_discovery:discover_packages(path) discover
[0.220s] Level 1:colcon.colcon_core.package_discovery:discover_packages(path) using defaults
[0.235s] INFO:colcon.colcon_core.package_selection:Skipping not selected package 'base_interfaces_demo' in 'src/base_interfaces_demo'
[0.235s] INFO:colcon.colcon_core.package_selection:Skipping not selected package 'cpp01_topic' in 'src/cpp01_topic'
[0.236s] Level 1:colcon.colcon_core.package_discovery:discover_packages(prefix_path) check parameters
[0.236s] Level 1:colcon.colcon_core.package_discovery:discover_packages(prefix_path) discover
[0.238s] DEBUG:colcon.colcon_installed_package_information.package_discovery:Found 3 installed packages in /home/z/ws01_plumbing/src/install
[0.239s] DEBUG:colcon.colcon_installed_package_information.package_discovery:Found 270 installed packages in /opt/ros/humble
[0.240s] Level 1:colcon.colcon_core.package_discovery:discover_packages(prefix_path) using defaults
[0.274s] Level 5:colcon.colcon_core.verb:set package 'cpp02_service' build argument 'cmake_args' from command line to 'None'
[0.274s] Level 5:colcon.colcon_core.verb:set package 'cpp02_service' build argument 'cmake_target' from command line to 'None'
[0.274s] Level 5:colcon.colcon_core.verb:set package 'cpp02_service' build argument 'cmake_target_skip_unavailable' from command line to 'False'
[0.274s] Level 5:colcon.colcon_core.verb:set package 'cpp02_service' build argument 'cmake_clean_cache' from command line to 'False'
[0.274s] Level 5:colcon.colcon_core.verb:set package 'cpp02_service' build argument 'cmake_clean_first' from command line to 'False'
[0.274s] Level 5:colcon.colcon_core.verb:set package 'cpp02_service' build argument 'cmake_force_configure' from command line to 'False'
[0.274s] Level 5:colcon.colcon_core.verb:set package 'cpp02_service' build argument 'ament_cmake_args' from command line to 'None'
[0.274s] Level 5:colcon.colcon_core.verb:set package 'cpp02_service' build argument 'catkin_cmake_args' from command line to 'None'
[0.274s] Level 5:colcon.colcon_core.verb:set package 'cpp02_service' build argument 'catkin_skip_building_tests' from command line to 'False'
[0.274s] DEBUG:colcon.colcon_core.verb:Building package 'cpp02_service' with the following arguments: {'ament_cmake_args': None, 'build_base': '/home/z/ws01_plumbing/build/cpp02_service', 'catkin_cmake_args': None, 'catkin_skip_building_tests': False, 'cmake_args': None, 'cmake_clean_cache': False, 'cmake_clean_first': False, 'cmake_force_configure': False, 'cmake_target': None, 'cmake_target_skip_unavailable': False, 'install_base': '/home/z/ws01_plumbing/install/cpp02_service', 'merge_install': False, 'path': '/home/z/ws01_plumbing/src/cpp02_service', 'symlink_install': False, 'test_result_base': None}
[0.274s] INFO:colcon.colcon_core.executor:Executing jobs using 'parallel' executor
[0.276s] DEBUG:colcon.colcon_parallel_executor.executor.parallel:run_until_complete
[0.277s] INFO:colcon.colcon_ros.task.ament_cmake.build:Building ROS package in '/home/z/ws01_plumbing/src/cpp02_service' with build type 'ament_cmake'
[0.277s] INFO:colcon.colcon_cmake.task.cmake.build:Building CMake package in '/home/z/ws01_plumbing/src/cpp02_service'
[0.280s] INFO:colcon.colcon_core.plugin_system:Skipping extension 'colcon_core.shell.bat': Not used on non-Windows systems
[0.280s] INFO:colcon.colcon_core.shell:Skip shell extension 'powershell' for command environment: Not usable outside of PowerShell
[0.280s] DEBUG:colcon.colcon_core.shell:Skip shell extension 'dsv' for command environment
[0.291s] DEBUG:colcon.colcon_core.event_handler.log_command:Invoking command in '/home/z/ws01_plumbing/build/cpp02_service': AMENT_PREFIX_PATH=/home/z/ws01_plumbing/install/base_interfaces_demo:${AMENT_PREFIX_PATH} CMAKE_PREFIX_PATH=/home/z/ws01_plumbing/install/base_interfaces_demo:/home/z/ws01_plumbing/src/install/base_interfaces_demo:/opt/ros/humble LD_LIBRARY_PATH=/home/z/ws01_plumbing/install/base_interfaces_demo/lib:${LD_LIBRARY_PATH} PYTHONPATH=/home/z/ws01_plumbing/install/base_interfaces_demo/local/lib/python3.10/dist-packages:${PYTHONPATH} /usr/bin/cmake --build /home/z/ws01_plumbing/build/cpp02_service -- -j4 -l4
[3.166s] DEBUG:colcon.colcon_core.event_handler.log_command:Invoked command in '/home/z/ws01_plumbing/build/cpp02_service' returned '0': AMENT_PREFIX_PATH=/home/z/ws01_plumbing/install/base_interfaces_demo:${AMENT_PREFIX_PATH} CMAKE_PREFIX_PATH=/home/z/ws01_plumbing/install/base_interfaces_demo:/home/z/ws01_plumbing/src/install/base_interfaces_demo:/opt/ros/humble LD_LIBRARY_PATH=/home/z/ws01_plumbing/install/base_interfaces_demo/lib:${LD_LIBRARY_PATH} PYTHONPATH=/home/z/ws01_plumbing/install/base_interfaces_demo/local/lib/python3.10/dist-packages:${PYTHONPATH} /usr/bin/cmake --build /home/z/ws01_plumbing/build/cpp02_service -- -j4 -l4
[3.191s] DEBUG:colcon.colcon_core.event_handler.log_command:Invoking command in '/home/z/ws01_plumbing/build/cpp02_service': AMENT_PREFIX_PATH=/home/z/ws01_plumbing/install/base_interfaces_demo:${AMENT_PREFIX_PATH} CMAKE_PREFIX_PATH=/home/z/ws01_plumbing/install/base_interfaces_demo:/home/z/ws01_plumbing/src/install/base_interfaces_demo:/opt/ros/humble LD_LIBRARY_PATH=/home/z/ws01_plumbing/install/base_interfaces_demo/lib:${LD_LIBRARY_PATH} PYTHONPATH=/home/z/ws01_plumbing/install/base_interfaces_demo/local/lib/python3.10/dist-packages:${PYTHONPATH} /usr/bin/cmake --install /home/z/ws01_plumbing/build/cpp02_service
[3.200s] Level 1:colcon.colcon_core.environment:create_environment_scripts_only(cpp02_service)
[3.204s] Level 1:colcon.colcon_core.environment:checking '/home/z/ws01_plumbing/install/cpp02_service' for CMake module files
[3.205s] Level 1:colcon.colcon_core.environment:checking '/home/z/ws01_plumbing/install/cpp02_service' for CMake config files
[3.205s] Level 1:colcon.colcon_core.shell:create_environment_hook('cpp02_service', 'cmake_prefix_path')
[3.206s] INFO:colcon.colcon_core.shell:Creating environment hook '/home/z/ws01_plumbing/install/cpp02_service/share/cpp02_service/hook/cmake_prefix_path.ps1'
[3.207s] DEBUG:colcon.colcon_core.event_handler.log_command:Invoked command in '/home/z/ws01_plumbing/build/cpp02_service' returned '0': AMENT_PREFIX_PATH=/home/z/ws01_plumbing/install/base_interfaces_demo:${AMENT_PREFIX_PATH} CMAKE_PREFIX_PATH=/home/z/ws01_plumbing/install/base_interfaces_demo:/home/z/ws01_plumbing/src/install/base_interfaces_demo:/opt/ros/humble LD_LIBRARY_PATH=/home/z/ws01_plumbing/install/base_interfaces_demo/lib:${LD_LIBRARY_PATH} PYTHONPATH=/home/z/ws01_plumbing/install/base_interfaces_demo/local/lib/python3.10/dist-packages:${PYTHONPATH} /usr/bin/cmake --install /home/z/ws01_plumbing/build/cpp02_service
[3.207s] INFO:colcon.colcon_core.shell:Creating environment descriptor '/home/z/ws01_plumbing/install/cpp02_service/share/cpp02_service/hook/cmake_prefix_path.dsv'
[3.208s] INFO:colcon.colcon_core.shell:Creating environment hook '/home/z/ws01_plumbing/install/cpp02_service/share/cpp02_service/hook/cmake_prefix_path.sh'
[3.209s] Level 1:colcon.colcon_core.environment:checking '/home/z/ws01_plumbing/install/cpp02_service/lib'
[3.209s] Level 1:colcon.colcon_core.environment:checking '/home/z/ws01_plumbing/install/cpp02_service/bin'
[3.209s] Level 1:colcon.colcon_core.environment:checking '/home/z/ws01_plumbing/install/cpp02_service/lib/pkgconfig/cpp02_service.pc'
[3.209s] Level 1:colcon.colcon_core.environment:checking '/home/z/ws01_plumbing/install/cpp02_service/lib/python3.10/site-packages'
[3.209s] Level 1:colcon.colcon_core.environment:checking '/home/z/ws01_plumbing/install/cpp02_service/bin'
[3.211s] INFO:colcon.colcon_core.shell:Creating package script '/home/z/ws01_plumbing/install/cpp02_service/share/cpp02_service/package.ps1'
[3.212s] INFO:colcon.colcon_core.shell:Creating package descriptor '/home/z/ws01_plumbing/install/cpp02_service/share/cpp02_service/package.dsv'
[3.212s] INFO:colcon.colcon_core.shell:Creating package script '/home/z/ws01_plumbing/install/cpp02_service/share/cpp02_service/package.sh'
[3.213s] INFO:colcon.colcon_core.shell:Creating package script '/home/z/ws01_plumbing/install/cpp02_service/share/cpp02_service/package.bash'
[3.213s] INFO:colcon.colcon_core.shell:Creating package script '/home/z/ws01_plumbing/install/cpp02_service/share/cpp02_service/package.zsh'
[3.214s] Level 1:colcon.colcon_core.environment:create_file_with_runtime_dependencies(/home/z/ws01_plumbing/install/cpp02_service/share/colcon-core/packages/cpp02_service)
[3.234s] Level 1:colcon.colcon_core.environment:create_environment_scripts_only(cpp02_service)
[3.235s] Level 1:colcon.colcon_core.environment:checking '/home/z/ws01_plumbing/install/cpp02_service' for CMake module files
[3.236s] Level 1:colcon.colcon_core.environment:checking '/home/z/ws01_plumbing/install/cpp02_service' for CMake config files
[3.236s] Level 1:colcon.colcon_core.shell:create_environment_hook('cpp02_service', 'cmake_prefix_path')
[3.237s] INFO:colcon.colcon_core.shell:Creating environment hook '/home/z/ws01_plumbing/install/cpp02_service/share/cpp02_service/hook/cmake_prefix_path.ps1'
[3.237s] INFO:colcon.colcon_core.shell:Creating environment descriptor '/home/z/ws01_plumbing/install/cpp02_service/share/cpp02_service/hook/cmake_prefix_path.dsv'
[3.238s] INFO:colcon.colcon_core.shell:Creating environment hook '/home/z/ws01_plumbing/install/cpp02_service/share/cpp02_service/hook/cmake_prefix_path.sh'
[3.238s] Level 1:colcon.colcon_core.environment:checking '/home/z/ws01_plumbing/install/cpp02_service/lib'
[3.239s] Level 1:colcon.colcon_core.environment:checking '/home/z/ws01_plumbing/install/cpp02_service/bin'
[3.239s] Level 1:colcon.colcon_core.environment:checking '/home/z/ws01_plumbing/install/cpp02_service/lib/pkgconfig/cpp02_service.pc'
[3.239s] Level 1:colcon.colcon_core.environment:checking '/home/z/ws01_plumbing/install/cpp02_service/lib/python3.10/site-packages'
[3.239s] Level 1:colcon.colcon_core.environment:checking '/home/z/ws01_plumbing/install/cpp02_service/bin'
[3.240s] INFO:colcon.colcon_core.shell:Creating package script '/home/z/ws01_plumbing/install/cpp02_service/share/cpp02_service/package.ps1'
[3.241s] INFO:colcon.colcon_core.shell:Creating package descriptor '/home/z/ws01_plumbing/install/cpp02_service/share/cpp02_service/package.dsv'
[3.242s] INFO:colcon.colcon_core.shell:Creating package script '/home/z/ws01_plumbing/install/cpp02_service/share/cpp02_service/package.sh'
[3.242s] INFO:colcon.colcon_core.shell:Creating package script '/home/z/ws01_plumbing/install/cpp02_service/share/cpp02_service/package.bash'
[3.242s] INFO:colcon.colcon_core.shell:Creating package script '/home/z/ws01_plumbing/install/cpp02_service/share/cpp02_service/package.zsh'
[3.242s] Level 1:colcon.colcon_core.environment:create_file_with_runtime_dependencies(/home/z/ws01_plumbing/install/cpp02_service/share/colcon-core/packages/cpp02_service)
[3.243s] DEBUG:colcon.colcon_parallel_executor.executor.parallel:closing loop
[3.243s] DEBUG:colcon.colcon_parallel_executor.executor.parallel:loop closed
[3.243s] DEBUG:colcon.colcon_parallel_executor.executor.parallel:run_until_complete finished with '0'
[3.243s] DEBUG:colcon.colcon_core.event_reactor:joining thread
[3.248s] INFO:colcon.colcon_core.plugin_system:Skipping extension 'colcon_notification.desktop_notification.terminal_notifier': Not used on non-Darwin systems
[3.248s] INFO:colcon.colcon_core.plugin_system:Skipping extension 'colcon_notification.desktop_notification.win32': Not used on non-Windows systems
[3.248s] INFO:colcon.colcon_notification.desktop_notification:Sending desktop notification using 'notify2'
[3.256s] DEBUG:colcon.colcon_core.event_reactor:joined thread
[3.257s] INFO:colcon.colcon_core.shell:Creating prefix script '/home/z/ws01_plumbing/install/local_setup.ps1'
[3.259s] INFO:colcon.colcon_core.shell:Creating prefix util module '/home/z/ws01_plumbing/install/_local_setup_util_ps1.py'
[3.260s] INFO:colcon.colcon_core.shell:Creating prefix chain script '/home/z/ws01_plumbing/install/setup.ps1'
[3.261s] INFO:colcon.colcon_core.shell:Creating prefix script '/home/z/ws01_plumbing/install/local_setup.sh'
[3.262s] INFO:colcon.colcon_core.shell:Creating prefix util module '/home/z/ws01_plumbing/install/_local_setup_util_sh.py'
[3.262s] INFO:colcon.colcon_core.shell:Creating prefix chain script '/home/z/ws01_plumbing/install/setup.sh'
[3.263s] INFO:colcon.colcon_core.shell:Creating prefix script '/home/z/ws01_plumbing/install/local_setup.bash'
[3.264s] INFO:colcon.colcon_core.shell:Creating prefix chain script '/home/z/ws01_plumbing/install/setup.bash'
[3.265s] INFO:colcon.colcon_core.shell:Creating prefix script '/home/z/ws01_plumbing/install/local_setup.zsh'
[3.265s] INFO:colcon.colcon_core.shell:Creating prefix chain script '/home/z/ws01_plumbing/install/setup.zsh'
