[0.016s] Invoking command in '/home/z/ws01_plumbing/src/build/base_interfaces_demo': CMAKE_PREFIX_PATH=/opt/ros/humble /usr/bin/cmake /home/z/ws01_plumbing/src/base_interfaces_demo -DCMAKE_INSTALL_PREFIX=/home/z/ws01_plumbing/src/install/base_interfaces_demo
[0.122s] -- The C compiler identification is GNU 11.3.0
[0.199s] -- The CXX compiler identification is GNU 11.3.0
[0.210s] -- Detecting C compiler ABI info
[0.261s] -- Detecting C compiler ABI info - done
[0.265s] -- Check for working C compiler: /usr/bin/cc - skipped
[0.266s] -- Detecting C compile features
[0.266s] -- Detecting C compile features - done
[0.269s] -- Detecting CXX compiler ABI info
[0.325s] -- Detecting CXX compiler ABI info - done
[0.328s] -- Check for working CXX compiler: /usr/bin/c++ - skipped
[0.328s] -- Detecting CXX compile features
[0.329s] -- Detecting CXX compile features - done
[0.334s] -- Found ament_cmake: 1.3.3 (/opt/ros/humble/share/ament_cmake/cmake)
[0.453s] -- Found Python3: /usr/bin/python3.10 (found version "3.10.6") found components: Interpreter 
[0.533s] -- Found rosidl_default_generators: 1.2.0 (/opt/ros/humble/share/rosidl_default_generators/cmake)
[0.538s] -- Using all available rosidl_typesupport_c: rosidl_typesupport_fastrtps_c;rosidl_typesupport_introspection_c
[0.545s] -- Found rosidl_adapter: 3.1.4 (/opt/ros/humble/share/rosidl_adapter/cmake)
[0.590s] -- Using all available rosidl_typesupport_cpp: rosidl_typesupport_fastrtps_cpp;rosidl_typesupport_introspection_cpp
[0.743s] [31mCMake Error at /opt/ros/humble/share/rosidl_adapter/cmake/rosidl_adapt_interfaces.cmake:59 (message):
[0.743s]   execute_process(/usr/bin/python3.10 -m rosidl_adapter --package-name
[0.743s]   base_interfaces_demo --arguments-file
[0.743s]   /home/z/ws01_plumbing/src/build/base_interfaces_demo/rosidl_adapter__arguments__base_interfaces_demo.json
[0.743s]   --output-dir
[0.743s]   /home/z/ws01_plumbing/src/build/base_interfaces_demo/rosidl_adapter/base_interfaces_demo
[0.743s]   --output-file
[0.743s]   /home/z/ws01_plumbing/src/build/base_interfaces_demo/rosidl_adapter/base_interfaces_demo.idls)
[0.743s]   returned error code 1:
[0.743s] 
[0.743s]   Traceback (most recent call last):
[0.744s] 
[0.744s]     File "/usr/lib/python3.10/runpy.py", line 196, in _run_module_as_main
[0.744s]       return _run_code(code, main_globals, None,
[0.744s]     File "/usr/lib/python3.10/runpy.py", line 86, in _run_code
[0.744s]       exec(code, run_globals)
[0.744s]     File "/opt/ros/humble/local/lib/python3.10/dist-packages/rosidl_adapter/__main__.py", line 19, in <module>
[0.744s]       sys.exit(main())
[0.744s]     File "/opt/ros/humble/local/lib/python3.10/dist-packages/rosidl_adapter/main.py", line 53, in main
[0.744s]       abs_idl_file = convert_to_idl(
[0.744s]     File "/opt/ros/humble/local/lib/python3.10/dist-packages/rosidl_adapter/__init__.py", line 24, in convert_to_idl
[0.744s]       return convert_srv_to_idl(
[0.744s]     File "/opt/ros/humble/local/lib/python3.10/dist-packages/rosidl_adapter/srv/__init__.py", line 28, in convert_srv_to_idl
[0.744s]       srv = parse_service_string(package_name, input_file.stem, content)
[0.744s]     File "/opt/ros/humble/local/lib/python3.10/dist-packages/rosidl_adapter/parser.py", line 850, in parse_service_string
[0.744s]       raise InvalidServiceSpecification(
[0.744s] 
[0.744s]   rosidl_adapter.parser.InvalidServiceSpecification: Could not find separator
[0.744s]   '---' between request and response
[0.744s] 
[0.744s] Call Stack (most recent call first):
[0.744s]   /opt/ros/humble/share/rosidl_cmake/cmake/rosidl_generate_interfaces.cmake:130 (rosidl_adapt_interfaces)
[0.744s]   CMakeLists.txt:15 (rosidl_generate_interfaces)
[0.744s] 
[0.744s] [0m
[0.744s] -- Configuring incomplete, errors occurred!
[0.744s] See also "/home/z/ws01_plumbing/src/build/base_interfaces_demo/CMakeFiles/CMakeOutput.log".
[0.748s] Invoked command in '/home/z/ws01_plumbing/src/build/base_interfaces_demo' returned '1': CMAKE_PREFIX_PATH=/opt/ros/humble /usr/bin/cmake /home/z/ws01_plumbing/src/base_interfaces_demo -DCMAKE_INSTALL_PREFIX=/home/z/ws01_plumbing/src/install/base_interfaces_demo
