[0.005s] Invoking command in '/home/z/ws01_plumbing/build/cpp01_topic': AMENT_PREFIX_PATH=/home/z/ws01_plumbing/install/base_interfaces_demo:${AMENT_PREFIX_PATH} CMAKE_PREFIX_PATH=/home/z/ws01_plumbing/install/base_interfaces_demo:/opt/ros/humble /usr/bin/cmake --build /home/z/ws01_plumbing/build/cpp01_topic -- -j4 -l4
[0.032s] [35m[1mConsolidate compiler generated dependencies of target demo01_talker_str[0m
[0.043s] [100%] Built target demo01_talker_str
[0.051s] Invoked command in '/home/z/ws01_plumbing/build/cpp01_topic' returned '0': AMENT_PREFIX_PATH=/home/z/ws01_plumbing/install/base_interfaces_demo:${AMENT_PREFIX_PATH} CMAKE_PREFIX_PATH=/home/z/ws01_plumbing/install/base_interfaces_demo:/opt/ros/humble /usr/bin/cmake --build /home/z/ws01_plumbing/build/cpp01_topic -- -j4 -l4
[0.065s] Invoking command in '/home/z/ws01_plumbing/build/cpp01_topic': AMENT_PREFIX_PATH=/home/z/ws01_plumbing/install/base_interfaces_demo:${AMENT_PREFIX_PATH} CMAKE_PREFIX_PATH=/home/z/ws01_plumbing/install/base_interfaces_demo:/opt/ros/humble /usr/bin/cmake --install /home/z/ws01_plumbing/build/cpp01_topic
[0.070s] -- Install configuration: ""
[0.070s] -- Up-to-date: /home/z/ws01_plumbing/install/cpp01_topic/lib/cpp01_topic/demo01_talker_str
[0.070s] -- Up-to-date: /home/z/ws01_plumbing/install/cpp01_topic/share/ament_index/resource_index/package_run_dependencies/cpp01_topic
[0.070s] -- Up-to-date: /home/z/ws01_plumbing/install/cpp01_topic/share/ament_index/resource_index/parent_prefix_path/cpp01_topic
[0.071s] -- Up-to-date: /home/z/ws01_plumbing/install/cpp01_topic/share/cpp01_topic/environment/ament_prefix_path.sh
[0.071s] -- Up-to-date: /home/z/ws01_plumbing/install/cpp01_topic/share/cpp01_topic/environment/ament_prefix_path.dsv
[0.071s] -- Up-to-date: /home/z/ws01_plumbing/install/cpp01_topic/share/cpp01_topic/environment/path.sh
[0.071s] -- Up-to-date: /home/z/ws01_plumbing/install/cpp01_topic/share/cpp01_topic/environment/path.dsv
[0.071s] -- Up-to-date: /home/z/ws01_plumbing/install/cpp01_topic/share/cpp01_topic/local_setup.bash
[0.071s] -- Up-to-date: /home/z/ws01_plumbing/install/cpp01_topic/share/cpp01_topic/local_setup.sh
[0.071s] -- Up-to-date: /home/z/ws01_plumbing/install/cpp01_topic/share/cpp01_topic/local_setup.zsh
[0.071s] -- Up-to-date: /home/z/ws01_plumbing/install/cpp01_topic/share/cpp01_topic/local_setup.dsv
[0.071s] -- Installing: /home/z/ws01_plumbing/install/cpp01_topic/share/cpp01_topic/package.dsv
[0.071s] -- Up-to-date: /home/z/ws01_plumbing/install/cpp01_topic/share/ament_index/resource_index/packages/cpp01_topic
[0.071s] -- Up-to-date: /home/z/ws01_plumbing/install/cpp01_topic/share/cpp01_topic/cmake/cpp01_topicConfig.cmake
[0.071s] -- Up-to-date: /home/z/ws01_plumbing/install/cpp01_topic/share/cpp01_topic/cmake/cpp01_topicConfig-version.cmake
[0.071s] -- Up-to-date: /home/z/ws01_plumbing/install/cpp01_topic/share/cpp01_topic/package.xml
[0.075s] Invoked command in '/home/z/ws01_plumbing/build/cpp01_topic' returned '0': AMENT_PREFIX_PATH=/home/z/ws01_plumbing/install/base_interfaces_demo:${AMENT_PREFIX_PATH} CMAKE_PREFIX_PATH=/home/z/ws01_plumbing/install/base_interfaces_demo:/opt/ros/humble /usr/bin/cmake --install /home/z/ws01_plumbing/build/cpp01_topic
