[0.192s] DEBUG:colcon:Command line arguments: ['/usr/bin/colcon', 'build']
[0.192s] DEBUG:colcon:Parsed command line arguments: Namespace(log_base=None, log_level=None, verb_name='build', build_base='build', install_base='install', merge_install=False, symlink_install=False, test_result_base=None, continue_on_error=False, executor='parallel', parallel_workers=4, event_handlers=None, ignore_user_meta=False, metas=['./colcon.meta'], base_paths=['.'], packages_ignore=None, packages_ignore_regex=None, paths=None, packages_up_to=None, packages_up_to_regex=None, packages_above=None, packages_above_and_dependencies=None, packages_above_depth=None, packages_select_by_dep=None, packages_skip_by_dep=None, packages_skip_up_to=None, packages_select_build_failed=False, packages_skip_build_finished=False, packages_select_test_failures=False, packages_skip_test_passed=False, packages_select=None, packages_skip=None, packages_select_regex=None, packages_skip_regex=None, packages_start=None, packages_end=None, allow_overriding=[], cmake_args=None, cmake_target=None, cmake_target_skip_unavailable=False, cmake_clean_cache=False, cmake_clean_first=False, cmake_force_configure=False, ament_cmake_args=None, catkin_cmake_args=None, catkin_skip_building_tests=False, verb_parser=<colcon_defaults.argument_parser.defaults.DefaultArgumentsDecorator object at 0x7fba5a4b1750>, verb_extension=<colcon_core.verb.build.BuildVerb object at 0x7fba5ad433d0>, main=<bound method BuildVerb.main of <colcon_core.verb.build.BuildVerb object at 0x7fba5ad433d0>>)
[0.214s] Level 1:colcon.colcon_core.package_discovery:discover_packages(colcon_meta) check parameters
[0.214s] Level 1:colcon.colcon_core.package_discovery:discover_packages(recursive) check parameters
[0.214s] Level 1:colcon.colcon_core.package_discovery:discover_packages(ignore) check parameters
[0.214s] Level 1:colcon.colcon_core.package_discovery:discover_packages(path) check parameters
[0.214s] Level 1:colcon.colcon_core.package_discovery:discover_packages(colcon_meta) discover
[0.214s] Level 1:colcon.colcon_core.package_discovery:discover_packages(recursive) discover
[0.214s] INFO:colcon.colcon_core.package_discovery:Crawling recursively for packages in '/home/z/ws01_plumbing'
[0.214s] Level 1:colcon.colcon_core.package_identification:_identify(.) by extensions ['ignore', 'ignore_ament_install']
[0.214s] Level 1:colcon.colcon_core.package_identification:_identify(.) by extension 'ignore'
[0.214s] Level 1:colcon.colcon_core.package_identification:_identify(.) by extension 'ignore_ament_install'
[0.214s] Level 1:colcon.colcon_core.package_identification:_identify(.) by extensions ['colcon_pkg']
[0.214s] Level 1:colcon.colcon_core.package_identification:_identify(.) by extension 'colcon_pkg'
[0.214s] Level 1:colcon.colcon_core.package_identification:_identify(.) by extensions ['colcon_meta']
[0.214s] Level 1:colcon.colcon_core.package_identification:_identify(.) by extension 'colcon_meta'
[0.214s] Level 1:colcon.colcon_core.package_identification:_identify(.) by extensions ['ros']
[0.214s] Level 1:colcon.colcon_core.package_identification:_identify(.) by extension 'ros'
[0.223s] Level 1:colcon.colcon_core.package_identification:_identify(.) by extensions ['cmake', 'python']
[0.223s] Level 1:colcon.colcon_core.package_identification:_identify(.) by extension 'cmake'
[0.223s] Level 1:colcon.colcon_core.package_identification:_identify(.) by extension 'python'
[0.223s] Level 1:colcon.colcon_core.package_identification:_identify(.) by extensions ['python_setup_py']
[0.223s] Level 1:colcon.colcon_core.package_identification:_identify(.) by extension 'python_setup_py'
[0.223s] Level 1:colcon.colcon_core.package_identification:_identify(build) by extensions ['ignore', 'ignore_ament_install']
[0.223s] Level 1:colcon.colcon_core.package_identification:_identify(build) by extension 'ignore'
[0.223s] Level 1:colcon.colcon_core.package_identification:_identify(build) ignored
[0.223s] Level 1:colcon.colcon_core.package_identification:_identify(install) by extensions ['ignore', 'ignore_ament_install']
[0.223s] Level 1:colcon.colcon_core.package_identification:_identify(install) by extension 'ignore'
[0.223s] Level 1:colcon.colcon_core.package_identification:_identify(install) ignored
[0.223s] Level 1:colcon.colcon_core.package_identification:_identify(log) by extensions ['ignore', 'ignore_ament_install']
[0.223s] Level 1:colcon.colcon_core.package_identification:_identify(log) by extension 'ignore'
[0.223s] Level 1:colcon.colcon_core.package_identification:_identify(log) ignored
[0.223s] Level 1:colcon.colcon_core.package_identification:_identify(src) by extensions ['ignore', 'ignore_ament_install']
[0.223s] Level 1:colcon.colcon_core.package_identification:_identify(src) by extension 'ignore'
[0.223s] Level 1:colcon.colcon_core.package_identification:_identify(src) by extension 'ignore_ament_install'
[0.224s] Level 1:colcon.colcon_core.package_identification:_identify(src) by extensions ['colcon_pkg']
[0.224s] Level 1:colcon.colcon_core.package_identification:_identify(src) by extension 'colcon_pkg'
[0.224s] Level 1:colcon.colcon_core.package_identification:_identify(src) by extensions ['colcon_meta']
[0.224s] Level 1:colcon.colcon_core.package_identification:_identify(src) by extension 'colcon_meta'
[0.224s] Level 1:colcon.colcon_core.package_identification:_identify(src) by extensions ['ros']
[0.224s] Level 1:colcon.colcon_core.package_identification:_identify(src) by extension 'ros'
[0.224s] Level 1:colcon.colcon_core.package_identification:_identify(src) by extensions ['cmake', 'python']
[0.224s] Level 1:colcon.colcon_core.package_identification:_identify(src) by extension 'cmake'
[0.224s] Level 1:colcon.colcon_core.package_identification:_identify(src) by extension 'python'
[0.224s] Level 1:colcon.colcon_core.package_identification:_identify(src) by extensions ['python_setup_py']
[0.224s] Level 1:colcon.colcon_core.package_identification:_identify(src) by extension 'python_setup_py'
[0.224s] Level 1:colcon.colcon_core.package_identification:_identify(src/base_interfaces_demo) by extensions ['ignore', 'ignore_ament_install']
[0.224s] Level 1:colcon.colcon_core.package_identification:_identify(src/base_interfaces_demo) by extension 'ignore'
[0.224s] Level 1:colcon.colcon_core.package_identification:_identify(src/base_interfaces_demo) by extension 'ignore_ament_install'
[0.224s] Level 1:colcon.colcon_core.package_identification:_identify(src/base_interfaces_demo) by extensions ['colcon_pkg']
[0.224s] Level 1:colcon.colcon_core.package_identification:_identify(src/base_interfaces_demo) by extension 'colcon_pkg'
[0.224s] Level 1:colcon.colcon_core.package_identification:_identify(src/base_interfaces_demo) by extensions ['colcon_meta']
[0.224s] Level 1:colcon.colcon_core.package_identification:_identify(src/base_interfaces_demo) by extension 'colcon_meta'
[0.224s] Level 1:colcon.colcon_core.package_identification:_identify(src/base_interfaces_demo) by extensions ['ros']
[0.224s] Level 1:colcon.colcon_core.package_identification:_identify(src/base_interfaces_demo) by extension 'ros'
[0.226s] DEBUG:colcon.colcon_core.package_identification:Package 'src/base_interfaces_demo' with type 'ros.ament_cmake' and name 'base_interfaces_demo'
[0.226s] Level 1:colcon.colcon_core.package_identification:_identify(src/build) by extensions ['ignore', 'ignore_ament_install']
[0.226s] Level 1:colcon.colcon_core.package_identification:_identify(src/build) by extension 'ignore'
[0.226s] Level 1:colcon.colcon_core.package_identification:_identify(src/build) ignored
[0.226s] Level 1:colcon.colcon_core.package_identification:_identify(src/cpp01_topic) by extensions ['ignore', 'ignore_ament_install']
[0.226s] Level 1:colcon.colcon_core.package_identification:_identify(src/cpp01_topic) by extension 'ignore'
[0.226s] Level 1:colcon.colcon_core.package_identification:_identify(src/cpp01_topic) by extension 'ignore_ament_install'
[0.226s] Level 1:colcon.colcon_core.package_identification:_identify(src/cpp01_topic) by extensions ['colcon_pkg']
[0.226s] Level 1:colcon.colcon_core.package_identification:_identify(src/cpp01_topic) by extension 'colcon_pkg'
[0.226s] Level 1:colcon.colcon_core.package_identification:_identify(src/cpp01_topic) by extensions ['colcon_meta']
[0.226s] Level 1:colcon.colcon_core.package_identification:_identify(src/cpp01_topic) by extension 'colcon_meta'
[0.226s] Level 1:colcon.colcon_core.package_identification:_identify(src/cpp01_topic) by extensions ['ros']
[0.226s] Level 1:colcon.colcon_core.package_identification:_identify(src/cpp01_topic) by extension 'ros'
[0.227s] DEBUG:colcon.colcon_core.package_identification:Package 'src/cpp01_topic' with type 'ros.ament_cmake' and name 'cpp01_topic'
[0.227s] Level 1:colcon.colcon_core.package_identification:_identify(src/cpp02_service) by extensions ['ignore', 'ignore_ament_install']
[0.227s] Level 1:colcon.colcon_core.package_identification:_identify(src/cpp02_service) by extension 'ignore'
[0.227s] Level 1:colcon.colcon_core.package_identification:_identify(src/cpp02_service) by extension 'ignore_ament_install'
[0.227s] Level 1:colcon.colcon_core.package_identification:_identify(src/cpp02_service) by extensions ['colcon_pkg']
[0.227s] Level 1:colcon.colcon_core.package_identification:_identify(src/cpp02_service) by extension 'colcon_pkg'
[0.227s] Level 1:colcon.colcon_core.package_identification:_identify(src/cpp02_service) by extensions ['colcon_meta']
[0.227s] Level 1:colcon.colcon_core.package_identification:_identify(src/cpp02_service) by extension 'colcon_meta'
[0.227s] Level 1:colcon.colcon_core.package_identification:_identify(src/cpp02_service) by extensions ['ros']
[0.227s] Level 1:colcon.colcon_core.package_identification:_identify(src/cpp02_service) by extension 'ros'
[0.228s] DEBUG:colcon.colcon_core.package_identification:Package 'src/cpp02_service' with type 'ros.ament_cmake' and name 'cpp02_service'
[0.228s] Level 1:colcon.colcon_core.package_identification:_identify(src/cpp03_action) by extensions ['ignore', 'ignore_ament_install']
[0.228s] Level 1:colcon.colcon_core.package_identification:_identify(src/cpp03_action) by extension 'ignore'
[0.228s] Level 1:colcon.colcon_core.package_identification:_identify(src/cpp03_action) by extension 'ignore_ament_install'
[0.228s] Level 1:colcon.colcon_core.package_identification:_identify(src/cpp03_action) by extensions ['colcon_pkg']
[0.228s] Level 1:colcon.colcon_core.package_identification:_identify(src/cpp03_action) by extension 'colcon_pkg'
[0.228s] Level 1:colcon.colcon_core.package_identification:_identify(src/cpp03_action) by extensions ['colcon_meta']
[0.228s] Level 1:colcon.colcon_core.package_identification:_identify(src/cpp03_action) by extension 'colcon_meta'
[0.228s] Level 1:colcon.colcon_core.package_identification:_identify(src/cpp03_action) by extensions ['ros']
[0.228s] Level 1:colcon.colcon_core.package_identification:_identify(src/cpp03_action) by extension 'ros'
[0.228s] DEBUG:colcon.colcon_core.package_identification:Package 'src/cpp03_action' with type 'ros.ament_cmake' and name 'cpp03_action'
[0.228s] Level 1:colcon.colcon_core.package_identification:_identify(src/install) by extensions ['ignore', 'ignore_ament_install']
[0.229s] Level 1:colcon.colcon_core.package_identification:_identify(src/install) by extension 'ignore'
[0.229s] Level 1:colcon.colcon_core.package_identification:_identify(src/install) ignored
[0.229s] Level 1:colcon.colcon_core.package_identification:_identify(src/log) by extensions ['ignore', 'ignore_ament_install']
[0.229s] Level 1:colcon.colcon_core.package_identification:_identify(src/log) by extension 'ignore'
[0.229s] Level 1:colcon.colcon_core.package_identification:_identify(src/log) ignored
[0.229s] Level 1:colcon.colcon_core.package_discovery:discover_packages(recursive) using defaults
[0.229s] Level 1:colcon.colcon_core.package_discovery:discover_packages(ignore) discover
[0.229s] Level 1:colcon.colcon_core.package_discovery:discover_packages(ignore) using defaults
[0.229s] Level 1:colcon.colcon_core.package_discovery:discover_packages(path) discover
[0.229s] Level 1:colcon.colcon_core.package_discovery:discover_packages(path) using defaults
[0.245s] Level 1:colcon.colcon_core.package_discovery:discover_packages(prefix_path) check parameters
[0.245s] Level 1:colcon.colcon_core.package_discovery:discover_packages(prefix_path) discover
[0.246s] DEBUG:colcon.colcon_installed_package_information.package_discovery:Found 4 installed packages in /home/z/ws01_plumbing/install
[0.247s] DEBUG:colcon.colcon_installed_package_information.package_discovery:Found 270 installed packages in /opt/ros/humble
[0.249s] Level 1:colcon.colcon_core.package_discovery:discover_packages(prefix_path) using defaults
[0.284s] Level 5:colcon.colcon_core.verb:set package 'base_interfaces_demo' build argument 'cmake_args' from command line to 'None'
[0.284s] Level 5:colcon.colcon_core.verb:set package 'base_interfaces_demo' build argument 'cmake_target' from command line to 'None'
[0.284s] Level 5:colcon.colcon_core.verb:set package 'base_interfaces_demo' build argument 'cmake_target_skip_unavailable' from command line to 'False'
[0.284s] Level 5:colcon.colcon_core.verb:set package 'base_interfaces_demo' build argument 'cmake_clean_cache' from command line to 'False'
[0.284s] Level 5:colcon.colcon_core.verb:set package 'base_interfaces_demo' build argument 'cmake_clean_first' from command line to 'False'
[0.284s] Level 5:colcon.colcon_core.verb:set package 'base_interfaces_demo' build argument 'cmake_force_configure' from command line to 'False'
[0.284s] Level 5:colcon.colcon_core.verb:set package 'base_interfaces_demo' build argument 'ament_cmake_args' from command line to 'None'
[0.284s] Level 5:colcon.colcon_core.verb:set package 'base_interfaces_demo' build argument 'catkin_cmake_args' from command line to 'None'
[0.284s] Level 5:colcon.colcon_core.verb:set package 'base_interfaces_demo' build argument 'catkin_skip_building_tests' from command line to 'False'
[0.284s] DEBUG:colcon.colcon_core.verb:Building package 'base_interfaces_demo' with the following arguments: {'ament_cmake_args': None, 'build_base': '/home/z/ws01_plumbing/build/base_interfaces_demo', 'catkin_cmake_args': None, 'catkin_skip_building_tests': False, 'cmake_args': None, 'cmake_clean_cache': False, 'cmake_clean_first': False, 'cmake_force_configure': False, 'cmake_target': None, 'cmake_target_skip_unavailable': False, 'install_base': '/home/z/ws01_plumbing/install/base_interfaces_demo', 'merge_install': False, 'path': '/home/z/ws01_plumbing/src/base_interfaces_demo', 'symlink_install': False, 'test_result_base': None}
[0.285s] Level 5:colcon.colcon_core.verb:set package 'cpp01_topic' build argument 'cmake_args' from command line to 'None'
[0.285s] Level 5:colcon.colcon_core.verb:set package 'cpp01_topic' build argument 'cmake_target' from command line to 'None'
[0.285s] Level 5:colcon.colcon_core.verb:set package 'cpp01_topic' build argument 'cmake_target_skip_unavailable' from command line to 'False'
[0.285s] Level 5:colcon.colcon_core.verb:set package 'cpp01_topic' build argument 'cmake_clean_cache' from command line to 'False'
[0.285s] Level 5:colcon.colcon_core.verb:set package 'cpp01_topic' build argument 'cmake_clean_first' from command line to 'False'
[0.285s] Level 5:colcon.colcon_core.verb:set package 'cpp01_topic' build argument 'cmake_force_configure' from command line to 'False'
[0.285s] Level 5:colcon.colcon_core.verb:set package 'cpp01_topic' build argument 'ament_cmake_args' from command line to 'None'
[0.285s] Level 5:colcon.colcon_core.verb:set package 'cpp01_topic' build argument 'catkin_cmake_args' from command line to 'None'
[0.285s] Level 5:colcon.colcon_core.verb:set package 'cpp01_topic' build argument 'catkin_skip_building_tests' from command line to 'False'
[0.285s] DEBUG:colcon.colcon_core.verb:Building package 'cpp01_topic' with the following arguments: {'ament_cmake_args': None, 'build_base': '/home/z/ws01_plumbing/build/cpp01_topic', 'catkin_cmake_args': None, 'catkin_skip_building_tests': False, 'cmake_args': None, 'cmake_clean_cache': False, 'cmake_clean_first': False, 'cmake_force_configure': False, 'cmake_target': None, 'cmake_target_skip_unavailable': False, 'install_base': '/home/z/ws01_plumbing/install/cpp01_topic', 'merge_install': False, 'path': '/home/z/ws01_plumbing/src/cpp01_topic', 'symlink_install': False, 'test_result_base': None}
[0.285s] Level 5:colcon.colcon_core.verb:set package 'cpp02_service' build argument 'cmake_args' from command line to 'None'
[0.285s] Level 5:colcon.colcon_core.verb:set package 'cpp02_service' build argument 'cmake_target' from command line to 'None'
[0.286s] Level 5:colcon.colcon_core.verb:set package 'cpp02_service' build argument 'cmake_target_skip_unavailable' from command line to 'False'
[0.286s] Level 5:colcon.colcon_core.verb:set package 'cpp02_service' build argument 'cmake_clean_cache' from command line to 'False'
[0.286s] Level 5:colcon.colcon_core.verb:set package 'cpp02_service' build argument 'cmake_clean_first' from command line to 'False'
[0.286s] Level 5:colcon.colcon_core.verb:set package 'cpp02_service' build argument 'cmake_force_configure' from command line to 'False'
[0.286s] Level 5:colcon.colcon_core.verb:set package 'cpp02_service' build argument 'ament_cmake_args' from command line to 'None'
[0.286s] Level 5:colcon.colcon_core.verb:set package 'cpp02_service' build argument 'catkin_cmake_args' from command line to 'None'
[0.286s] Level 5:colcon.colcon_core.verb:set package 'cpp02_service' build argument 'catkin_skip_building_tests' from command line to 'False'
[0.286s] DEBUG:colcon.colcon_core.verb:Building package 'cpp02_service' with the following arguments: {'ament_cmake_args': None, 'build_base': '/home/z/ws01_plumbing/build/cpp02_service', 'catkin_cmake_args': None, 'catkin_skip_building_tests': False, 'cmake_args': None, 'cmake_clean_cache': False, 'cmake_clean_first': False, 'cmake_force_configure': False, 'cmake_target': None, 'cmake_target_skip_unavailable': False, 'install_base': '/home/z/ws01_plumbing/install/cpp02_service', 'merge_install': False, 'path': '/home/z/ws01_plumbing/src/cpp02_service', 'symlink_install': False, 'test_result_base': None}
[0.286s] Level 5:colcon.colcon_core.verb:set package 'cpp03_action' build argument 'cmake_args' from command line to 'None'
[0.286s] Level 5:colcon.colcon_core.verb:set package 'cpp03_action' build argument 'cmake_target' from command line to 'None'
[0.286s] Level 5:colcon.colcon_core.verb:set package 'cpp03_action' build argument 'cmake_target_skip_unavailable' from command line to 'False'
[0.286s] Level 5:colcon.colcon_core.verb:set package 'cpp03_action' build argument 'cmake_clean_cache' from command line to 'False'
[0.286s] Level 5:colcon.colcon_core.verb:set package 'cpp03_action' build argument 'cmake_clean_first' from command line to 'False'
[0.286s] Level 5:colcon.colcon_core.verb:set package 'cpp03_action' build argument 'cmake_force_configure' from command line to 'False'
[0.286s] Level 5:colcon.colcon_core.verb:set package 'cpp03_action' build argument 'ament_cmake_args' from command line to 'None'
[0.286s] Level 5:colcon.colcon_core.verb:set package 'cpp03_action' build argument 'catkin_cmake_args' from command line to 'None'
[0.286s] Level 5:colcon.colcon_core.verb:set package 'cpp03_action' build argument 'catkin_skip_building_tests' from command line to 'False'
[0.286s] DEBUG:colcon.colcon_core.verb:Building package 'cpp03_action' with the following arguments: {'ament_cmake_args': None, 'build_base': '/home/z/ws01_plumbing/build/cpp03_action', 'catkin_cmake_args': None, 'catkin_skip_building_tests': False, 'cmake_args': None, 'cmake_clean_cache': False, 'cmake_clean_first': False, 'cmake_force_configure': False, 'cmake_target': None, 'cmake_target_skip_unavailable': False, 'install_base': '/home/z/ws01_plumbing/install/cpp03_action', 'merge_install': False, 'path': '/home/z/ws01_plumbing/src/cpp03_action', 'symlink_install': False, 'test_result_base': None}
[0.287s] INFO:colcon.colcon_core.executor:Executing jobs using 'parallel' executor
[0.289s] DEBUG:colcon.colcon_parallel_executor.executor.parallel:run_until_complete
[0.289s] INFO:colcon.colcon_ros.task.ament_cmake.build:Building ROS package in '/home/z/ws01_plumbing/src/base_interfaces_demo' with build type 'ament_cmake'
[0.289s] INFO:colcon.colcon_cmake.task.cmake.build:Building CMake package in '/home/z/ws01_plumbing/src/base_interfaces_demo'
[0.292s] INFO:colcon.colcon_core.plugin_system:Skipping extension 'colcon_core.shell.bat': Not used on non-Windows systems
[0.292s] INFO:colcon.colcon_core.shell:Skip shell extension 'powershell' for command environment: Not usable outside of PowerShell
[0.292s] DEBUG:colcon.colcon_core.shell:Skip shell extension 'dsv' for command environment
[0.300s] DEBUG:colcon.colcon_core.event_handler.log_command:Invoking command in '/home/z/ws01_plumbing/build/base_interfaces_demo': CMAKE_PREFIX_PATH=${CMAKE_PREFIX_PATH}:/opt/ros/humble /usr/bin/cmake --build /home/z/ws01_plumbing/build/base_interfaces_demo -- -j4 -l4
[0.622s] DEBUG:colcon.colcon_core.event_handler.log_command:Invoked command in '/home/z/ws01_plumbing/build/base_interfaces_demo' returned '0': CMAKE_PREFIX_PATH=${CMAKE_PREFIX_PATH}:/opt/ros/humble /usr/bin/cmake --build /home/z/ws01_plumbing/build/base_interfaces_demo -- -j4 -l4
[0.688s] DEBUG:colcon.colcon_core.event_handler.log_command:Invoking command in '/home/z/ws01_plumbing/build/base_interfaces_demo': CMAKE_PREFIX_PATH=${CMAKE_PREFIX_PATH}:/opt/ros/humble /usr/bin/cmake --install /home/z/ws01_plumbing/build/base_interfaces_demo
[0.738s] Level 1:colcon.colcon_core.environment:create_environment_scripts_only(base_interfaces_demo)
[0.742s] Level 1:colcon.colcon_core.environment:checking '/home/z/ws01_plumbing/install/base_interfaces_demo' for CMake module files
[0.742s] DEBUG:colcon.colcon_core.event_handler.log_command:Invoked command in '/home/z/ws01_plumbing/build/base_interfaces_demo' returned '0': CMAKE_PREFIX_PATH=${CMAKE_PREFIX_PATH}:/opt/ros/humble /usr/bin/cmake --install /home/z/ws01_plumbing/build/base_interfaces_demo
[0.742s] Level 1:colcon.colcon_core.environment:checking '/home/z/ws01_plumbing/install/base_interfaces_demo' for CMake config files
[0.743s] Level 1:colcon.colcon_core.shell:create_environment_hook('base_interfaces_demo', 'cmake_prefix_path')
[0.743s] INFO:colcon.colcon_core.shell:Creating environment hook '/home/z/ws01_plumbing/install/base_interfaces_demo/share/base_interfaces_demo/hook/cmake_prefix_path.ps1'
[0.744s] INFO:colcon.colcon_core.shell:Creating environment descriptor '/home/z/ws01_plumbing/install/base_interfaces_demo/share/base_interfaces_demo/hook/cmake_prefix_path.dsv'
[0.744s] INFO:colcon.colcon_core.shell:Creating environment hook '/home/z/ws01_plumbing/install/base_interfaces_demo/share/base_interfaces_demo/hook/cmake_prefix_path.sh'
[0.745s] Level 1:colcon.colcon_core.environment:checking '/home/z/ws01_plumbing/install/base_interfaces_demo/lib'
[0.745s] Level 1:colcon.colcon_core.shell:create_environment_hook('base_interfaces_demo', 'ld_library_path_lib')
[0.746s] INFO:colcon.colcon_core.shell:Creating environment hook '/home/z/ws01_plumbing/install/base_interfaces_demo/share/base_interfaces_demo/hook/ld_library_path_lib.ps1'
[0.746s] INFO:colcon.colcon_core.shell:Creating environment descriptor '/home/z/ws01_plumbing/install/base_interfaces_demo/share/base_interfaces_demo/hook/ld_library_path_lib.dsv'
[0.746s] INFO:colcon.colcon_core.shell:Creating environment hook '/home/z/ws01_plumbing/install/base_interfaces_demo/share/base_interfaces_demo/hook/ld_library_path_lib.sh'
[0.746s] Level 1:colcon.colcon_core.environment:checking '/home/z/ws01_plumbing/install/base_interfaces_demo/bin'
[0.746s] Level 1:colcon.colcon_core.environment:checking '/home/z/ws01_plumbing/install/base_interfaces_demo/lib/pkgconfig/base_interfaces_demo.pc'
[0.747s] Level 1:colcon.colcon_core.environment:checking '/home/z/ws01_plumbing/install/base_interfaces_demo/lib/python3.10/site-packages'
[0.747s] Level 1:colcon.colcon_core.environment:checking '/home/z/ws01_plumbing/install/base_interfaces_demo/bin'
[0.747s] INFO:colcon.colcon_core.shell:Creating package script '/home/z/ws01_plumbing/install/base_interfaces_demo/share/base_interfaces_demo/package.ps1'
[0.748s] INFO:colcon.colcon_core.shell:Creating package descriptor '/home/z/ws01_plumbing/install/base_interfaces_demo/share/base_interfaces_demo/package.dsv'
[0.748s] INFO:colcon.colcon_core.shell:Creating package script '/home/z/ws01_plumbing/install/base_interfaces_demo/share/base_interfaces_demo/package.sh'
[0.749s] INFO:colcon.colcon_core.shell:Creating package script '/home/z/ws01_plumbing/install/base_interfaces_demo/share/base_interfaces_demo/package.bash'
[0.749s] INFO:colcon.colcon_core.shell:Creating package script '/home/z/ws01_plumbing/install/base_interfaces_demo/share/base_interfaces_demo/package.zsh'
[0.750s] Level 1:colcon.colcon_core.environment:create_file_with_runtime_dependencies(/home/z/ws01_plumbing/install/base_interfaces_demo/share/colcon-core/packages/base_interfaces_demo)
[0.823s] Level 1:colcon.colcon_core.environment:create_environment_scripts_only(base_interfaces_demo)
[0.824s] Level 1:colcon.colcon_core.environment:checking '/home/z/ws01_plumbing/install/base_interfaces_demo' for CMake module files
[0.824s] Level 1:colcon.colcon_core.environment:checking '/home/z/ws01_plumbing/install/base_interfaces_demo' for CMake config files
[0.824s] Level 1:colcon.colcon_core.shell:create_environment_hook('base_interfaces_demo', 'cmake_prefix_path')
[0.825s] INFO:colcon.colcon_core.shell:Creating environment hook '/home/z/ws01_plumbing/install/base_interfaces_demo/share/base_interfaces_demo/hook/cmake_prefix_path.ps1'
[0.826s] INFO:colcon.colcon_core.shell:Creating environment descriptor '/home/z/ws01_plumbing/install/base_interfaces_demo/share/base_interfaces_demo/hook/cmake_prefix_path.dsv'
[0.826s] INFO:colcon.colcon_core.shell:Creating environment hook '/home/z/ws01_plumbing/install/base_interfaces_demo/share/base_interfaces_demo/hook/cmake_prefix_path.sh'
[0.826s] Level 1:colcon.colcon_core.environment:checking '/home/z/ws01_plumbing/install/base_interfaces_demo/lib'
[0.827s] Level 1:colcon.colcon_core.shell:create_environment_hook('base_interfaces_demo', 'ld_library_path_lib')
[0.827s] INFO:colcon.colcon_core.shell:Creating environment hook '/home/z/ws01_plumbing/install/base_interfaces_demo/share/base_interfaces_demo/hook/ld_library_path_lib.ps1'
[0.828s] INFO:colcon.colcon_core.shell:Creating environment descriptor '/home/z/ws01_plumbing/install/base_interfaces_demo/share/base_interfaces_demo/hook/ld_library_path_lib.dsv'
[0.828s] INFO:colcon.colcon_core.shell:Creating environment hook '/home/z/ws01_plumbing/install/base_interfaces_demo/share/base_interfaces_demo/hook/ld_library_path_lib.sh'
[0.828s] Level 1:colcon.colcon_core.environment:checking '/home/z/ws01_plumbing/install/base_interfaces_demo/bin'
[0.828s] Level 1:colcon.colcon_core.environment:checking '/home/z/ws01_plumbing/install/base_interfaces_demo/lib/pkgconfig/base_interfaces_demo.pc'
[0.828s] Level 1:colcon.colcon_core.environment:checking '/home/z/ws01_plumbing/install/base_interfaces_demo/lib/python3.10/site-packages'
[0.829s] Level 1:colcon.colcon_core.environment:checking '/home/z/ws01_plumbing/install/base_interfaces_demo/bin'
[0.829s] INFO:colcon.colcon_core.shell:Creating package script '/home/z/ws01_plumbing/install/base_interfaces_demo/share/base_interfaces_demo/package.ps1'
[0.830s] INFO:colcon.colcon_core.shell:Creating package descriptor '/home/z/ws01_plumbing/install/base_interfaces_demo/share/base_interfaces_demo/package.dsv'
[0.830s] INFO:colcon.colcon_core.shell:Creating package script '/home/z/ws01_plumbing/install/base_interfaces_demo/share/base_interfaces_demo/package.sh'
[0.831s] INFO:colcon.colcon_core.shell:Creating package script '/home/z/ws01_plumbing/install/base_interfaces_demo/share/base_interfaces_demo/package.bash'
[0.831s] INFO:colcon.colcon_core.shell:Creating package script '/home/z/ws01_plumbing/install/base_interfaces_demo/share/base_interfaces_demo/package.zsh'
[0.831s] Level 1:colcon.colcon_core.environment:create_file_with_runtime_dependencies(/home/z/ws01_plumbing/install/base_interfaces_demo/share/colcon-core/packages/base_interfaces_demo)
[0.832s] INFO:colcon.colcon_ros.task.ament_cmake.build:Building ROS package in '/home/z/ws01_plumbing/src/cpp01_topic' with build type 'ament_cmake'
[0.832s] INFO:colcon.colcon_cmake.task.cmake.build:Building CMake package in '/home/z/ws01_plumbing/src/cpp01_topic'
[0.833s] INFO:colcon.colcon_core.shell:Skip shell extension 'powershell' for command environment: Not usable outside of PowerShell
[0.833s] DEBUG:colcon.colcon_core.shell:Skip shell extension 'dsv' for command environment
[0.836s] INFO:colcon.colcon_ros.task.ament_cmake.build:Building ROS package in '/home/z/ws01_plumbing/src/cpp02_service' with build type 'ament_cmake'
[0.837s] INFO:colcon.colcon_cmake.task.cmake.build:Building CMake package in '/home/z/ws01_plumbing/src/cpp02_service'
[0.837s] INFO:colcon.colcon_core.shell:Skip shell extension 'powershell' for command environment: Not usable outside of PowerShell
[0.837s] DEBUG:colcon.colcon_core.shell:Skip shell extension 'dsv' for command environment
[0.842s] INFO:colcon.colcon_ros.task.ament_cmake.build:Building ROS package in '/home/z/ws01_plumbing/src/cpp03_action' with build type 'ament_cmake'
[0.842s] INFO:colcon.colcon_cmake.task.cmake.build:Building CMake package in '/home/z/ws01_plumbing/src/cpp03_action'
[0.843s] INFO:colcon.colcon_core.shell:Skip shell extension 'powershell' for command environment: Not usable outside of PowerShell
[0.843s] DEBUG:colcon.colcon_core.shell:Skip shell extension 'dsv' for command environment
[0.855s] DEBUG:colcon.colcon_core.event_handler.log_command:Invoking command in '/home/z/ws01_plumbing/build/cpp01_topic': CMAKE_PREFIX_PATH=/home/z/ws01_plumbing/install/base_interfaces_demo:/home/z/ws01_plumbing/install/cpp03_action:/home/z/ws01_plumbing/install/cpp02_service:/home/z/ws01_plumbing/install/cpp01_topic:/opt/ros/humble /usr/bin/cmake --build /home/z/ws01_plumbing/build/cpp01_topic -- -j4 -l4
[0.859s] DEBUG:colcon.colcon_core.event_handler.log_command:Invoking command in '/home/z/ws01_plumbing/build/cpp02_service': CMAKE_PREFIX_PATH=/home/z/ws01_plumbing/install/base_interfaces_demo:/home/z/ws01_plumbing/install/cpp03_action:/home/z/ws01_plumbing/install/cpp02_service:/home/z/ws01_plumbing/install/cpp01_topic:/opt/ros/humble /usr/bin/cmake --build /home/z/ws01_plumbing/build/cpp02_service -- -j4 -l4
[0.862s] DEBUG:colcon.colcon_core.event_handler.log_command:Invoking command in '/home/z/ws01_plumbing/build/cpp03_action': CMAKE_PREFIX_PATH=/home/z/ws01_plumbing/install/base_interfaces_demo:/home/z/ws01_plumbing/install/cpp03_action:/home/z/ws01_plumbing/install/cpp02_service:/home/z/ws01_plumbing/install/cpp01_topic:/opt/ros/humble /usr/bin/cmake --build /home/z/ws01_plumbing/build/cpp03_action -- -j4 -l4
[0.968s] DEBUG:colcon.colcon_core.event_handler.log_command:Invoked command in '/home/z/ws01_plumbing/build/cpp03_action' returned '0': CMAKE_PREFIX_PATH=/home/z/ws01_plumbing/install/base_interfaces_demo:/home/z/ws01_plumbing/install/cpp03_action:/home/z/ws01_plumbing/install/cpp02_service:/home/z/ws01_plumbing/install/cpp01_topic:/opt/ros/humble /usr/bin/cmake --build /home/z/ws01_plumbing/build/cpp03_action -- -j4 -l4
[1.108s] DEBUG:colcon.colcon_core.event_handler.log_command:Invoking command in '/home/z/ws01_plumbing/build/cpp03_action': CMAKE_PREFIX_PATH=/home/z/ws01_plumbing/install/base_interfaces_demo:/home/z/ws01_plumbing/install/cpp03_action:/home/z/ws01_plumbing/install/cpp02_service:/home/z/ws01_plumbing/install/cpp01_topic:/opt/ros/humble /usr/bin/cmake --install /home/z/ws01_plumbing/build/cpp03_action
[1.128s] Level 1:colcon.colcon_core.environment:create_environment_scripts_only(cpp03_action)
[1.130s] Level 1:colcon.colcon_core.environment:checking '/home/z/ws01_plumbing/install/cpp03_action' for CMake module files
[1.135s] DEBUG:colcon.colcon_core.event_handler.log_command:Invoked command in '/home/z/ws01_plumbing/build/cpp03_action' returned '0': CMAKE_PREFIX_PATH=/home/z/ws01_plumbing/install/base_interfaces_demo:/home/z/ws01_plumbing/install/cpp03_action:/home/z/ws01_plumbing/install/cpp02_service:/home/z/ws01_plumbing/install/cpp01_topic:/opt/ros/humble /usr/bin/cmake --install /home/z/ws01_plumbing/build/cpp03_action
[1.135s] Level 1:colcon.colcon_core.environment:checking '/home/z/ws01_plumbing/install/cpp03_action' for CMake config files
[1.136s] Level 1:colcon.colcon_core.shell:create_environment_hook('cpp03_action', 'cmake_prefix_path')
[1.137s] INFO:colcon.colcon_core.shell:Creating environment hook '/home/z/ws01_plumbing/install/cpp03_action/share/cpp03_action/hook/cmake_prefix_path.ps1'
[1.138s] INFO:colcon.colcon_core.shell:Creating environment descriptor '/home/z/ws01_plumbing/install/cpp03_action/share/cpp03_action/hook/cmake_prefix_path.dsv'
[1.138s] INFO:colcon.colcon_core.shell:Creating environment hook '/home/z/ws01_plumbing/install/cpp03_action/share/cpp03_action/hook/cmake_prefix_path.sh'
[1.139s] Level 1:colcon.colcon_core.environment:checking '/home/z/ws01_plumbing/install/cpp03_action/lib'
[1.139s] Level 1:colcon.colcon_core.environment:checking '/home/z/ws01_plumbing/install/cpp03_action/bin'
[1.139s] Level 1:colcon.colcon_core.environment:checking '/home/z/ws01_plumbing/install/cpp03_action/lib/pkgconfig/cpp03_action.pc'
[1.139s] Level 1:colcon.colcon_core.environment:checking '/home/z/ws01_plumbing/install/cpp03_action/lib/python3.10/site-packages'
[1.139s] Level 1:colcon.colcon_core.environment:checking '/home/z/ws01_plumbing/install/cpp03_action/bin'
[1.140s] INFO:colcon.colcon_core.shell:Creating package script '/home/z/ws01_plumbing/install/cpp03_action/share/cpp03_action/package.ps1'
[1.141s] INFO:colcon.colcon_core.shell:Creating package descriptor '/home/z/ws01_plumbing/install/cpp03_action/share/cpp03_action/package.dsv'
[1.141s] INFO:colcon.colcon_core.shell:Creating package script '/home/z/ws01_plumbing/install/cpp03_action/share/cpp03_action/package.sh'
[1.142s] INFO:colcon.colcon_core.shell:Creating package script '/home/z/ws01_plumbing/install/cpp03_action/share/cpp03_action/package.bash'
[1.142s] INFO:colcon.colcon_core.shell:Creating package script '/home/z/ws01_plumbing/install/cpp03_action/share/cpp03_action/package.zsh'
[1.143s] Level 1:colcon.colcon_core.environment:create_file_with_runtime_dependencies(/home/z/ws01_plumbing/install/cpp03_action/share/colcon-core/packages/cpp03_action)
[1.250s] Level 1:colcon.colcon_core.environment:create_environment_scripts_only(cpp03_action)
[1.252s] Level 1:colcon.colcon_core.environment:checking '/home/z/ws01_plumbing/install/cpp03_action' for CMake module files
[1.253s] Level 1:colcon.colcon_core.environment:checking '/home/z/ws01_plumbing/install/cpp03_action' for CMake config files
[1.253s] Level 1:colcon.colcon_core.shell:create_environment_hook('cpp03_action', 'cmake_prefix_path')
[1.254s] INFO:colcon.colcon_core.shell:Creating environment hook '/home/z/ws01_plumbing/install/cpp03_action/share/cpp03_action/hook/cmake_prefix_path.ps1'
[1.259s] INFO:colcon.colcon_core.shell:Creating environment descriptor '/home/z/ws01_plumbing/install/cpp03_action/share/cpp03_action/hook/cmake_prefix_path.dsv'
[1.259s] INFO:colcon.colcon_core.shell:Creating environment hook '/home/z/ws01_plumbing/install/cpp03_action/share/cpp03_action/hook/cmake_prefix_path.sh'
[1.260s] Level 1:colcon.colcon_core.environment:checking '/home/z/ws01_plumbing/install/cpp03_action/lib'
[1.260s] Level 1:colcon.colcon_core.environment:checking '/home/z/ws01_plumbing/install/cpp03_action/bin'
[1.260s] Level 1:colcon.colcon_core.environment:checking '/home/z/ws01_plumbing/install/cpp03_action/lib/pkgconfig/cpp03_action.pc'
[1.260s] Level 1:colcon.colcon_core.environment:checking '/home/z/ws01_plumbing/install/cpp03_action/lib/python3.10/site-packages'
[1.260s] Level 1:colcon.colcon_core.environment:checking '/home/z/ws01_plumbing/install/cpp03_action/bin'
[1.261s] INFO:colcon.colcon_core.shell:Creating package script '/home/z/ws01_plumbing/install/cpp03_action/share/cpp03_action/package.ps1'
[1.261s] INFO:colcon.colcon_core.shell:Creating package descriptor '/home/z/ws01_plumbing/install/cpp03_action/share/cpp03_action/package.dsv'
[1.262s] INFO:colcon.colcon_core.shell:Creating package script '/home/z/ws01_plumbing/install/cpp03_action/share/cpp03_action/package.sh'
[1.262s] INFO:colcon.colcon_core.shell:Creating package script '/home/z/ws01_plumbing/install/cpp03_action/share/cpp03_action/package.bash'
[1.263s] INFO:colcon.colcon_core.shell:Creating package script '/home/z/ws01_plumbing/install/cpp03_action/share/cpp03_action/package.zsh'
[1.263s] Level 1:colcon.colcon_core.environment:create_file_with_runtime_dependencies(/home/z/ws01_plumbing/install/cpp03_action/share/colcon-core/packages/cpp03_action)
[8.644s] DEBUG:colcon.colcon_core.event_handler.log_command:Invoked command in '/home/z/ws01_plumbing/build/cpp02_service' returned '0': CMAKE_PREFIX_PATH=/home/z/ws01_plumbing/install/base_interfaces_demo:/home/z/ws01_plumbing/install/cpp03_action:/home/z/ws01_plumbing/install/cpp02_service:/home/z/ws01_plumbing/install/cpp01_topic:/opt/ros/humble /usr/bin/cmake --build /home/z/ws01_plumbing/build/cpp02_service -- -j4 -l4
[9.003s] DEBUG:colcon.colcon_core.event_handler.log_command:Invoking command in '/home/z/ws01_plumbing/build/cpp02_service': CMAKE_PREFIX_PATH=/home/z/ws01_plumbing/install/base_interfaces_demo:/home/z/ws01_plumbing/install/cpp03_action:/home/z/ws01_plumbing/install/cpp02_service:/home/z/ws01_plumbing/install/cpp01_topic:/opt/ros/humble /usr/bin/cmake --install /home/z/ws01_plumbing/build/cpp02_service
[9.067s] Level 1:colcon.colcon_core.environment:create_environment_scripts_only(cpp02_service)
[9.068s] DEBUG:colcon.colcon_core.event_handler.log_command:Invoked command in '/home/z/ws01_plumbing/build/cpp02_service' returned '0': CMAKE_PREFIX_PATH=/home/z/ws01_plumbing/install/base_interfaces_demo:/home/z/ws01_plumbing/install/cpp03_action:/home/z/ws01_plumbing/install/cpp02_service:/home/z/ws01_plumbing/install/cpp01_topic:/opt/ros/humble /usr/bin/cmake --install /home/z/ws01_plumbing/build/cpp02_service
[9.071s] Level 1:colcon.colcon_core.environment:checking '/home/z/ws01_plumbing/install/cpp02_service' for CMake module files
[9.075s] Level 1:colcon.colcon_core.environment:checking '/home/z/ws01_plumbing/install/cpp02_service' for CMake config files
[9.099s] Level 1:colcon.colcon_core.shell:create_environment_hook('cpp02_service', 'cmake_prefix_path')
[9.100s] INFO:colcon.colcon_core.shell:Creating environment hook '/home/z/ws01_plumbing/install/cpp02_service/share/cpp02_service/hook/cmake_prefix_path.ps1'
[9.124s] INFO:colcon.colcon_core.shell:Creating environment descriptor '/home/z/ws01_plumbing/install/cpp02_service/share/cpp02_service/hook/cmake_prefix_path.dsv'
[9.139s] INFO:colcon.colcon_core.shell:Creating environment hook '/home/z/ws01_plumbing/install/cpp02_service/share/cpp02_service/hook/cmake_prefix_path.sh'
[9.140s] Level 1:colcon.colcon_core.environment:checking '/home/z/ws01_plumbing/install/cpp02_service/lib'
[9.140s] Level 1:colcon.colcon_core.environment:checking '/home/z/ws01_plumbing/install/cpp02_service/bin'
[9.140s] Level 1:colcon.colcon_core.environment:checking '/home/z/ws01_plumbing/install/cpp02_service/lib/pkgconfig/cpp02_service.pc'
[9.140s] Level 1:colcon.colcon_core.environment:checking '/home/z/ws01_plumbing/install/cpp02_service/lib/python3.10/site-packages'
[9.140s] Level 1:colcon.colcon_core.environment:checking '/home/z/ws01_plumbing/install/cpp02_service/bin'
[9.141s] INFO:colcon.colcon_core.shell:Creating package script '/home/z/ws01_plumbing/install/cpp02_service/share/cpp02_service/package.ps1'
[9.141s] INFO:colcon.colcon_core.shell:Creating package descriptor '/home/z/ws01_plumbing/install/cpp02_service/share/cpp02_service/package.dsv'
[9.142s] INFO:colcon.colcon_core.shell:Creating package script '/home/z/ws01_plumbing/install/cpp02_service/share/cpp02_service/package.sh'
[9.142s] INFO:colcon.colcon_core.shell:Creating package script '/home/z/ws01_plumbing/install/cpp02_service/share/cpp02_service/package.bash'
[9.144s] INFO:colcon.colcon_core.shell:Creating package script '/home/z/ws01_plumbing/install/cpp02_service/share/cpp02_service/package.zsh'
[9.145s] Level 1:colcon.colcon_core.environment:create_file_with_runtime_dependencies(/home/z/ws01_plumbing/install/cpp02_service/share/colcon-core/packages/cpp02_service)
[9.292s] Level 1:colcon.colcon_core.environment:create_environment_scripts_only(cpp02_service)
[9.293s] Level 1:colcon.colcon_core.environment:checking '/home/z/ws01_plumbing/install/cpp02_service' for CMake module files
[9.294s] Level 1:colcon.colcon_core.environment:checking '/home/z/ws01_plumbing/install/cpp02_service' for CMake config files
[9.294s] Level 1:colcon.colcon_core.shell:create_environment_hook('cpp02_service', 'cmake_prefix_path')
[9.295s] INFO:colcon.colcon_core.shell:Creating environment hook '/home/z/ws01_plumbing/install/cpp02_service/share/cpp02_service/hook/cmake_prefix_path.ps1'
[9.296s] INFO:colcon.colcon_core.shell:Creating environment descriptor '/home/z/ws01_plumbing/install/cpp02_service/share/cpp02_service/hook/cmake_prefix_path.dsv'
[9.296s] INFO:colcon.colcon_core.shell:Creating environment hook '/home/z/ws01_plumbing/install/cpp02_service/share/cpp02_service/hook/cmake_prefix_path.sh'
[9.297s] Level 1:colcon.colcon_core.environment:checking '/home/z/ws01_plumbing/install/cpp02_service/lib'
[9.297s] Level 1:colcon.colcon_core.environment:checking '/home/z/ws01_plumbing/install/cpp02_service/bin'
[9.297s] Level 1:colcon.colcon_core.environment:checking '/home/z/ws01_plumbing/install/cpp02_service/lib/pkgconfig/cpp02_service.pc'
[9.297s] Level 1:colcon.colcon_core.environment:checking '/home/z/ws01_plumbing/install/cpp02_service/lib/python3.10/site-packages'
[9.297s] Level 1:colcon.colcon_core.environment:checking '/home/z/ws01_plumbing/install/cpp02_service/bin'
[9.298s] INFO:colcon.colcon_core.shell:Creating package script '/home/z/ws01_plumbing/install/cpp02_service/share/cpp02_service/package.ps1'
[9.300s] INFO:colcon.colcon_core.shell:Creating package descriptor '/home/z/ws01_plumbing/install/cpp02_service/share/cpp02_service/package.dsv'
[9.300s] INFO:colcon.colcon_core.shell:Creating package script '/home/z/ws01_plumbing/install/cpp02_service/share/cpp02_service/package.sh'
[9.301s] INFO:colcon.colcon_core.shell:Creating package script '/home/z/ws01_plumbing/install/cpp02_service/share/cpp02_service/package.bash'
[9.301s] INFO:colcon.colcon_core.shell:Creating package script '/home/z/ws01_plumbing/install/cpp02_service/share/cpp02_service/package.zsh'
[9.302s] Level 1:colcon.colcon_core.environment:create_file_with_runtime_dependencies(/home/z/ws01_plumbing/install/cpp02_service/share/colcon-core/packages/cpp02_service)
[12.230s] DEBUG:colcon.colcon_core.event_handler.log_command:Invoked command in '/home/z/ws01_plumbing/build/cpp01_topic' returned '0': CMAKE_PREFIX_PATH=/home/z/ws01_plumbing/install/base_interfaces_demo:/home/z/ws01_plumbing/install/cpp03_action:/home/z/ws01_plumbing/install/cpp02_service:/home/z/ws01_plumbing/install/cpp01_topic:/opt/ros/humble /usr/bin/cmake --build /home/z/ws01_plumbing/build/cpp01_topic -- -j4 -l4
[12.253s] DEBUG:colcon.colcon_core.event_handler.log_command:Invoking command in '/home/z/ws01_plumbing/build/cpp01_topic': CMAKE_PREFIX_PATH=/home/z/ws01_plumbing/install/base_interfaces_demo:/home/z/ws01_plumbing/install/cpp03_action:/home/z/ws01_plumbing/install/cpp02_service:/home/z/ws01_plumbing/install/cpp01_topic:/opt/ros/humble /usr/bin/cmake --install /home/z/ws01_plumbing/build/cpp01_topic
[12.279s] Level 1:colcon.colcon_core.environment:create_environment_scripts_only(cpp01_topic)
[12.280s] Level 1:colcon.colcon_core.environment:checking '/home/z/ws01_plumbing/install/cpp01_topic' for CMake module files
[12.281s] Level 1:colcon.colcon_core.environment:checking '/home/z/ws01_plumbing/install/cpp01_topic' for CMake config files
[12.281s] DEBUG:colcon.colcon_core.event_handler.log_command:Invoked command in '/home/z/ws01_plumbing/build/cpp01_topic' returned '0': CMAKE_PREFIX_PATH=/home/z/ws01_plumbing/install/base_interfaces_demo:/home/z/ws01_plumbing/install/cpp03_action:/home/z/ws01_plumbing/install/cpp02_service:/home/z/ws01_plumbing/install/cpp01_topic:/opt/ros/humble /usr/bin/cmake --install /home/z/ws01_plumbing/build/cpp01_topic
[12.281s] Level 1:colcon.colcon_core.shell:create_environment_hook('cpp01_topic', 'cmake_prefix_path')
[12.282s] INFO:colcon.colcon_core.shell:Creating environment hook '/home/z/ws01_plumbing/install/cpp01_topic/share/cpp01_topic/hook/cmake_prefix_path.ps1'
[12.282s] INFO:colcon.colcon_core.shell:Creating environment descriptor '/home/z/ws01_plumbing/install/cpp01_topic/share/cpp01_topic/hook/cmake_prefix_path.dsv'
[12.283s] INFO:colcon.colcon_core.shell:Creating environment hook '/home/z/ws01_plumbing/install/cpp01_topic/share/cpp01_topic/hook/cmake_prefix_path.sh'
[12.283s] Level 1:colcon.colcon_core.environment:checking '/home/z/ws01_plumbing/install/cpp01_topic/lib'
[12.283s] Level 1:colcon.colcon_core.environment:checking '/home/z/ws01_plumbing/install/cpp01_topic/bin'
[12.283s] Level 1:colcon.colcon_core.environment:checking '/home/z/ws01_plumbing/install/cpp01_topic/lib/pkgconfig/cpp01_topic.pc'
[12.283s] Level 1:colcon.colcon_core.environment:checking '/home/z/ws01_plumbing/install/cpp01_topic/lib/python3.10/site-packages'
[12.284s] Level 1:colcon.colcon_core.environment:checking '/home/z/ws01_plumbing/install/cpp01_topic/bin'
[12.284s] INFO:colcon.colcon_core.shell:Creating package script '/home/z/ws01_plumbing/install/cpp01_topic/share/cpp01_topic/package.ps1'
[12.285s] INFO:colcon.colcon_core.shell:Creating package descriptor '/home/z/ws01_plumbing/install/cpp01_topic/share/cpp01_topic/package.dsv'
[12.285s] INFO:colcon.colcon_core.shell:Creating package script '/home/z/ws01_plumbing/install/cpp01_topic/share/cpp01_topic/package.sh'
[12.285s] INFO:colcon.colcon_core.shell:Creating package script '/home/z/ws01_plumbing/install/cpp01_topic/share/cpp01_topic/package.bash'
[12.286s] INFO:colcon.colcon_core.shell:Creating package script '/home/z/ws01_plumbing/install/cpp01_topic/share/cpp01_topic/package.zsh'
[12.286s] Level 1:colcon.colcon_core.environment:create_file_with_runtime_dependencies(/home/z/ws01_plumbing/install/cpp01_topic/share/colcon-core/packages/cpp01_topic)
[12.309s] Level 1:colcon.colcon_core.environment:create_environment_scripts_only(cpp01_topic)
[12.310s] Level 1:colcon.colcon_core.environment:checking '/home/z/ws01_plumbing/install/cpp01_topic' for CMake module files
[12.310s] Level 1:colcon.colcon_core.environment:checking '/home/z/ws01_plumbing/install/cpp01_topic' for CMake config files
[12.310s] Level 1:colcon.colcon_core.shell:create_environment_hook('cpp01_topic', 'cmake_prefix_path')
[12.311s] INFO:colcon.colcon_core.shell:Creating environment hook '/home/z/ws01_plumbing/install/cpp01_topic/share/cpp01_topic/hook/cmake_prefix_path.ps1'
[12.311s] INFO:colcon.colcon_core.shell:Creating environment descriptor '/home/z/ws01_plumbing/install/cpp01_topic/share/cpp01_topic/hook/cmake_prefix_path.dsv'
[12.312s] INFO:colcon.colcon_core.shell:Creating environment hook '/home/z/ws01_plumbing/install/cpp01_topic/share/cpp01_topic/hook/cmake_prefix_path.sh'
[12.312s] Level 1:colcon.colcon_core.environment:checking '/home/z/ws01_plumbing/install/cpp01_topic/lib'
[12.312s] Level 1:colcon.colcon_core.environment:checking '/home/z/ws01_plumbing/install/cpp01_topic/bin'
[12.312s] Level 1:colcon.colcon_core.environment:checking '/home/z/ws01_plumbing/install/cpp01_topic/lib/pkgconfig/cpp01_topic.pc'
[12.312s] Level 1:colcon.colcon_core.environment:checking '/home/z/ws01_plumbing/install/cpp01_topic/lib/python3.10/site-packages'
[12.313s] Level 1:colcon.colcon_core.environment:checking '/home/z/ws01_plumbing/install/cpp01_topic/bin'
[12.313s] INFO:colcon.colcon_core.shell:Creating package script '/home/z/ws01_plumbing/install/cpp01_topic/share/cpp01_topic/package.ps1'
[12.314s] INFO:colcon.colcon_core.shell:Creating package descriptor '/home/z/ws01_plumbing/install/cpp01_topic/share/cpp01_topic/package.dsv'
[12.314s] INFO:colcon.colcon_core.shell:Creating package script '/home/z/ws01_plumbing/install/cpp01_topic/share/cpp01_topic/package.sh'
[12.314s] INFO:colcon.colcon_core.shell:Creating package script '/home/z/ws01_plumbing/install/cpp01_topic/share/cpp01_topic/package.bash'
[12.315s] INFO:colcon.colcon_core.shell:Creating package script '/home/z/ws01_plumbing/install/cpp01_topic/share/cpp01_topic/package.zsh'
[12.315s] Level 1:colcon.colcon_core.environment:create_file_with_runtime_dependencies(/home/z/ws01_plumbing/install/cpp01_topic/share/colcon-core/packages/cpp01_topic)
[12.315s] DEBUG:colcon.colcon_parallel_executor.executor.parallel:closing loop
[12.316s] DEBUG:colcon.colcon_parallel_executor.executor.parallel:loop closed
[12.316s] DEBUG:colcon.colcon_parallel_executor.executor.parallel:run_until_complete finished with '0'
[12.316s] DEBUG:colcon.colcon_core.event_reactor:joining thread
[12.323s] INFO:colcon.colcon_core.plugin_system:Skipping extension 'colcon_notification.desktop_notification.terminal_notifier': Not used on non-Darwin systems
[12.323s] INFO:colcon.colcon_core.plugin_system:Skipping extension 'colcon_notification.desktop_notification.win32': Not used on non-Windows systems
[12.323s] INFO:colcon.colcon_notification.desktop_notification:Sending desktop notification using 'notify2'
[12.338s] DEBUG:colcon.colcon_core.event_reactor:joined thread
[12.339s] INFO:colcon.colcon_core.shell:Creating prefix script '/home/z/ws01_plumbing/install/local_setup.ps1'
[12.340s] INFO:colcon.colcon_core.shell:Creating prefix util module '/home/z/ws01_plumbing/install/_local_setup_util_ps1.py'
[12.341s] INFO:colcon.colcon_core.shell:Creating prefix chain script '/home/z/ws01_plumbing/install/setup.ps1'
[12.343s] INFO:colcon.colcon_core.shell:Creating prefix script '/home/z/ws01_plumbing/install/local_setup.sh'
[12.343s] INFO:colcon.colcon_core.shell:Creating prefix util module '/home/z/ws01_plumbing/install/_local_setup_util_sh.py'
[12.344s] INFO:colcon.colcon_core.shell:Creating prefix chain script '/home/z/ws01_plumbing/install/setup.sh'
[12.345s] INFO:colcon.colcon_core.shell:Creating prefix script '/home/z/ws01_plumbing/install/local_setup.bash'
[12.345s] INFO:colcon.colcon_core.shell:Creating prefix chain script '/home/z/ws01_plumbing/install/setup.bash'
[12.346s] INFO:colcon.colcon_core.shell:Creating prefix script '/home/z/ws01_plumbing/install/local_setup.zsh'
[12.347s] INFO:colcon.colcon_core.shell:Creating prefix chain script '/home/z/ws01_plumbing/install/setup.zsh'
