[0.008s] Invoking command in '/home/z/ws01_plumbing/build/cpp01_topic': CMAKE_PREFIX_PATH=/home/z/ws01_plumbing/install/base_interfaces_demo:/home/z/ws01_plumbing/install/cpp01_topic:/opt/ros/humble /usr/bin/cmake --build /home/z/ws01_plumbing/build/cpp01_topic -- -j4 -l4
[0.022s] -- Found ament_cmake: 1.3.3 (/opt/ros/humble/share/ament_cmake/cmake)
[0.117s] -- Found rclcpp: 16.0.3 (/opt/ros/humble/share/rclcpp/cmake)
[0.137s] -- Found rosidl_generator_c: 3.1.4 (/opt/ros/humble/share/rosidl_generator_c/cmake)
[0.139s] -- Found rosidl_adapter: 3.1.4 (/opt/ros/humble/share/rosidl_adapter/cmake)
[0.143s] -- Found rosidl_generator_cpp: 3.1.4 (/opt/ros/humble/share/rosidl_generator_cpp/cmake)
[0.150s] -- Using all available rosidl_typesupport_c: rosidl_typesupport_fastrtps_c;rosidl_typesupport_introspection_c
[0.160s] -- Using all available rosidl_typesupport_cpp: rosidl_typesupport_fastrtps_cpp;rosidl_typesupport_introspection_cpp
[0.206s] -- Found rmw_implementation_cmake: 6.1.1 (/opt/ros/humble/share/rmw_implementation_cmake/cmake)
[0.207s] -- Found rmw_fastrtps_cpp: 6.2.2 (/opt/ros/humble/share/rmw_fastrtps_cpp/cmake)
[0.283s] -- Using RMW implementation 'rmw_fastrtps_cpp' as default
[0.387s] -- Found base_interfaces_demo: 0.0.0 (/home/z/ws01_plumbing/install/base_interfaces_demo/share/base_interfaces_demo/cmake)
[0.388s] -- Found ament_lint_auto: 0.12.5 (/opt/ros/humble/share/ament_lint_auto/cmake)
[0.435s] -- Added test 'cppcheck' to perform static code analysis on C / C++ code
[0.435s] -- Configured cppcheck include dirs: $<BUILD_INTERFACE:/home/z/ws01_plumbing/src/cpp01_topic/include>
[0.435s] -- Configured cppcheck exclude dirs and/or files: 
[0.435s] -- Added test 'lint_cmake' to check CMake code style
[0.436s] -- Added test 'uncrustify' to check C / C++ code style
[0.436s] -- Configured uncrustify additional arguments: 
[0.436s] -- Added test 'xmllint' to check XML markup files
[0.436s] -- Configuring done
[0.444s] -- Generating done
[0.445s] -- Build files have been written to: /home/z/ws01_plumbing/build/cpp01_topic
[0.464s] [35m[1mConsolidate compiler generated dependencies of target demo01_talker_str[0m
[0.475s] [ 25%] [32mBuilding CXX object CMakeFiles/demo02_listener_str.dir/src/demo02_listener_str.cpp.o[0m
[0.484s] [ 75%] Built target demo01_talker_str
[0.490s] [100%] [32m[1mLinking CXX executable demo02_listener_str[0m
[0.524s] /usr/bin/ld: /usr/lib/gcc/x86_64-linux-gnu/11/../../../x86_64-linux-gnu/Scrt1.o: in function `_start':
[0.524s] (.text+0x1b): undefined reference to `main'
[0.525s] collect2: error: ld returned 1 exit status
[0.526s] gmake[2]: *** [CMakeFiles/demo02_listener_str.dir/build.make:159：demo02_listener_str] 错误 1
[0.527s] gmake[1]: *** [CMakeFiles/Makefile2:165：CMakeFiles/demo02_listener_str.dir/all] 错误 2
[0.527s] gmake: *** [Makefile:146：all] 错误 2
[0.529s] Invoked command in '/home/z/ws01_plumbing/build/cpp01_topic' returned '2': CMAKE_PREFIX_PATH=/home/z/ws01_plumbing/install/base_interfaces_demo:/home/z/ws01_plumbing/install/cpp01_topic:/opt/ros/humble /usr/bin/cmake --build /home/z/ws01_plumbing/build/cpp01_topic -- -j4 -l4
