[0.191s] DEBUG:colcon:Command line arguments: ['/usr/bin/colcon', 'build']
[0.191s] DEBUG:colcon:Parsed command line arguments: Namespace(log_base=None, log_level=None, verb_name='build', build_base='build', install_base='install', merge_install=False, symlink_install=False, test_result_base=None, continue_on_error=False, executor='parallel', parallel_workers=4, event_handlers=None, ignore_user_meta=False, metas=['./colcon.meta'], base_paths=['.'], packages_ignore=None, packages_ignore_regex=None, paths=None, packages_up_to=None, packages_up_to_regex=None, packages_above=None, packages_above_and_dependencies=None, packages_above_depth=None, packages_select_by_dep=None, packages_skip_by_dep=None, packages_skip_up_to=None, packages_select_build_failed=False, packages_skip_build_finished=False, packages_select_test_failures=False, packages_skip_test_passed=False, packages_select=None, packages_skip=None, packages_select_regex=None, packages_skip_regex=None, packages_start=None, packages_end=None, allow_overriding=[], cmake_args=None, cmake_target=None, cmake_target_skip_unavailable=False, cmake_clean_cache=False, cmake_clean_first=False, cmake_force_configure=False, ament_cmake_args=None, catkin_cmake_args=None, catkin_skip_building_tests=False, verb_parser=<colcon_defaults.argument_parser.defaults.DefaultArgumentsDecorator object at 0x7f66c234d600>, verb_extension=<colcon_core.verb.build.BuildVerb object at 0x7f66c2b3d000>, main=<bound method BuildVerb.main of <colcon_core.verb.build.BuildVerb object at 0x7f66c2b3d000>>)
[0.212s] Level 1:colcon.colcon_core.package_discovery:discover_packages(colcon_meta) check parameters
[0.212s] Level 1:colcon.colcon_core.package_discovery:discover_packages(recursive) check parameters
[0.212s] Level 1:colcon.colcon_core.package_discovery:discover_packages(ignore) check parameters
[0.212s] Level 1:colcon.colcon_core.package_discovery:discover_packages(path) check parameters
[0.212s] Level 1:colcon.colcon_core.package_discovery:discover_packages(colcon_meta) discover
[0.212s] Level 1:colcon.colcon_core.package_discovery:discover_packages(recursive) discover
[0.212s] INFO:colcon.colcon_core.package_discovery:Crawling recursively for packages in '/home/z/ws01_plumbing'
[0.212s] Level 1:colcon.colcon_core.package_identification:_identify(.) by extensions ['ignore', 'ignore_ament_install']
[0.212s] Level 1:colcon.colcon_core.package_identification:_identify(.) by extension 'ignore'
[0.212s] Level 1:colcon.colcon_core.package_identification:_identify(.) by extension 'ignore_ament_install'
[0.212s] Level 1:colcon.colcon_core.package_identification:_identify(.) by extensions ['colcon_pkg']
[0.212s] Level 1:colcon.colcon_core.package_identification:_identify(.) by extension 'colcon_pkg'
[0.212s] Level 1:colcon.colcon_core.package_identification:_identify(.) by extensions ['colcon_meta']
[0.212s] Level 1:colcon.colcon_core.package_identification:_identify(.) by extension 'colcon_meta'
[0.212s] Level 1:colcon.colcon_core.package_identification:_identify(.) by extensions ['ros']
[0.212s] Level 1:colcon.colcon_core.package_identification:_identify(.) by extension 'ros'
[0.227s] Level 1:colcon.colcon_core.package_identification:_identify(.) by extensions ['cmake', 'python']
[0.227s] Level 1:colcon.colcon_core.package_identification:_identify(.) by extension 'cmake'
[0.227s] Level 1:colcon.colcon_core.package_identification:_identify(.) by extension 'python'
[0.227s] Level 1:colcon.colcon_core.package_identification:_identify(.) by extensions ['python_setup_py']
[0.227s] Level 1:colcon.colcon_core.package_identification:_identify(.) by extension 'python_setup_py'
[0.227s] Level 1:colcon.colcon_core.package_identification:_identify(build) by extensions ['ignore', 'ignore_ament_install']
[0.227s] Level 1:colcon.colcon_core.package_identification:_identify(build) by extension 'ignore'
[0.227s] Level 1:colcon.colcon_core.package_identification:_identify(build) ignored
[0.227s] Level 1:colcon.colcon_core.package_identification:_identify(install) by extensions ['ignore', 'ignore_ament_install']
[0.227s] Level 1:colcon.colcon_core.package_identification:_identify(install) by extension 'ignore'
[0.228s] Level 1:colcon.colcon_core.package_identification:_identify(install) ignored
[0.228s] Level 1:colcon.colcon_core.package_identification:_identify(log) by extensions ['ignore', 'ignore_ament_install']
[0.228s] Level 1:colcon.colcon_core.package_identification:_identify(log) by extension 'ignore'
[0.228s] Level 1:colcon.colcon_core.package_identification:_identify(log) ignored
[0.228s] Level 1:colcon.colcon_core.package_identification:_identify(src) by extensions ['ignore', 'ignore_ament_install']
[0.228s] Level 1:colcon.colcon_core.package_identification:_identify(src) by extension 'ignore'
[0.228s] Level 1:colcon.colcon_core.package_identification:_identify(src) by extension 'ignore_ament_install'
[0.228s] Level 1:colcon.colcon_core.package_identification:_identify(src) by extensions ['colcon_pkg']
[0.228s] Level 1:colcon.colcon_core.package_identification:_identify(src) by extension 'colcon_pkg'
[0.228s] Level 1:colcon.colcon_core.package_identification:_identify(src) by extensions ['colcon_meta']
[0.228s] Level 1:colcon.colcon_core.package_identification:_identify(src) by extension 'colcon_meta'
[0.228s] Level 1:colcon.colcon_core.package_identification:_identify(src) by extensions ['ros']
[0.228s] Level 1:colcon.colcon_core.package_identification:_identify(src) by extension 'ros'
[0.228s] Level 1:colcon.colcon_core.package_identification:_identify(src) by extensions ['cmake', 'python']
[0.228s] Level 1:colcon.colcon_core.package_identification:_identify(src) by extension 'cmake'
[0.228s] Level 1:colcon.colcon_core.package_identification:_identify(src) by extension 'python'
[0.228s] Level 1:colcon.colcon_core.package_identification:_identify(src) by extensions ['python_setup_py']
[0.228s] Level 1:colcon.colcon_core.package_identification:_identify(src) by extension 'python_setup_py'
[0.228s] Level 1:colcon.colcon_core.package_identification:_identify(src/base_interfaces_demo) by extensions ['ignore', 'ignore_ament_install']
[0.228s] Level 1:colcon.colcon_core.package_identification:_identify(src/base_interfaces_demo) by extension 'ignore'
[0.228s] Level 1:colcon.colcon_core.package_identification:_identify(src/base_interfaces_demo) by extension 'ignore_ament_install'
[0.228s] Level 1:colcon.colcon_core.package_identification:_identify(src/base_interfaces_demo) by extensions ['colcon_pkg']
[0.228s] Level 1:colcon.colcon_core.package_identification:_identify(src/base_interfaces_demo) by extension 'colcon_pkg'
[0.228s] Level 1:colcon.colcon_core.package_identification:_identify(src/base_interfaces_demo) by extensions ['colcon_meta']
[0.228s] Level 1:colcon.colcon_core.package_identification:_identify(src/base_interfaces_demo) by extension 'colcon_meta'
[0.228s] Level 1:colcon.colcon_core.package_identification:_identify(src/base_interfaces_demo) by extensions ['ros']
[0.228s] Level 1:colcon.colcon_core.package_identification:_identify(src/base_interfaces_demo) by extension 'ros'
[0.231s] DEBUG:colcon.colcon_core.package_identification:Package 'src/base_interfaces_demo' with type 'ros.ament_cmake' and name 'base_interfaces_demo'
[0.231s] Level 1:colcon.colcon_core.package_identification:_identify(src/cpp01_topic) by extensions ['ignore', 'ignore_ament_install']
[0.231s] Level 1:colcon.colcon_core.package_identification:_identify(src/cpp01_topic) by extension 'ignore'
[0.231s] Level 1:colcon.colcon_core.package_identification:_identify(src/cpp01_topic) by extension 'ignore_ament_install'
[0.231s] Level 1:colcon.colcon_core.package_identification:_identify(src/cpp01_topic) by extensions ['colcon_pkg']
[0.231s] Level 1:colcon.colcon_core.package_identification:_identify(src/cpp01_topic) by extension 'colcon_pkg'
[0.231s] Level 1:colcon.colcon_core.package_identification:_identify(src/cpp01_topic) by extensions ['colcon_meta']
[0.231s] Level 1:colcon.colcon_core.package_identification:_identify(src/cpp01_topic) by extension 'colcon_meta'
[0.231s] Level 1:colcon.colcon_core.package_identification:_identify(src/cpp01_topic) by extensions ['ros']
[0.231s] Level 1:colcon.colcon_core.package_identification:_identify(src/cpp01_topic) by extension 'ros'
[0.232s] DEBUG:colcon.colcon_core.package_identification:Package 'src/cpp01_topic' with type 'ros.ament_cmake' and name 'cpp01_topic'
[0.232s] Level 1:colcon.colcon_core.package_discovery:discover_packages(recursive) using defaults
[0.232s] Level 1:colcon.colcon_core.package_discovery:discover_packages(ignore) discover
[0.232s] Level 1:colcon.colcon_core.package_discovery:discover_packages(ignore) using defaults
[0.232s] Level 1:colcon.colcon_core.package_discovery:discover_packages(path) discover
[0.232s] Level 1:colcon.colcon_core.package_discovery:discover_packages(path) using defaults
[0.253s] Level 1:colcon.colcon_core.package_discovery:discover_packages(prefix_path) check parameters
[0.253s] Level 1:colcon.colcon_core.package_discovery:discover_packages(prefix_path) discover
[0.255s] DEBUG:colcon.colcon_installed_package_information.package_discovery:Found 270 installed packages in /opt/ros/humble
[0.257s] Level 1:colcon.colcon_core.package_discovery:discover_packages(prefix_path) using defaults
[0.297s] Level 5:colcon.colcon_core.verb:set package 'base_interfaces_demo' build argument 'cmake_args' from command line to 'None'
[0.297s] Level 5:colcon.colcon_core.verb:set package 'base_interfaces_demo' build argument 'cmake_target' from command line to 'None'
[0.297s] Level 5:colcon.colcon_core.verb:set package 'base_interfaces_demo' build argument 'cmake_target_skip_unavailable' from command line to 'False'
[0.297s] Level 5:colcon.colcon_core.verb:set package 'base_interfaces_demo' build argument 'cmake_clean_cache' from command line to 'False'
[0.297s] Level 5:colcon.colcon_core.verb:set package 'base_interfaces_demo' build argument 'cmake_clean_first' from command line to 'False'
[0.297s] Level 5:colcon.colcon_core.verb:set package 'base_interfaces_demo' build argument 'cmake_force_configure' from command line to 'False'
[0.297s] Level 5:colcon.colcon_core.verb:set package 'base_interfaces_demo' build argument 'ament_cmake_args' from command line to 'None'
[0.297s] Level 5:colcon.colcon_core.verb:set package 'base_interfaces_demo' build argument 'catkin_cmake_args' from command line to 'None'
[0.297s] Level 5:colcon.colcon_core.verb:set package 'base_interfaces_demo' build argument 'catkin_skip_building_tests' from command line to 'False'
[0.297s] DEBUG:colcon.colcon_core.verb:Building package 'base_interfaces_demo' with the following arguments: {'ament_cmake_args': None, 'build_base': '/home/z/ws01_plumbing/build/base_interfaces_demo', 'catkin_cmake_args': None, 'catkin_skip_building_tests': False, 'cmake_args': None, 'cmake_clean_cache': False, 'cmake_clean_first': False, 'cmake_force_configure': False, 'cmake_target': None, 'cmake_target_skip_unavailable': False, 'install_base': '/home/z/ws01_plumbing/install/base_interfaces_demo', 'merge_install': False, 'path': '/home/z/ws01_plumbing/src/base_interfaces_demo', 'symlink_install': False, 'test_result_base': None}
[0.298s] Level 5:colcon.colcon_core.verb:set package 'cpp01_topic' build argument 'cmake_args' from command line to 'None'
[0.298s] Level 5:colcon.colcon_core.verb:set package 'cpp01_topic' build argument 'cmake_target' from command line to 'None'
[0.298s] Level 5:colcon.colcon_core.verb:set package 'cpp01_topic' build argument 'cmake_target_skip_unavailable' from command line to 'False'
[0.298s] Level 5:colcon.colcon_core.verb:set package 'cpp01_topic' build argument 'cmake_clean_cache' from command line to 'False'
[0.298s] Level 5:colcon.colcon_core.verb:set package 'cpp01_topic' build argument 'cmake_clean_first' from command line to 'False'
[0.298s] Level 5:colcon.colcon_core.verb:set package 'cpp01_topic' build argument 'cmake_force_configure' from command line to 'False'
[0.298s] Level 5:colcon.colcon_core.verb:set package 'cpp01_topic' build argument 'ament_cmake_args' from command line to 'None'
[0.298s] Level 5:colcon.colcon_core.verb:set package 'cpp01_topic' build argument 'catkin_cmake_args' from command line to 'None'
[0.298s] Level 5:colcon.colcon_core.verb:set package 'cpp01_topic' build argument 'catkin_skip_building_tests' from command line to 'False'
[0.298s] DEBUG:colcon.colcon_core.verb:Building package 'cpp01_topic' with the following arguments: {'ament_cmake_args': None, 'build_base': '/home/z/ws01_plumbing/build/cpp01_topic', 'catkin_cmake_args': None, 'catkin_skip_building_tests': False, 'cmake_args': None, 'cmake_clean_cache': False, 'cmake_clean_first': False, 'cmake_force_configure': False, 'cmake_target': None, 'cmake_target_skip_unavailable': False, 'install_base': '/home/z/ws01_plumbing/install/cpp01_topic', 'merge_install': False, 'path': '/home/z/ws01_plumbing/src/cpp01_topic', 'symlink_install': False, 'test_result_base': None}
[0.299s] INFO:colcon.colcon_core.executor:Executing jobs using 'parallel' executor
[0.301s] DEBUG:colcon.colcon_parallel_executor.executor.parallel:run_until_complete
[0.301s] INFO:colcon.colcon_ros.task.ament_cmake.build:Building ROS package in '/home/z/ws01_plumbing/src/base_interfaces_demo' with build type 'ament_cmake'
[0.301s] INFO:colcon.colcon_cmake.task.cmake.build:Building CMake package in '/home/z/ws01_plumbing/src/base_interfaces_demo'
[0.304s] INFO:colcon.colcon_core.plugin_system:Skipping extension 'colcon_core.shell.bat': Not used on non-Windows systems
[0.304s] INFO:colcon.colcon_core.shell:Skip shell extension 'powershell' for command environment: Not usable outside of PowerShell
[0.304s] DEBUG:colcon.colcon_core.shell:Skip shell extension 'dsv' for command environment
[0.310s] DEBUG:colcon.colcon_core.event_handler.log_command:Invoking command in '/home/z/ws01_plumbing/build/base_interfaces_demo': CMAKE_PREFIX_PATH=/opt/ros/humble /usr/bin/cmake --build /home/z/ws01_plumbing/build/base_interfaces_demo -- -j4 -l4
[0.339s] DEBUG:colcon.colcon_core.event_handler.log_command:Invoked command in '/home/z/ws01_plumbing/build/base_interfaces_demo' returned '0': CMAKE_PREFIX_PATH=/opt/ros/humble /usr/bin/cmake --build /home/z/ws01_plumbing/build/base_interfaces_demo -- -j4 -l4
[0.358s] DEBUG:colcon.colcon_core.event_handler.log_command:Invoking command in '/home/z/ws01_plumbing/build/base_interfaces_demo': CMAKE_PREFIX_PATH=/opt/ros/humble /usr/bin/cmake --install /home/z/ws01_plumbing/build/base_interfaces_demo
[0.365s] Level 1:colcon.colcon_core.environment:create_environment_scripts_only(base_interfaces_demo)
[0.366s] DEBUG:colcon.colcon_core.event_handler.log_command:Invoked command in '/home/z/ws01_plumbing/build/base_interfaces_demo' returned '0': CMAKE_PREFIX_PATH=/opt/ros/humble /usr/bin/cmake --install /home/z/ws01_plumbing/build/base_interfaces_demo
[0.369s] Level 1:colcon.colcon_core.environment:checking '/home/z/ws01_plumbing/install/base_interfaces_demo' for CMake module files
[0.369s] Level 1:colcon.colcon_core.environment:checking '/home/z/ws01_plumbing/install/base_interfaces_demo' for CMake config files
[0.369s] Level 1:colcon.colcon_core.shell:create_environment_hook('base_interfaces_demo', 'cmake_prefix_path')
[0.370s] INFO:colcon.colcon_core.shell:Creating environment hook '/home/z/ws01_plumbing/install/base_interfaces_demo/share/base_interfaces_demo/hook/cmake_prefix_path.ps1'
[0.371s] INFO:colcon.colcon_core.shell:Creating environment descriptor '/home/z/ws01_plumbing/install/base_interfaces_demo/share/base_interfaces_demo/hook/cmake_prefix_path.dsv'
[0.371s] INFO:colcon.colcon_core.shell:Creating environment hook '/home/z/ws01_plumbing/install/base_interfaces_demo/share/base_interfaces_demo/hook/cmake_prefix_path.sh'
[0.372s] Level 1:colcon.colcon_core.environment:checking '/home/z/ws01_plumbing/install/base_interfaces_demo/bin'
[0.372s] Level 1:colcon.colcon_core.environment:checking '/home/z/ws01_plumbing/install/base_interfaces_demo/lib/pkgconfig/base_interfaces_demo.pc'
[0.372s] Level 1:colcon.colcon_core.environment:checking '/home/z/ws01_plumbing/install/base_interfaces_demo/lib/python3.10/site-packages'
[0.372s] Level 1:colcon.colcon_core.environment:checking '/home/z/ws01_plumbing/install/base_interfaces_demo/bin'
[0.373s] INFO:colcon.colcon_core.shell:Creating package script '/home/z/ws01_plumbing/install/base_interfaces_demo/share/base_interfaces_demo/package.ps1'
[0.373s] INFO:colcon.colcon_core.shell:Creating package descriptor '/home/z/ws01_plumbing/install/base_interfaces_demo/share/base_interfaces_demo/package.dsv'
[0.374s] INFO:colcon.colcon_core.shell:Creating package script '/home/z/ws01_plumbing/install/base_interfaces_demo/share/base_interfaces_demo/package.sh'
[0.374s] INFO:colcon.colcon_core.shell:Creating package script '/home/z/ws01_plumbing/install/base_interfaces_demo/share/base_interfaces_demo/package.bash'
[0.374s] INFO:colcon.colcon_core.shell:Creating package script '/home/z/ws01_plumbing/install/base_interfaces_demo/share/base_interfaces_demo/package.zsh'
[0.375s] Level 1:colcon.colcon_core.environment:create_file_with_runtime_dependencies(/home/z/ws01_plumbing/install/base_interfaces_demo/share/colcon-core/packages/base_interfaces_demo)
[0.388s] Level 1:colcon.colcon_core.environment:create_environment_scripts_only(base_interfaces_demo)
[0.389s] Level 1:colcon.colcon_core.environment:checking '/home/z/ws01_plumbing/install/base_interfaces_demo' for CMake module files
[0.389s] Level 1:colcon.colcon_core.environment:checking '/home/z/ws01_plumbing/install/base_interfaces_demo' for CMake config files
[0.389s] Level 1:colcon.colcon_core.shell:create_environment_hook('base_interfaces_demo', 'cmake_prefix_path')
[0.390s] INFO:colcon.colcon_core.shell:Creating environment hook '/home/z/ws01_plumbing/install/base_interfaces_demo/share/base_interfaces_demo/hook/cmake_prefix_path.ps1'
[0.391s] INFO:colcon.colcon_core.shell:Creating environment descriptor '/home/z/ws01_plumbing/install/base_interfaces_demo/share/base_interfaces_demo/hook/cmake_prefix_path.dsv'
[0.391s] INFO:colcon.colcon_core.shell:Creating environment hook '/home/z/ws01_plumbing/install/base_interfaces_demo/share/base_interfaces_demo/hook/cmake_prefix_path.sh'
[0.391s] Level 1:colcon.colcon_core.environment:checking '/home/z/ws01_plumbing/install/base_interfaces_demo/bin'
[0.391s] Level 1:colcon.colcon_core.environment:checking '/home/z/ws01_plumbing/install/base_interfaces_demo/lib/pkgconfig/base_interfaces_demo.pc'
[0.391s] Level 1:colcon.colcon_core.environment:checking '/home/z/ws01_plumbing/install/base_interfaces_demo/lib/python3.10/site-packages'
[0.392s] Level 1:colcon.colcon_core.environment:checking '/home/z/ws01_plumbing/install/base_interfaces_demo/bin'
[0.392s] INFO:colcon.colcon_core.shell:Creating package script '/home/z/ws01_plumbing/install/base_interfaces_demo/share/base_interfaces_demo/package.ps1'
[0.393s] INFO:colcon.colcon_core.shell:Creating package descriptor '/home/z/ws01_plumbing/install/base_interfaces_demo/share/base_interfaces_demo/package.dsv'
[0.393s] INFO:colcon.colcon_core.shell:Creating package script '/home/z/ws01_plumbing/install/base_interfaces_demo/share/base_interfaces_demo/package.sh'
[0.393s] INFO:colcon.colcon_core.shell:Creating package script '/home/z/ws01_plumbing/install/base_interfaces_demo/share/base_interfaces_demo/package.bash'
[0.394s] INFO:colcon.colcon_core.shell:Creating package script '/home/z/ws01_plumbing/install/base_interfaces_demo/share/base_interfaces_demo/package.zsh'
[0.394s] Level 1:colcon.colcon_core.environment:create_file_with_runtime_dependencies(/home/z/ws01_plumbing/install/base_interfaces_demo/share/colcon-core/packages/base_interfaces_demo)
[0.394s] INFO:colcon.colcon_ros.task.ament_cmake.build:Building ROS package in '/home/z/ws01_plumbing/src/cpp01_topic' with build type 'ament_cmake'
[0.394s] INFO:colcon.colcon_cmake.task.cmake.build:Building CMake package in '/home/z/ws01_plumbing/src/cpp01_topic'
[0.395s] INFO:colcon.colcon_core.shell:Skip shell extension 'powershell' for command environment: Not usable outside of PowerShell
[0.395s] DEBUG:colcon.colcon_core.shell:Skip shell extension 'dsv' for command environment
[0.401s] DEBUG:colcon.colcon_core.event_handler.log_command:Invoking command in '/home/z/ws01_plumbing/build/cpp01_topic': AMENT_PREFIX_PATH=/home/z/ws01_plumbing/install/base_interfaces_demo:${AMENT_PREFIX_PATH} CMAKE_PREFIX_PATH=/home/z/ws01_plumbing/install/base_interfaces_demo:/opt/ros/humble /usr/bin/cmake /home/z/ws01_plumbing/src/cpp01_topic -DCMAKE_INSTALL_PREFIX=/home/z/ws01_plumbing/install/cpp01_topic
[0.844s] DEBUG:colcon.colcon_core.event_handler.log_command:Invoked command in '/home/z/ws01_plumbing/build/cpp01_topic' returned '0': AMENT_PREFIX_PATH=/home/z/ws01_plumbing/install/base_interfaces_demo:${AMENT_PREFIX_PATH} CMAKE_PREFIX_PATH=/home/z/ws01_plumbing/install/base_interfaces_demo:/opt/ros/humble /usr/bin/cmake /home/z/ws01_plumbing/src/cpp01_topic -DCMAKE_INSTALL_PREFIX=/home/z/ws01_plumbing/install/cpp01_topic
[0.844s] DEBUG:colcon.colcon_core.event_handler.log_command:Invoking command in '/home/z/ws01_plumbing/build/cpp01_topic': AMENT_PREFIX_PATH=/home/z/ws01_plumbing/install/base_interfaces_demo:${AMENT_PREFIX_PATH} CMAKE_PREFIX_PATH=/home/z/ws01_plumbing/install/base_interfaces_demo:/opt/ros/humble /usr/bin/cmake --build /home/z/ws01_plumbing/build/cpp01_topic -- -j4 -l4
[5.441s] DEBUG:colcon.colcon_core.event_handler.log_command:Invoked command in '/home/z/ws01_plumbing/build/cpp01_topic' returned '0': AMENT_PREFIX_PATH=/home/z/ws01_plumbing/install/base_interfaces_demo:${AMENT_PREFIX_PATH} CMAKE_PREFIX_PATH=/home/z/ws01_plumbing/install/base_interfaces_demo:/opt/ros/humble /usr/bin/cmake --build /home/z/ws01_plumbing/build/cpp01_topic -- -j4 -l4
[5.456s] DEBUG:colcon.colcon_core.event_handler.log_command:Invoking command in '/home/z/ws01_plumbing/build/cpp01_topic': AMENT_PREFIX_PATH=/home/z/ws01_plumbing/install/base_interfaces_demo:${AMENT_PREFIX_PATH} CMAKE_PREFIX_PATH=/home/z/ws01_plumbing/install/base_interfaces_demo:/opt/ros/humble /usr/bin/cmake --install /home/z/ws01_plumbing/build/cpp01_topic
[5.466s] Level 1:colcon.colcon_core.environment:create_environment_scripts_only(cpp01_topic)
[5.466s] DEBUG:colcon.colcon_core.event_handler.log_command:Invoked command in '/home/z/ws01_plumbing/build/cpp01_topic' returned '0': AMENT_PREFIX_PATH=/home/z/ws01_plumbing/install/base_interfaces_demo:${AMENT_PREFIX_PATH} CMAKE_PREFIX_PATH=/home/z/ws01_plumbing/install/base_interfaces_demo:/opt/ros/humble /usr/bin/cmake --install /home/z/ws01_plumbing/build/cpp01_topic
[5.467s] Level 1:colcon.colcon_core.environment:checking '/home/z/ws01_plumbing/install/cpp01_topic' for CMake module files
[5.467s] Level 1:colcon.colcon_core.environment:checking '/home/z/ws01_plumbing/install/cpp01_topic' for CMake config files
[5.468s] Level 1:colcon.colcon_core.shell:create_environment_hook('cpp01_topic', 'cmake_prefix_path')
[5.468s] INFO:colcon.colcon_core.shell:Creating environment hook '/home/z/ws01_plumbing/install/cpp01_topic/share/cpp01_topic/hook/cmake_prefix_path.ps1'
[5.469s] INFO:colcon.colcon_core.shell:Creating environment descriptor '/home/z/ws01_plumbing/install/cpp01_topic/share/cpp01_topic/hook/cmake_prefix_path.dsv'
[5.469s] INFO:colcon.colcon_core.shell:Creating environment hook '/home/z/ws01_plumbing/install/cpp01_topic/share/cpp01_topic/hook/cmake_prefix_path.sh'
[5.469s] Level 1:colcon.colcon_core.environment:checking '/home/z/ws01_plumbing/install/cpp01_topic/lib'
[5.469s] Level 1:colcon.colcon_core.environment:checking '/home/z/ws01_plumbing/install/cpp01_topic/bin'
[5.469s] Level 1:colcon.colcon_core.environment:checking '/home/z/ws01_plumbing/install/cpp01_topic/lib/pkgconfig/cpp01_topic.pc'
[5.469s] Level 1:colcon.colcon_core.environment:checking '/home/z/ws01_plumbing/install/cpp01_topic/lib/python3.10/site-packages'
[5.470s] Level 1:colcon.colcon_core.environment:checking '/home/z/ws01_plumbing/install/cpp01_topic/bin'
[5.470s] INFO:colcon.colcon_core.shell:Creating package script '/home/z/ws01_plumbing/install/cpp01_topic/share/cpp01_topic/package.ps1'
[5.471s] INFO:colcon.colcon_core.shell:Creating package descriptor '/home/z/ws01_plumbing/install/cpp01_topic/share/cpp01_topic/package.dsv'
[5.471s] INFO:colcon.colcon_core.shell:Creating package script '/home/z/ws01_plumbing/install/cpp01_topic/share/cpp01_topic/package.sh'
[5.471s] INFO:colcon.colcon_core.shell:Creating package script '/home/z/ws01_plumbing/install/cpp01_topic/share/cpp01_topic/package.bash'
[5.472s] INFO:colcon.colcon_core.shell:Creating package script '/home/z/ws01_plumbing/install/cpp01_topic/share/cpp01_topic/package.zsh'
[5.472s] Level 1:colcon.colcon_core.environment:create_file_with_runtime_dependencies(/home/z/ws01_plumbing/install/cpp01_topic/share/colcon-core/packages/cpp01_topic)
[5.487s] Level 1:colcon.colcon_core.environment:create_environment_scripts_only(cpp01_topic)
[5.488s] Level 1:colcon.colcon_core.environment:checking '/home/z/ws01_plumbing/install/cpp01_topic' for CMake module files
[5.489s] Level 1:colcon.colcon_core.environment:checking '/home/z/ws01_plumbing/install/cpp01_topic' for CMake config files
[5.489s] Level 1:colcon.colcon_core.shell:create_environment_hook('cpp01_topic', 'cmake_prefix_path')
[5.490s] INFO:colcon.colcon_core.shell:Creating environment hook '/home/z/ws01_plumbing/install/cpp01_topic/share/cpp01_topic/hook/cmake_prefix_path.ps1'
[5.490s] INFO:colcon.colcon_core.shell:Creating environment descriptor '/home/z/ws01_plumbing/install/cpp01_topic/share/cpp01_topic/hook/cmake_prefix_path.dsv'
[5.490s] INFO:colcon.colcon_core.shell:Creating environment hook '/home/z/ws01_plumbing/install/cpp01_topic/share/cpp01_topic/hook/cmake_prefix_path.sh'
[5.491s] Level 1:colcon.colcon_core.environment:checking '/home/z/ws01_plumbing/install/cpp01_topic/lib'
[5.491s] Level 1:colcon.colcon_core.environment:checking '/home/z/ws01_plumbing/install/cpp01_topic/bin'
[5.491s] Level 1:colcon.colcon_core.environment:checking '/home/z/ws01_plumbing/install/cpp01_topic/lib/pkgconfig/cpp01_topic.pc'
[5.491s] Level 1:colcon.colcon_core.environment:checking '/home/z/ws01_plumbing/install/cpp01_topic/lib/python3.10/site-packages'
[5.492s] Level 1:colcon.colcon_core.environment:checking '/home/z/ws01_plumbing/install/cpp01_topic/bin'
[5.492s] INFO:colcon.colcon_core.shell:Creating package script '/home/z/ws01_plumbing/install/cpp01_topic/share/cpp01_topic/package.ps1'
[5.493s] INFO:colcon.colcon_core.shell:Creating package descriptor '/home/z/ws01_plumbing/install/cpp01_topic/share/cpp01_topic/package.dsv'
[5.493s] INFO:colcon.colcon_core.shell:Creating package script '/home/z/ws01_plumbing/install/cpp01_topic/share/cpp01_topic/package.sh'
[5.494s] INFO:colcon.colcon_core.shell:Creating package script '/home/z/ws01_plumbing/install/cpp01_topic/share/cpp01_topic/package.bash'
[5.494s] INFO:colcon.colcon_core.shell:Creating package script '/home/z/ws01_plumbing/install/cpp01_topic/share/cpp01_topic/package.zsh'
[5.494s] Level 1:colcon.colcon_core.environment:create_file_with_runtime_dependencies(/home/z/ws01_plumbing/install/cpp01_topic/share/colcon-core/packages/cpp01_topic)
[5.494s] DEBUG:colcon.colcon_parallel_executor.executor.parallel:closing loop
[5.495s] DEBUG:colcon.colcon_parallel_executor.executor.parallel:loop closed
[5.495s] DEBUG:colcon.colcon_parallel_executor.executor.parallel:run_until_complete finished with '0'
[5.495s] DEBUG:colcon.colcon_core.event_reactor:joining thread
[5.499s] INFO:colcon.colcon_core.plugin_system:Skipping extension 'colcon_notification.desktop_notification.terminal_notifier': Not used on non-Darwin systems
[5.499s] INFO:colcon.colcon_core.plugin_system:Skipping extension 'colcon_notification.desktop_notification.win32': Not used on non-Windows systems
[5.499s] INFO:colcon.colcon_notification.desktop_notification:Sending desktop notification using 'notify2'
[5.507s] DEBUG:colcon.colcon_core.event_reactor:joined thread
[5.508s] INFO:colcon.colcon_core.shell:Creating prefix script '/home/z/ws01_plumbing/install/local_setup.ps1'
[5.509s] INFO:colcon.colcon_core.shell:Creating prefix util module '/home/z/ws01_plumbing/install/_local_setup_util_ps1.py'
[5.510s] INFO:colcon.colcon_core.shell:Creating prefix chain script '/home/z/ws01_plumbing/install/setup.ps1'
[5.512s] INFO:colcon.colcon_core.shell:Creating prefix script '/home/z/ws01_plumbing/install/local_setup.sh'
[5.513s] INFO:colcon.colcon_core.shell:Creating prefix util module '/home/z/ws01_plumbing/install/_local_setup_util_sh.py'
[5.513s] INFO:colcon.colcon_core.shell:Creating prefix chain script '/home/z/ws01_plumbing/install/setup.sh'
[5.515s] INFO:colcon.colcon_core.shell:Creating prefix script '/home/z/ws01_plumbing/install/local_setup.bash'
[5.516s] INFO:colcon.colcon_core.shell:Creating prefix chain script '/home/z/ws01_plumbing/install/setup.bash'
[5.517s] INFO:colcon.colcon_core.shell:Creating prefix script '/home/z/ws01_plumbing/install/local_setup.zsh'
[5.518s] INFO:colcon.colcon_core.shell:Creating prefix chain script '/home/z/ws01_plumbing/install/setup.zsh'
