[35m[1mConsolidate compiler generated dependencies of target demo03_talker_student[0m
[35m[1mConsolidate compiler generated dependencies of target demo04_listener_student[0m
[35m[1mConsolidate compiler generated dependencies of target demo02_listener_str[0m
[ 25%] Built target demo01_talker_str
[ 50%] Built target demo02_listener_str
[ 75%] Built target demo03_talker_student
[ 87%] [32mBuilding CXX object CMakeFiles/demo04_listener_student.dir/src/demo04_listener_student.cpp.o[0m
[100%] [32m[1mLinking CXX executable demo04_listener_student[0m
[100%] Built target demo04_listener_student
-- Install configuration: ""
-- Up-to-date: /home/z/ws01_plumbing/install/cpp01_topic/lib/cpp01_topic/demo01_talker_str
-- Up-to-date: /home/z/ws01_plumbing/install/cpp01_topic/lib/cpp01_topic/demo02_listener_str
-- Up-to-date: /home/z/ws01_plumbing/install/cpp01_topic/lib/cpp01_topic/demo03_talker_student
-- Installing: /home/z/ws01_plumbing/install/cpp01_topic/lib/cpp01_topic/demo04_listener_student
-- Set runtime path of "/home/z/ws01_plumbing/install/cpp01_topic/lib/cpp01_topic/demo04_listener_student" to ""
-- Up-to-date: /home/z/ws01_plumbing/install/cpp01_topic/share/ament_index/resource_index/package_run_dependencies/cpp01_topic
-- Up-to-date: /home/z/ws01_plumbing/install/cpp01_topic/share/ament_index/resource_index/parent_prefix_path/cpp01_topic
-- Up-to-date: /home/z/ws01_plumbing/install/cpp01_topic/share/cpp01_topic/environment/ament_prefix_path.sh
-- Up-to-date: /home/z/ws01_plumbing/install/cpp01_topic/share/cpp01_topic/environment/ament_prefix_path.dsv
-- Up-to-date: /home/z/ws01_plumbing/install/cpp01_topic/share/cpp01_topic/environment/path.sh
-- Up-to-date: /home/z/ws01_plumbing/install/cpp01_topic/share/cpp01_topic/environment/path.dsv
-- Up-to-date: /home/z/ws01_plumbing/install/cpp01_topic/share/cpp01_topic/local_setup.bash
-- Up-to-date: /home/z/ws01_plumbing/install/cpp01_topic/share/cpp01_topic/local_setup.sh
-- Up-to-date: /home/z/ws01_plumbing/install/cpp01_topic/share/cpp01_topic/local_setup.zsh
-- Up-to-date: /home/z/ws01_plumbing/install/cpp01_topic/share/cpp01_topic/local_setup.dsv
-- Installing: /home/z/ws01_plumbing/install/cpp01_topic/share/cpp01_topic/package.dsv
-- Up-to-date: /home/z/ws01_plumbing/install/cpp01_topic/share/ament_index/resource_index/packages/cpp01_topic
-- Up-to-date: /home/z/ws01_plumbing/install/cpp01_topic/share/cpp01_topic/cmake/cpp01_topicConfig.cmake
-- Up-to-date: /home/z/ws01_plumbing/install/cpp01_topic/share/cpp01_topic/cmake/cpp01_topicConfig-version.cmake
-- Up-to-date: /home/z/ws01_plumbing/install/cpp01_topic/share/cpp01_topic/package.xml
