[0.022s] Invoking command in '/home/z/ws01_plumbing/build/cpp02_service': CMAKE_PREFIX_PATH=/home/z/ws01_plumbing/install/base_interfaces_demo:/home/z/ws01_plumbing/install/cpp03_action:/home/z/ws01_plumbing/install/cpp02_service:/home/z/ws01_plumbing/install/cpp01_topic:/opt/ros/humble /usr/bin/cmake --build /home/z/ws01_plumbing/build/cpp02_service -- -j4 -l4
[0.057s] -- Found ament_cmake: 1.3.3 (/opt/ros/humble/share/ament_cmake/cmake)
[0.208s] -- Found rclcpp: 16.0.3 (/opt/ros/humble/share/rclcpp/cmake)
[0.245s] -- Found rosidl_generator_c: 3.1.4 (/opt/ros/humble/share/rosidl_generator_c/cmake)
[0.246s] -- Found rosidl_adapter: 3.1.4 (/opt/ros/humble/share/rosidl_adapter/cmake)
[0.251s] -- Found rosidl_generator_cpp: 3.1.4 (/opt/ros/humble/share/rosidl_generator_cpp/cmake)
[0.260s] -- Using all available rosidl_typesupport_c: rosidl_typesupport_fastrtps_c;rosidl_typesupport_introspection_c
[0.271s] -- Using all available rosidl_typesupport_cpp: rosidl_typesupport_fastrtps_cpp;rosidl_typesupport_introspection_cpp
[0.330s] -- Found rmw_implementation_cmake: 6.1.1 (/opt/ros/humble/share/rmw_implementation_cmake/cmake)
[0.331s] -- Found rmw_fastrtps_cpp: 6.2.2 (/opt/ros/humble/share/rmw_fastrtps_cpp/cmake)
[0.461s] -- Using RMW implementation 'rmw_fastrtps_cpp' as default
[0.596s] -- Found base_interfaces_demo: 0.0.0 (/home/z/ws01_plumbing/install/base_interfaces_demo/share/base_interfaces_demo/cmake)
[0.691s] -- Found ament_lint_auto: 0.12.5 (/opt/ros/humble/share/ament_lint_auto/cmake)
[0.764s] -- Added test 'cppcheck' to perform static code analysis on C / C++ code
[0.764s] -- Configured cppcheck include dirs: $<BUILD_INTERFACE:/home/z/ws01_plumbing/src/cpp02_service/include>
[0.764s] -- Configured cppcheck exclude dirs and/or files: 
[0.764s] -- Added test 'lint_cmake' to check CMake code style
[0.764s] -- Added test 'uncrustify' to check C / C++ code style
[0.764s] -- Configured uncrustify additional arguments: 
[0.765s] -- Added test 'xmllint' to check XML markup files
[0.767s] -- Configuring done
[0.780s] -- Generating done
[0.782s] -- Build files have been written to: /home/z/ws01_plumbing/build/cpp02_service
[0.805s] [35m[1mConsolidate compiler generated dependencies of target demo01_server[0m
[0.812s] [35m[1mConsolidate compiler generated dependencies of target demo02_client[0m
[0.823s] [ 25%] [32mBuilding CXX object CMakeFiles/demo01_server.dir/src/demo01_server.cpp.o[0m
[0.824s] [ 50%] [32mBuilding CXX object CMakeFiles/demo02_client.dir/src/demo02_client.cpp.o[0m
[5.537s] [ 75%] [32m[1mLinking CXX executable demo01_server[0m
[5.919s] [ 75%] Built target demo01_server
[7.394s] [100%] [32m[1mLinking CXX executable demo02_client[0m
[7.732s] [100%] Built target demo02_client
[7.807s] Invoked command in '/home/z/ws01_plumbing/build/cpp02_service' returned '0': CMAKE_PREFIX_PATH=/home/z/ws01_plumbing/install/base_interfaces_demo:/home/z/ws01_plumbing/install/cpp03_action:/home/z/ws01_plumbing/install/cpp02_service:/home/z/ws01_plumbing/install/cpp01_topic:/opt/ros/humble /usr/bin/cmake --build /home/z/ws01_plumbing/build/cpp02_service -- -j4 -l4
[8.166s] Invoking command in '/home/z/ws01_plumbing/build/cpp02_service': CMAKE_PREFIX_PATH=/home/z/ws01_plumbing/install/base_interfaces_demo:/home/z/ws01_plumbing/install/cpp03_action:/home/z/ws01_plumbing/install/cpp02_service:/home/z/ws01_plumbing/install/cpp01_topic:/opt/ros/humble /usr/bin/cmake --install /home/z/ws01_plumbing/build/cpp02_service
[8.177s] -- Install configuration: ""
[8.191s] -- Installing: /home/z/ws01_plumbing/install/cpp02_service/lib/cpp02_service/demo01_server
[8.203s] -- Set runtime path of "/home/z/ws01_plumbing/install/cpp02_service/lib/cpp02_service/demo01_server" to ""
[8.204s] -- Installing: /home/z/ws01_plumbing/install/cpp02_service/lib/cpp02_service/demo02_client
[8.205s] -- Set runtime path of "/home/z/ws01_plumbing/install/cpp02_service/lib/cpp02_service/demo02_client" to ""
[8.214s] -- Up-to-date: /home/z/ws01_plumbing/install/cpp02_service/share/ament_index/resource_index/package_run_dependencies/cpp02_service
[8.214s] -- Installing: /home/z/ws01_plumbing/install/cpp02_service/share/ament_index/resource_index/parent_prefix_path/cpp02_service
[8.215s] -- Up-to-date: /home/z/ws01_plumbing/install/cpp02_service/share/cpp02_service/environment/ament_prefix_path.sh
[8.215s] -- Installing: /home/z/ws01_plumbing/install/cpp02_service/share/cpp02_service/environment/ament_prefix_path.dsv
[8.215s] -- Up-to-date: /home/z/ws01_plumbing/install/cpp02_service/share/cpp02_service/environment/path.sh
[8.215s] -- Installing: /home/z/ws01_plumbing/install/cpp02_service/share/cpp02_service/environment/path.dsv
[8.223s] -- Up-to-date: /home/z/ws01_plumbing/install/cpp02_service/share/cpp02_service/local_setup.bash
[8.223s] -- Up-to-date: /home/z/ws01_plumbing/install/cpp02_service/share/cpp02_service/local_setup.sh
[8.223s] -- Up-to-date: /home/z/ws01_plumbing/install/cpp02_service/share/cpp02_service/local_setup.zsh
[8.223s] -- Installing: /home/z/ws01_plumbing/install/cpp02_service/share/cpp02_service/local_setup.dsv
[8.224s] -- Installing: /home/z/ws01_plumbing/install/cpp02_service/share/cpp02_service/package.dsv
[8.224s] -- Up-to-date: /home/z/ws01_plumbing/install/cpp02_service/share/ament_index/resource_index/packages/cpp02_service
[8.224s] -- Up-to-date: /home/z/ws01_plumbing/install/cpp02_service/share/cpp02_service/cmake/cpp02_serviceConfig.cmake
[8.224s] -- Up-to-date: /home/z/ws01_plumbing/install/cpp02_service/share/cpp02_service/cmake/cpp02_serviceConfig-version.cmake
[8.224s] -- Up-to-date: /home/z/ws01_plumbing/install/cpp02_service/share/cpp02_service/package.xml
[8.230s] Invoked command in '/home/z/ws01_plumbing/build/cpp02_service' returned '0': CMAKE_PREFIX_PATH=/home/z/ws01_plumbing/install/base_interfaces_demo:/home/z/ws01_plumbing/install/cpp03_action:/home/z/ws01_plumbing/install/cpp02_service:/home/z/ws01_plumbing/install/cpp01_topic:/opt/ros/humble /usr/bin/cmake --install /home/z/ws01_plumbing/build/cpp02_service
