[0.013s] Invoking command in '/home/z/ws01_plumbing/build/cpp01_topic': AMENT_PREFIX_PATH=/home/z/ws01_plumbing/install/base_interfaces_demo:${AMENT_PREFIX_PATH} CMAKE_PREFIX_PATH=/home/z/ws01_plumbing/install/base_interfaces_demo:/opt/ros/humble LD_LIBRARY_PATH=/home/z/ws01_plumbing/install/base_interfaces_demo/lib:${LD_LIBRARY_PATH} PYTHONPATH=/home/z/ws01_plumbing/install/base_interfaces_demo/local/lib/python3.10/dist-packages:${PYTHONPATH} /usr/bin/cmake --build /home/z/ws01_plumbing/build/cpp01_topic -- -j4 -l4
[0.038s] -- Found ament_cmake: 1.3.3 (/opt/ros/humble/share/ament_cmake/cmake)
[0.142s] -- Found rclcpp: 16.0.3 (/opt/ros/humble/share/rclcpp/cmake)
[0.167s] -- Found rosidl_generator_c: 3.1.4 (/opt/ros/humble/share/rosidl_generator_c/cmake)
[0.168s] -- Found rosidl_adapter: 3.1.4 (/opt/ros/humble/share/rosidl_adapter/cmake)
[0.172s] -- Found rosidl_generator_cpp: 3.1.4 (/opt/ros/humble/share/rosidl_generator_cpp/cmake)
[0.180s] -- Using all available rosidl_typesupport_c: rosidl_typesupport_fastrtps_c;rosidl_typesupport_introspection_c
[0.190s] -- Using all available rosidl_typesupport_cpp: rosidl_typesupport_fastrtps_cpp;rosidl_typesupport_introspection_cpp
[0.229s] -- Found rmw_implementation_cmake: 6.1.1 (/opt/ros/humble/share/rmw_implementation_cmake/cmake)
[0.230s] -- Found rmw_fastrtps_cpp: 6.2.2 (/opt/ros/humble/share/rmw_fastrtps_cpp/cmake)
[0.308s] -- Using RMW implementation 'rmw_fastrtps_cpp' as default
[0.419s] -- Found base_interfaces_demo: 0.0.0 (/home/z/ws01_plumbing/install/base_interfaces_demo/share/base_interfaces_demo/cmake)
[0.526s] -- Found ament_lint_auto: 0.12.5 (/opt/ros/humble/share/ament_lint_auto/cmake)
[0.576s] -- Added test 'cppcheck' to perform static code analysis on C / C++ code
[0.576s] -- Configured cppcheck include dirs: $<BUILD_INTERFACE:/home/z/ws01_plumbing/src/cpp01_topic/include>
[0.576s] -- Configured cppcheck exclude dirs and/or files: 
[0.576s] -- Added test 'lint_cmake' to check CMake code style
[0.577s] -- Added test 'uncrustify' to check C / C++ code style
[0.577s] -- Configured uncrustify additional arguments: 
[0.577s] -- Added test 'xmllint' to check XML markup files
[0.578s] -- Configuring done
[0.600s] -- Generating done
[0.604s] -- Build files have been written to: /home/z/ws01_plumbing/build/cpp01_topic
[0.622s] [35m[1mConsolidate compiler generated dependencies of target demo02_listener_str[0m
[0.623s] [35m[1mConsolidate compiler generated dependencies of target demo01_talker_str[0m
[0.638s] [35m[1mConsolidate compiler generated dependencies of target demo03_talker_student[0m
[0.652s] [35m[1mConsolidate compiler generated dependencies of target demo04_listener_student[0m
[0.658s] [ 25%] Built target demo01_talker_str
[0.666s] [ 50%] Built target demo02_listener_str
[0.667s] [ 75%] Built target demo04_listener_student
[0.668s] [100%] Built target demo03_talker_student
[0.679s] Invoked command in '/home/z/ws01_plumbing/build/cpp01_topic' returned '0': AMENT_PREFIX_PATH=/home/z/ws01_plumbing/install/base_interfaces_demo:${AMENT_PREFIX_PATH} CMAKE_PREFIX_PATH=/home/z/ws01_plumbing/install/base_interfaces_demo:/opt/ros/humble LD_LIBRARY_PATH=/home/z/ws01_plumbing/install/base_interfaces_demo/lib:${LD_LIBRARY_PATH} PYTHONPATH=/home/z/ws01_plumbing/install/base_interfaces_demo/local/lib/python3.10/dist-packages:${PYTHONPATH} /usr/bin/cmake --build /home/z/ws01_plumbing/build/cpp01_topic -- -j4 -l4
[0.830s] Invoking command in '/home/z/ws01_plumbing/build/cpp01_topic': AMENT_PREFIX_PATH=/home/z/ws01_plumbing/install/base_interfaces_demo:${AMENT_PREFIX_PATH} CMAKE_PREFIX_PATH=/home/z/ws01_plumbing/install/base_interfaces_demo:/opt/ros/humble LD_LIBRARY_PATH=/home/z/ws01_plumbing/install/base_interfaces_demo/lib:${LD_LIBRARY_PATH} PYTHONPATH=/home/z/ws01_plumbing/install/base_interfaces_demo/local/lib/python3.10/dist-packages:${PYTHONPATH} /usr/bin/cmake --install /home/z/ws01_plumbing/build/cpp01_topic
[0.845s] -- Install configuration: ""
[0.859s] -- Up-to-date: /home/z/ws01_plumbing/install/cpp01_topic/lib/cpp01_topic/demo01_talker_str
[0.859s] -- Up-to-date: /home/z/ws01_plumbing/install/cpp01_topic/lib/cpp01_topic/demo02_listener_str
[0.859s] -- Up-to-date: /home/z/ws01_plumbing/install/cpp01_topic/lib/cpp01_topic/demo03_talker_student
[0.864s] -- Up-to-date: /home/z/ws01_plumbing/install/cpp01_topic/lib/cpp01_topic/demo04_listener_student
[0.864s] -- Up-to-date: /home/z/ws01_plumbing/install/cpp01_topic/share/ament_index/resource_index/package_run_dependencies/cpp01_topic
[0.864s] -- Installing: /home/z/ws01_plumbing/install/cpp01_topic/share/ament_index/resource_index/parent_prefix_path/cpp01_topic
[0.864s] -- Up-to-date: /home/z/ws01_plumbing/install/cpp01_topic/share/cpp01_topic/environment/ament_prefix_path.sh
[0.879s] -- Installing: /home/z/ws01_plumbing/install/cpp01_topic/share/cpp01_topic/environment/ament_prefix_path.dsv
[0.879s] -- Up-to-date: /home/z/ws01_plumbing/install/cpp01_topic/share/cpp01_topic/environment/path.sh
[0.879s] -- Installing: /home/z/ws01_plumbing/install/cpp01_topic/share/cpp01_topic/environment/path.dsv
[0.879s] -- Up-to-date: /home/z/ws01_plumbing/install/cpp01_topic/share/cpp01_topic/local_setup.bash
[0.879s] -- Up-to-date: /home/z/ws01_plumbing/install/cpp01_topic/share/cpp01_topic/local_setup.sh
[0.879s] -- Up-to-date: /home/z/ws01_plumbing/install/cpp01_topic/share/cpp01_topic/local_setup.zsh
[0.879s] -- Installing: /home/z/ws01_plumbing/install/cpp01_topic/share/cpp01_topic/local_setup.dsv
[0.879s] -- Installing: /home/z/ws01_plumbing/install/cpp01_topic/share/cpp01_topic/package.dsv
[0.879s] -- Up-to-date: /home/z/ws01_plumbing/install/cpp01_topic/share/ament_index/resource_index/packages/cpp01_topic
[0.879s] -- Up-to-date: /home/z/ws01_plumbing/install/cpp01_topic/share/cpp01_topic/cmake/cpp01_topicConfig.cmake
[0.879s] -- Up-to-date: /home/z/ws01_plumbing/install/cpp01_topic/share/cpp01_topic/cmake/cpp01_topicConfig-version.cmake
[0.879s] -- Up-to-date: /home/z/ws01_plumbing/install/cpp01_topic/share/cpp01_topic/package.xml
[0.879s] Invoked command in '/home/z/ws01_plumbing/build/cpp01_topic' returned '0': AMENT_PREFIX_PATH=/home/z/ws01_plumbing/install/base_interfaces_demo:${AMENT_PREFIX_PATH} CMAKE_PREFIX_PATH=/home/z/ws01_plumbing/install/base_interfaces_demo:/opt/ros/humble LD_LIBRARY_PATH=/home/z/ws01_plumbing/install/base_interfaces_demo/lib:${LD_LIBRARY_PATH} PYTHONPATH=/home/z/ws01_plumbing/install/base_interfaces_demo/local/lib/python3.10/dist-packages:${PYTHONPATH} /usr/bin/cmake --install /home/z/ws01_plumbing/build/cpp01_topic
