[0.181s] DEBUG:colcon:Command line arguments: ['/usr/bin/colcon', 'build']
[0.181s] DEBUG:colcon:Parsed command line arguments: Namespace(log_base=None, log_level=None, verb_name='build', build_base='build', install_base='install', merge_install=False, symlink_install=False, test_result_base=None, continue_on_error=False, executor='parallel', parallel_workers=4, event_handlers=None, ignore_user_meta=False, metas=['./colcon.meta'], base_paths=['.'], packages_ignore=None, packages_ignore_regex=None, paths=None, packages_up_to=None, packages_up_to_regex=None, packages_above=None, packages_above_and_dependencies=None, packages_above_depth=None, packages_select_by_dep=None, packages_skip_by_dep=None, packages_skip_up_to=None, packages_select_build_failed=False, packages_skip_build_finished=False, packages_select_test_failures=False, packages_skip_test_passed=False, packages_select=None, packages_skip=None, packages_select_regex=None, packages_skip_regex=None, packages_start=None, packages_end=None, allow_overriding=[], cmake_args=None, cmake_target=None, cmake_target_skip_unavailable=False, cmake_clean_cache=False, cmake_clean_first=False, cmake_force_configure=False, ament_cmake_args=None, catkin_cmake_args=None, catkin_skip_building_tests=False, verb_parser=<colcon_defaults.argument_parser.defaults.DefaultArgumentsDecorator object at 0x7f2c56eb98a0>, verb_extension=<colcon_core.verb.build.BuildVerb object at 0x7f2c576e9390>, main=<bound method BuildVerb.main of <colcon_core.verb.build.BuildVerb object at 0x7f2c576e9390>>)
[0.201s] Level 1:colcon.colcon_core.package_discovery:discover_packages(colcon_meta) check parameters
[0.201s] Level 1:colcon.colcon_core.package_discovery:discover_packages(recursive) check parameters
[0.201s] Level 1:colcon.colcon_core.package_discovery:discover_packages(ignore) check parameters
[0.201s] Level 1:colcon.colcon_core.package_discovery:discover_packages(path) check parameters
[0.201s] Level 1:colcon.colcon_core.package_discovery:discover_packages(colcon_meta) discover
[0.201s] Level 1:colcon.colcon_core.package_discovery:discover_packages(recursive) discover
[0.201s] INFO:colcon.colcon_core.package_discovery:Crawling recursively for packages in '/home/z/ws01_plumbing/src'
[0.201s] Level 1:colcon.colcon_core.package_identification:_identify(.) by extensions ['ignore', 'ignore_ament_install']
[0.201s] Level 1:colcon.colcon_core.package_identification:_identify(.) by extension 'ignore'
[0.201s] Level 1:colcon.colcon_core.package_identification:_identify(.) by extension 'ignore_ament_install'
[0.201s] Level 1:colcon.colcon_core.package_identification:_identify(.) by extensions ['colcon_pkg']
[0.201s] Level 1:colcon.colcon_core.package_identification:_identify(.) by extension 'colcon_pkg'
[0.201s] Level 1:colcon.colcon_core.package_identification:_identify(.) by extensions ['colcon_meta']
[0.201s] Level 1:colcon.colcon_core.package_identification:_identify(.) by extension 'colcon_meta'
[0.201s] Level 1:colcon.colcon_core.package_identification:_identify(.) by extensions ['ros']
[0.201s] Level 1:colcon.colcon_core.package_identification:_identify(.) by extension 'ros'
[0.209s] Level 1:colcon.colcon_core.package_identification:_identify(.) by extensions ['cmake', 'python']
[0.209s] Level 1:colcon.colcon_core.package_identification:_identify(.) by extension 'cmake'
[0.209s] Level 1:colcon.colcon_core.package_identification:_identify(.) by extension 'python'
[0.209s] Level 1:colcon.colcon_core.package_identification:_identify(.) by extensions ['python_setup_py']
[0.209s] Level 1:colcon.colcon_core.package_identification:_identify(.) by extension 'python_setup_py'
[0.209s] Level 1:colcon.colcon_core.package_identification:_identify(base_interfaces_demo) by extensions ['ignore', 'ignore_ament_install']
[0.209s] Level 1:colcon.colcon_core.package_identification:_identify(base_interfaces_demo) by extension 'ignore'
[0.209s] Level 1:colcon.colcon_core.package_identification:_identify(base_interfaces_demo) by extension 'ignore_ament_install'
[0.209s] Level 1:colcon.colcon_core.package_identification:_identify(base_interfaces_demo) by extensions ['colcon_pkg']
[0.209s] Level 1:colcon.colcon_core.package_identification:_identify(base_interfaces_demo) by extension 'colcon_pkg'
[0.209s] Level 1:colcon.colcon_core.package_identification:_identify(base_interfaces_demo) by extensions ['colcon_meta']
[0.209s] Level 1:colcon.colcon_core.package_identification:_identify(base_interfaces_demo) by extension 'colcon_meta'
[0.209s] Level 1:colcon.colcon_core.package_identification:_identify(base_interfaces_demo) by extensions ['ros']
[0.209s] Level 1:colcon.colcon_core.package_identification:_identify(base_interfaces_demo) by extension 'ros'
[0.211s] DEBUG:colcon.colcon_core.package_identification:Package 'base_interfaces_demo' with type 'ros.ament_cmake' and name 'base_interfaces_demo'
[0.211s] Level 1:colcon.colcon_core.package_identification:_identify(build) by extensions ['ignore', 'ignore_ament_install']
[0.211s] Level 1:colcon.colcon_core.package_identification:_identify(build) by extension 'ignore'
[0.211s] Level 1:colcon.colcon_core.package_identification:_identify(build) ignored
[0.211s] Level 1:colcon.colcon_core.package_identification:_identify(cpp01_topic) by extensions ['ignore', 'ignore_ament_install']
[0.211s] Level 1:colcon.colcon_core.package_identification:_identify(cpp01_topic) by extension 'ignore'
[0.211s] Level 1:colcon.colcon_core.package_identification:_identify(cpp01_topic) by extension 'ignore_ament_install'
[0.211s] Level 1:colcon.colcon_core.package_identification:_identify(cpp01_topic) by extensions ['colcon_pkg']
[0.211s] Level 1:colcon.colcon_core.package_identification:_identify(cpp01_topic) by extension 'colcon_pkg'
[0.211s] Level 1:colcon.colcon_core.package_identification:_identify(cpp01_topic) by extensions ['colcon_meta']
[0.211s] Level 1:colcon.colcon_core.package_identification:_identify(cpp01_topic) by extension 'colcon_meta'
[0.211s] Level 1:colcon.colcon_core.package_identification:_identify(cpp01_topic) by extensions ['ros']
[0.211s] Level 1:colcon.colcon_core.package_identification:_identify(cpp01_topic) by extension 'ros'
[0.212s] DEBUG:colcon.colcon_core.package_identification:Package 'cpp01_topic' with type 'ros.ament_cmake' and name 'cpp01_topic'
[0.212s] Level 1:colcon.colcon_core.package_identification:_identify(cpp02_service) by extensions ['ignore', 'ignore_ament_install']
[0.212s] Level 1:colcon.colcon_core.package_identification:_identify(cpp02_service) by extension 'ignore'
[0.212s] Level 1:colcon.colcon_core.package_identification:_identify(cpp02_service) by extension 'ignore_ament_install'
[0.212s] Level 1:colcon.colcon_core.package_identification:_identify(cpp02_service) by extensions ['colcon_pkg']
[0.212s] Level 1:colcon.colcon_core.package_identification:_identify(cpp02_service) by extension 'colcon_pkg'
[0.212s] Level 1:colcon.colcon_core.package_identification:_identify(cpp02_service) by extensions ['colcon_meta']
[0.212s] Level 1:colcon.colcon_core.package_identification:_identify(cpp02_service) by extension 'colcon_meta'
[0.212s] Level 1:colcon.colcon_core.package_identification:_identify(cpp02_service) by extensions ['ros']
[0.212s] Level 1:colcon.colcon_core.package_identification:_identify(cpp02_service) by extension 'ros'
[0.212s] DEBUG:colcon.colcon_core.package_identification:Package 'cpp02_service' with type 'ros.ament_cmake' and name 'cpp02_service'
[0.213s] Level 1:colcon.colcon_core.package_identification:_identify(install) by extensions ['ignore', 'ignore_ament_install']
[0.213s] Level 1:colcon.colcon_core.package_identification:_identify(install) by extension 'ignore'
[0.213s] Level 1:colcon.colcon_core.package_identification:_identify(install) ignored
[0.213s] Level 1:colcon.colcon_core.package_identification:_identify(log) by extensions ['ignore', 'ignore_ament_install']
[0.213s] Level 1:colcon.colcon_core.package_identification:_identify(log) by extension 'ignore'
[0.213s] Level 1:colcon.colcon_core.package_identification:_identify(log) ignored
[0.213s] Level 1:colcon.colcon_core.package_discovery:discover_packages(recursive) using defaults
[0.213s] Level 1:colcon.colcon_core.package_discovery:discover_packages(ignore) discover
[0.213s] Level 1:colcon.colcon_core.package_discovery:discover_packages(ignore) using defaults
[0.213s] Level 1:colcon.colcon_core.package_discovery:discover_packages(path) discover
[0.213s] Level 1:colcon.colcon_core.package_discovery:discover_packages(path) using defaults
[0.228s] Level 1:colcon.colcon_core.package_discovery:discover_packages(prefix_path) check parameters
[0.228s] Level 1:colcon.colcon_core.package_discovery:discover_packages(prefix_path) discover
[0.229s] DEBUG:colcon.colcon_installed_package_information.package_discovery:Found 1 installed packages in /home/z/ws01_plumbing/src/install
[0.230s] DEBUG:colcon.colcon_installed_package_information.package_discovery:Found 270 installed packages in /opt/ros/humble
[0.232s] Level 1:colcon.colcon_core.package_discovery:discover_packages(prefix_path) using defaults
[0.266s] Level 5:colcon.colcon_core.verb:set package 'base_interfaces_demo' build argument 'cmake_args' from command line to 'None'
[0.266s] Level 5:colcon.colcon_core.verb:set package 'base_interfaces_demo' build argument 'cmake_target' from command line to 'None'
[0.266s] Level 5:colcon.colcon_core.verb:set package 'base_interfaces_demo' build argument 'cmake_target_skip_unavailable' from command line to 'False'
[0.266s] Level 5:colcon.colcon_core.verb:set package 'base_interfaces_demo' build argument 'cmake_clean_cache' from command line to 'False'
[0.266s] Level 5:colcon.colcon_core.verb:set package 'base_interfaces_demo' build argument 'cmake_clean_first' from command line to 'False'
[0.266s] Level 5:colcon.colcon_core.verb:set package 'base_interfaces_demo' build argument 'cmake_force_configure' from command line to 'False'
[0.266s] Level 5:colcon.colcon_core.verb:set package 'base_interfaces_demo' build argument 'ament_cmake_args' from command line to 'None'
[0.266s] Level 5:colcon.colcon_core.verb:set package 'base_interfaces_demo' build argument 'catkin_cmake_args' from command line to 'None'
[0.266s] Level 5:colcon.colcon_core.verb:set package 'base_interfaces_demo' build argument 'catkin_skip_building_tests' from command line to 'False'
[0.266s] DEBUG:colcon.colcon_core.verb:Building package 'base_interfaces_demo' with the following arguments: {'ament_cmake_args': None, 'build_base': '/home/z/ws01_plumbing/src/build/base_interfaces_demo', 'catkin_cmake_args': None, 'catkin_skip_building_tests': False, 'cmake_args': None, 'cmake_clean_cache': False, 'cmake_clean_first': False, 'cmake_force_configure': False, 'cmake_target': None, 'cmake_target_skip_unavailable': False, 'install_base': '/home/z/ws01_plumbing/src/install/base_interfaces_demo', 'merge_install': False, 'path': '/home/z/ws01_plumbing/src/base_interfaces_demo', 'symlink_install': False, 'test_result_base': None}
[0.266s] Level 5:colcon.colcon_core.verb:set package 'cpp01_topic' build argument 'cmake_args' from command line to 'None'
[0.267s] Level 5:colcon.colcon_core.verb:set package 'cpp01_topic' build argument 'cmake_target' from command line to 'None'
[0.267s] Level 5:colcon.colcon_core.verb:set package 'cpp01_topic' build argument 'cmake_target_skip_unavailable' from command line to 'False'
[0.267s] Level 5:colcon.colcon_core.verb:set package 'cpp01_topic' build argument 'cmake_clean_cache' from command line to 'False'
[0.267s] Level 5:colcon.colcon_core.verb:set package 'cpp01_topic' build argument 'cmake_clean_first' from command line to 'False'
[0.267s] Level 5:colcon.colcon_core.verb:set package 'cpp01_topic' build argument 'cmake_force_configure' from command line to 'False'
[0.267s] Level 5:colcon.colcon_core.verb:set package 'cpp01_topic' build argument 'ament_cmake_args' from command line to 'None'
[0.267s] Level 5:colcon.colcon_core.verb:set package 'cpp01_topic' build argument 'catkin_cmake_args' from command line to 'None'
[0.267s] Level 5:colcon.colcon_core.verb:set package 'cpp01_topic' build argument 'catkin_skip_building_tests' from command line to 'False'
[0.267s] DEBUG:colcon.colcon_core.verb:Building package 'cpp01_topic' with the following arguments: {'ament_cmake_args': None, 'build_base': '/home/z/ws01_plumbing/src/build/cpp01_topic', 'catkin_cmake_args': None, 'catkin_skip_building_tests': False, 'cmake_args': None, 'cmake_clean_cache': False, 'cmake_clean_first': False, 'cmake_force_configure': False, 'cmake_target': None, 'cmake_target_skip_unavailable': False, 'install_base': '/home/z/ws01_plumbing/src/install/cpp01_topic', 'merge_install': False, 'path': '/home/z/ws01_plumbing/src/cpp01_topic', 'symlink_install': False, 'test_result_base': None}
[0.267s] Level 5:colcon.colcon_core.verb:set package 'cpp02_service' build argument 'cmake_args' from command line to 'None'
[0.267s] Level 5:colcon.colcon_core.verb:set package 'cpp02_service' build argument 'cmake_target' from command line to 'None'
[0.267s] Level 5:colcon.colcon_core.verb:set package 'cpp02_service' build argument 'cmake_target_skip_unavailable' from command line to 'False'
[0.267s] Level 5:colcon.colcon_core.verb:set package 'cpp02_service' build argument 'cmake_clean_cache' from command line to 'False'
[0.267s] Level 5:colcon.colcon_core.verb:set package 'cpp02_service' build argument 'cmake_clean_first' from command line to 'False'
[0.267s] Level 5:colcon.colcon_core.verb:set package 'cpp02_service' build argument 'cmake_force_configure' from command line to 'False'
[0.267s] Level 5:colcon.colcon_core.verb:set package 'cpp02_service' build argument 'ament_cmake_args' from command line to 'None'
[0.267s] Level 5:colcon.colcon_core.verb:set package 'cpp02_service' build argument 'catkin_cmake_args' from command line to 'None'
[0.267s] Level 5:colcon.colcon_core.verb:set package 'cpp02_service' build argument 'catkin_skip_building_tests' from command line to 'False'
[0.267s] DEBUG:colcon.colcon_core.verb:Building package 'cpp02_service' with the following arguments: {'ament_cmake_args': None, 'build_base': '/home/z/ws01_plumbing/src/build/cpp02_service', 'catkin_cmake_args': None, 'catkin_skip_building_tests': False, 'cmake_args': None, 'cmake_clean_cache': False, 'cmake_clean_first': False, 'cmake_force_configure': False, 'cmake_target': None, 'cmake_target_skip_unavailable': False, 'install_base': '/home/z/ws01_plumbing/src/install/cpp02_service', 'merge_install': False, 'path': '/home/z/ws01_plumbing/src/cpp02_service', 'symlink_install': False, 'test_result_base': None}
[0.268s] INFO:colcon.colcon_core.executor:Executing jobs using 'parallel' executor
[0.270s] DEBUG:colcon.colcon_parallel_executor.executor.parallel:run_until_complete
[0.270s] INFO:colcon.colcon_ros.task.ament_cmake.build:Building ROS package in '/home/z/ws01_plumbing/src/base_interfaces_demo' with build type 'ament_cmake'
[0.270s] INFO:colcon.colcon_cmake.task.cmake.build:Building CMake package in '/home/z/ws01_plumbing/src/base_interfaces_demo'
[0.273s] INFO:colcon.colcon_core.plugin_system:Skipping extension 'colcon_core.shell.bat': Not used on non-Windows systems
[0.273s] INFO:colcon.colcon_core.shell:Skip shell extension 'powershell' for command environment: Not usable outside of PowerShell
[0.273s] DEBUG:colcon.colcon_core.shell:Skip shell extension 'dsv' for command environment
[0.281s] DEBUG:colcon.colcon_core.event_handler.log_command:Invoking command in '/home/z/ws01_plumbing/src/build/base_interfaces_demo': CMAKE_PREFIX_PATH=${CMAKE_PREFIX_PATH}:/opt/ros/humble /usr/bin/cmake --build /home/z/ws01_plumbing/src/build/base_interfaces_demo -- -j4 -l4
[2.969s] DEBUG:colcon.colcon_core.event_handler.log_command:Invoked command in '/home/z/ws01_plumbing/src/build/base_interfaces_demo' returned '0': CMAKE_PREFIX_PATH=${CMAKE_PREFIX_PATH}:/opt/ros/humble /usr/bin/cmake --build /home/z/ws01_plumbing/src/build/base_interfaces_demo -- -j4 -l4
[3.027s] DEBUG:colcon.colcon_core.event_handler.log_command:Invoking command in '/home/z/ws01_plumbing/src/build/base_interfaces_demo': CMAKE_PREFIX_PATH=${CMAKE_PREFIX_PATH}:/opt/ros/humble /usr/bin/cmake --install /home/z/ws01_plumbing/src/build/base_interfaces_demo
[3.072s] Level 1:colcon.colcon_core.environment:create_environment_scripts_only(base_interfaces_demo)
[3.072s] DEBUG:colcon.colcon_core.event_handler.log_command:Invoked command in '/home/z/ws01_plumbing/src/build/base_interfaces_demo' returned '0': CMAKE_PREFIX_PATH=${CMAKE_PREFIX_PATH}:/opt/ros/humble /usr/bin/cmake --install /home/z/ws01_plumbing/src/build/base_interfaces_demo
[3.075s] Level 1:colcon.colcon_core.environment:checking '/home/z/ws01_plumbing/src/install/base_interfaces_demo' for CMake module files
[3.076s] Level 1:colcon.colcon_core.environment:checking '/home/z/ws01_plumbing/src/install/base_interfaces_demo' for CMake config files
[3.076s] Level 1:colcon.colcon_core.shell:create_environment_hook('base_interfaces_demo', 'cmake_prefix_path')
[3.077s] INFO:colcon.colcon_core.shell:Creating environment hook '/home/z/ws01_plumbing/src/install/base_interfaces_demo/share/base_interfaces_demo/hook/cmake_prefix_path.ps1'
[3.077s] INFO:colcon.colcon_core.shell:Creating environment descriptor '/home/z/ws01_plumbing/src/install/base_interfaces_demo/share/base_interfaces_demo/hook/cmake_prefix_path.dsv'
[3.077s] INFO:colcon.colcon_core.shell:Creating environment hook '/home/z/ws01_plumbing/src/install/base_interfaces_demo/share/base_interfaces_demo/hook/cmake_prefix_path.sh'
[3.078s] Level 1:colcon.colcon_core.environment:checking '/home/z/ws01_plumbing/src/install/base_interfaces_demo/lib'
[3.078s] Level 1:colcon.colcon_core.shell:create_environment_hook('base_interfaces_demo', 'ld_library_path_lib')
[3.079s] INFO:colcon.colcon_core.shell:Creating environment hook '/home/z/ws01_plumbing/src/install/base_interfaces_demo/share/base_interfaces_demo/hook/ld_library_path_lib.ps1'
[3.079s] INFO:colcon.colcon_core.shell:Creating environment descriptor '/home/z/ws01_plumbing/src/install/base_interfaces_demo/share/base_interfaces_demo/hook/ld_library_path_lib.dsv'
[3.079s] INFO:colcon.colcon_core.shell:Creating environment hook '/home/z/ws01_plumbing/src/install/base_interfaces_demo/share/base_interfaces_demo/hook/ld_library_path_lib.sh'
[3.080s] Level 1:colcon.colcon_core.environment:checking '/home/z/ws01_plumbing/src/install/base_interfaces_demo/bin'
[3.080s] Level 1:colcon.colcon_core.environment:checking '/home/z/ws01_plumbing/src/install/base_interfaces_demo/lib/pkgconfig/base_interfaces_demo.pc'
[3.080s] Level 1:colcon.colcon_core.environment:checking '/home/z/ws01_plumbing/src/install/base_interfaces_demo/lib/python3.10/site-packages'
[3.080s] Level 1:colcon.colcon_core.environment:checking '/home/z/ws01_plumbing/src/install/base_interfaces_demo/bin'
[3.081s] INFO:colcon.colcon_core.shell:Creating package script '/home/z/ws01_plumbing/src/install/base_interfaces_demo/share/base_interfaces_demo/package.ps1'
[3.081s] INFO:colcon.colcon_core.shell:Creating package descriptor '/home/z/ws01_plumbing/src/install/base_interfaces_demo/share/base_interfaces_demo/package.dsv'
[3.081s] INFO:colcon.colcon_core.shell:Creating package script '/home/z/ws01_plumbing/src/install/base_interfaces_demo/share/base_interfaces_demo/package.sh'
[3.082s] INFO:colcon.colcon_core.shell:Creating package script '/home/z/ws01_plumbing/src/install/base_interfaces_demo/share/base_interfaces_demo/package.bash'
[3.082s] INFO:colcon.colcon_core.shell:Creating package script '/home/z/ws01_plumbing/src/install/base_interfaces_demo/share/base_interfaces_demo/package.zsh'
[3.083s] Level 1:colcon.colcon_core.environment:create_file_with_runtime_dependencies(/home/z/ws01_plumbing/src/install/base_interfaces_demo/share/colcon-core/packages/base_interfaces_demo)
[3.137s] Level 1:colcon.colcon_core.environment:create_environment_scripts_only(base_interfaces_demo)
[3.138s] Level 1:colcon.colcon_core.environment:checking '/home/z/ws01_plumbing/src/install/base_interfaces_demo' for CMake module files
[3.139s] Level 1:colcon.colcon_core.environment:checking '/home/z/ws01_plumbing/src/install/base_interfaces_demo' for CMake config files
[3.139s] Level 1:colcon.colcon_core.shell:create_environment_hook('base_interfaces_demo', 'cmake_prefix_path')
[3.140s] INFO:colcon.colcon_core.shell:Creating environment hook '/home/z/ws01_plumbing/src/install/base_interfaces_demo/share/base_interfaces_demo/hook/cmake_prefix_path.ps1'
[3.140s] INFO:colcon.colcon_core.shell:Creating environment descriptor '/home/z/ws01_plumbing/src/install/base_interfaces_demo/share/base_interfaces_demo/hook/cmake_prefix_path.dsv'
[3.140s] INFO:colcon.colcon_core.shell:Creating environment hook '/home/z/ws01_plumbing/src/install/base_interfaces_demo/share/base_interfaces_demo/hook/cmake_prefix_path.sh'
[3.141s] Level 1:colcon.colcon_core.environment:checking '/home/z/ws01_plumbing/src/install/base_interfaces_demo/lib'
[3.141s] Level 1:colcon.colcon_core.shell:create_environment_hook('base_interfaces_demo', 'ld_library_path_lib')
[3.141s] INFO:colcon.colcon_core.shell:Creating environment hook '/home/z/ws01_plumbing/src/install/base_interfaces_demo/share/base_interfaces_demo/hook/ld_library_path_lib.ps1'
[3.142s] INFO:colcon.colcon_core.shell:Creating environment descriptor '/home/z/ws01_plumbing/src/install/base_interfaces_demo/share/base_interfaces_demo/hook/ld_library_path_lib.dsv'
[3.142s] INFO:colcon.colcon_core.shell:Creating environment hook '/home/z/ws01_plumbing/src/install/base_interfaces_demo/share/base_interfaces_demo/hook/ld_library_path_lib.sh'
[3.142s] Level 1:colcon.colcon_core.environment:checking '/home/z/ws01_plumbing/src/install/base_interfaces_demo/bin'
[3.142s] Level 1:colcon.colcon_core.environment:checking '/home/z/ws01_plumbing/src/install/base_interfaces_demo/lib/pkgconfig/base_interfaces_demo.pc'
[3.143s] Level 1:colcon.colcon_core.environment:checking '/home/z/ws01_plumbing/src/install/base_interfaces_demo/lib/python3.10/site-packages'
[3.143s] Level 1:colcon.colcon_core.environment:checking '/home/z/ws01_plumbing/src/install/base_interfaces_demo/bin'
[3.143s] INFO:colcon.colcon_core.shell:Creating package script '/home/z/ws01_plumbing/src/install/base_interfaces_demo/share/base_interfaces_demo/package.ps1'
[3.144s] INFO:colcon.colcon_core.shell:Creating package descriptor '/home/z/ws01_plumbing/src/install/base_interfaces_demo/share/base_interfaces_demo/package.dsv'
[3.144s] INFO:colcon.colcon_core.shell:Creating package script '/home/z/ws01_plumbing/src/install/base_interfaces_demo/share/base_interfaces_demo/package.sh'
[3.144s] INFO:colcon.colcon_core.shell:Creating package script '/home/z/ws01_plumbing/src/install/base_interfaces_demo/share/base_interfaces_demo/package.bash'
[3.145s] INFO:colcon.colcon_core.shell:Creating package script '/home/z/ws01_plumbing/src/install/base_interfaces_demo/share/base_interfaces_demo/package.zsh'
[3.145s] Level 1:colcon.colcon_core.environment:create_file_with_runtime_dependencies(/home/z/ws01_plumbing/src/install/base_interfaces_demo/share/colcon-core/packages/base_interfaces_demo)
[3.145s] INFO:colcon.colcon_ros.task.ament_cmake.build:Building ROS package in '/home/z/ws01_plumbing/src/cpp01_topic' with build type 'ament_cmake'
[3.146s] INFO:colcon.colcon_cmake.task.cmake.build:Building CMake package in '/home/z/ws01_plumbing/src/cpp01_topic'
[3.146s] INFO:colcon.colcon_core.shell:Skip shell extension 'powershell' for command environment: Not usable outside of PowerShell
[3.146s] DEBUG:colcon.colcon_core.shell:Skip shell extension 'dsv' for command environment
[3.150s] INFO:colcon.colcon_ros.task.ament_cmake.build:Building ROS package in '/home/z/ws01_plumbing/src/cpp02_service' with build type 'ament_cmake'
[3.150s] INFO:colcon.colcon_cmake.task.cmake.build:Building CMake package in '/home/z/ws01_plumbing/src/cpp02_service'
[3.150s] INFO:colcon.colcon_core.shell:Skip shell extension 'powershell' for command environment: Not usable outside of PowerShell
[3.151s] DEBUG:colcon.colcon_core.shell:Skip shell extension 'dsv' for command environment
[3.157s] DEBUG:colcon.colcon_core.event_handler.log_command:Invoking command in '/home/z/ws01_plumbing/src/build/cpp01_topic': CMAKE_PREFIX_PATH=${CMAKE_PREFIX_PATH}:/opt/ros/humble /usr/bin/cmake /home/z/ws01_plumbing/src/cpp01_topic -DCMAKE_INSTALL_PREFIX=/home/z/ws01_plumbing/src/install/cpp01_topic
[3.160s] DEBUG:colcon.colcon_core.event_handler.log_command:Invoking command in '/home/z/ws01_plumbing/src/build/cpp02_service': CMAKE_PREFIX_PATH=${CMAKE_PREFIX_PATH}:/opt/ros/humble /usr/bin/cmake /home/z/ws01_plumbing/src/cpp02_service -DCMAKE_INSTALL_PREFIX=/home/z/ws01_plumbing/src/install/cpp02_service
[4.140s] DEBUG:colcon.colcon_core.event_handler.log_command:Invoked command in '/home/z/ws01_plumbing/src/build/cpp02_service' returned '0': CMAKE_PREFIX_PATH=${CMAKE_PREFIX_PATH}:/opt/ros/humble /usr/bin/cmake /home/z/ws01_plumbing/src/cpp02_service -DCMAKE_INSTALL_PREFIX=/home/z/ws01_plumbing/src/install/cpp02_service
[4.141s] DEBUG:colcon.colcon_core.event_handler.log_command:Invoking command in '/home/z/ws01_plumbing/src/build/cpp02_service': CMAKE_PREFIX_PATH=${CMAKE_PREFIX_PATH}:/opt/ros/humble /usr/bin/cmake --build /home/z/ws01_plumbing/src/build/cpp02_service -- -j4 -l4
[4.146s] DEBUG:colcon.colcon_core.event_handler.log_command:Invoked command in '/home/z/ws01_plumbing/src/build/cpp01_topic' returned '0': CMAKE_PREFIX_PATH=${CMAKE_PREFIX_PATH}:/opt/ros/humble /usr/bin/cmake /home/z/ws01_plumbing/src/cpp01_topic -DCMAKE_INSTALL_PREFIX=/home/z/ws01_plumbing/src/install/cpp01_topic
[4.147s] DEBUG:colcon.colcon_core.event_handler.log_command:Invoking command in '/home/z/ws01_plumbing/src/build/cpp01_topic': CMAKE_PREFIX_PATH=${CMAKE_PREFIX_PATH}:/opt/ros/humble /usr/bin/cmake --build /home/z/ws01_plumbing/src/build/cpp01_topic -- -j4 -l4
[9.861s] DEBUG:colcon.colcon_core.event_handler.log_command:Invoked command in '/home/z/ws01_plumbing/src/build/cpp02_service' returned '0': CMAKE_PREFIX_PATH=${CMAKE_PREFIX_PATH}:/opt/ros/humble /usr/bin/cmake --build /home/z/ws01_plumbing/src/build/cpp02_service -- -j4 -l4
[9.906s] DEBUG:colcon.colcon_core.event_handler.log_command:Invoking command in '/home/z/ws01_plumbing/src/build/cpp02_service': CMAKE_PREFIX_PATH=${CMAKE_PREFIX_PATH}:/opt/ros/humble /usr/bin/cmake --install /home/z/ws01_plumbing/src/build/cpp02_service
[9.916s] Level 1:colcon.colcon_core.environment:create_environment_scripts_only(cpp02_service)
[9.917s] Level 1:colcon.colcon_core.environment:checking '/home/z/ws01_plumbing/src/install/cpp02_service' for CMake module files
[9.917s] Level 1:colcon.colcon_core.environment:checking '/home/z/ws01_plumbing/src/install/cpp02_service' for CMake config files
[9.918s] Level 1:colcon.colcon_core.shell:create_environment_hook('cpp02_service', 'cmake_prefix_path')
[9.918s] INFO:colcon.colcon_core.shell:Creating environment hook '/home/z/ws01_plumbing/src/install/cpp02_service/share/cpp02_service/hook/cmake_prefix_path.ps1'
[9.919s] DEBUG:colcon.colcon_core.event_handler.log_command:Invoked command in '/home/z/ws01_plumbing/src/build/cpp02_service' returned '0': CMAKE_PREFIX_PATH=${CMAKE_PREFIX_PATH}:/opt/ros/humble /usr/bin/cmake --install /home/z/ws01_plumbing/src/build/cpp02_service
[9.920s] INFO:colcon.colcon_core.shell:Creating environment descriptor '/home/z/ws01_plumbing/src/install/cpp02_service/share/cpp02_service/hook/cmake_prefix_path.dsv'
[9.920s] INFO:colcon.colcon_core.shell:Creating environment hook '/home/z/ws01_plumbing/src/install/cpp02_service/share/cpp02_service/hook/cmake_prefix_path.sh'
[9.920s] Level 1:colcon.colcon_core.environment:checking '/home/z/ws01_plumbing/src/install/cpp02_service/lib'
[9.920s] Level 1:colcon.colcon_core.environment:checking '/home/z/ws01_plumbing/src/install/cpp02_service/bin'
[9.920s] Level 1:colcon.colcon_core.environment:checking '/home/z/ws01_plumbing/src/install/cpp02_service/lib/pkgconfig/cpp02_service.pc'
[9.921s] Level 1:colcon.colcon_core.environment:checking '/home/z/ws01_plumbing/src/install/cpp02_service/lib/python3.10/site-packages'
[9.921s] Level 1:colcon.colcon_core.environment:checking '/home/z/ws01_plumbing/src/install/cpp02_service/bin'
[9.921s] INFO:colcon.colcon_core.shell:Creating package script '/home/z/ws01_plumbing/src/install/cpp02_service/share/cpp02_service/package.ps1'
[9.922s] INFO:colcon.colcon_core.shell:Creating package descriptor '/home/z/ws01_plumbing/src/install/cpp02_service/share/cpp02_service/package.dsv'
[9.922s] INFO:colcon.colcon_core.shell:Creating package script '/home/z/ws01_plumbing/src/install/cpp02_service/share/cpp02_service/package.sh'
[9.922s] INFO:colcon.colcon_core.shell:Creating package script '/home/z/ws01_plumbing/src/install/cpp02_service/share/cpp02_service/package.bash'
[9.922s] INFO:colcon.colcon_core.shell:Creating package script '/home/z/ws01_plumbing/src/install/cpp02_service/share/cpp02_service/package.zsh'
[9.923s] Level 1:colcon.colcon_core.environment:create_file_with_runtime_dependencies(/home/z/ws01_plumbing/src/install/cpp02_service/share/colcon-core/packages/cpp02_service)
[9.954s] Level 1:colcon.colcon_core.environment:create_environment_scripts_only(cpp02_service)
[9.955s] Level 1:colcon.colcon_core.environment:checking '/home/z/ws01_plumbing/src/install/cpp02_service' for CMake module files
[9.955s] Level 1:colcon.colcon_core.environment:checking '/home/z/ws01_plumbing/src/install/cpp02_service' for CMake config files
[9.956s] Level 1:colcon.colcon_core.shell:create_environment_hook('cpp02_service', 'cmake_prefix_path')
[9.956s] INFO:colcon.colcon_core.shell:Creating environment hook '/home/z/ws01_plumbing/src/install/cpp02_service/share/cpp02_service/hook/cmake_prefix_path.ps1'
[9.957s] INFO:colcon.colcon_core.shell:Creating environment descriptor '/home/z/ws01_plumbing/src/install/cpp02_service/share/cpp02_service/hook/cmake_prefix_path.dsv'
[9.957s] INFO:colcon.colcon_core.shell:Creating environment hook '/home/z/ws01_plumbing/src/install/cpp02_service/share/cpp02_service/hook/cmake_prefix_path.sh'
[9.958s] Level 1:colcon.colcon_core.environment:checking '/home/z/ws01_plumbing/src/install/cpp02_service/lib'
[9.958s] Level 1:colcon.colcon_core.environment:checking '/home/z/ws01_plumbing/src/install/cpp02_service/bin'
[9.958s] Level 1:colcon.colcon_core.environment:checking '/home/z/ws01_plumbing/src/install/cpp02_service/lib/pkgconfig/cpp02_service.pc'
[9.958s] Level 1:colcon.colcon_core.environment:checking '/home/z/ws01_plumbing/src/install/cpp02_service/lib/python3.10/site-packages'
[9.958s] Level 1:colcon.colcon_core.environment:checking '/home/z/ws01_plumbing/src/install/cpp02_service/bin'
[9.959s] INFO:colcon.colcon_core.shell:Creating package script '/home/z/ws01_plumbing/src/install/cpp02_service/share/cpp02_service/package.ps1'
[9.959s] INFO:colcon.colcon_core.shell:Creating package descriptor '/home/z/ws01_plumbing/src/install/cpp02_service/share/cpp02_service/package.dsv'
[9.960s] INFO:colcon.colcon_core.shell:Creating package script '/home/z/ws01_plumbing/src/install/cpp02_service/share/cpp02_service/package.sh'
[9.960s] INFO:colcon.colcon_core.shell:Creating package script '/home/z/ws01_plumbing/src/install/cpp02_service/share/cpp02_service/package.bash'
[9.960s] INFO:colcon.colcon_core.shell:Creating package script '/home/z/ws01_plumbing/src/install/cpp02_service/share/cpp02_service/package.zsh'
[9.961s] Level 1:colcon.colcon_core.environment:create_file_with_runtime_dependencies(/home/z/ws01_plumbing/src/install/cpp02_service/share/colcon-core/packages/cpp02_service)
[13.659s] DEBUG:colcon.colcon_core.event_handler.log_command:Invoked command in '/home/z/ws01_plumbing/src/build/cpp01_topic' returned '0': CMAKE_PREFIX_PATH=${CMAKE_PREFIX_PATH}:/opt/ros/humble /usr/bin/cmake --build /home/z/ws01_plumbing/src/build/cpp01_topic -- -j4 -l4
[13.683s] DEBUG:colcon.colcon_core.event_handler.log_command:Invoking command in '/home/z/ws01_plumbing/src/build/cpp01_topic': CMAKE_PREFIX_PATH=${CMAKE_PREFIX_PATH}:/opt/ros/humble /usr/bin/cmake --install /home/z/ws01_plumbing/src/build/cpp01_topic
[13.696s] Level 1:colcon.colcon_core.environment:create_environment_scripts_only(cpp01_topic)
[13.696s] DEBUG:colcon.colcon_core.event_handler.log_command:Invoked command in '/home/z/ws01_plumbing/src/build/cpp01_topic' returned '0': CMAKE_PREFIX_PATH=${CMAKE_PREFIX_PATH}:/opt/ros/humble /usr/bin/cmake --install /home/z/ws01_plumbing/src/build/cpp01_topic
[13.697s] Level 1:colcon.colcon_core.environment:checking '/home/z/ws01_plumbing/src/install/cpp01_topic' for CMake module files
[13.697s] Level 1:colcon.colcon_core.environment:checking '/home/z/ws01_plumbing/src/install/cpp01_topic' for CMake config files
[13.698s] Level 1:colcon.colcon_core.shell:create_environment_hook('cpp01_topic', 'cmake_prefix_path')
[13.698s] INFO:colcon.colcon_core.shell:Creating environment hook '/home/z/ws01_plumbing/src/install/cpp01_topic/share/cpp01_topic/hook/cmake_prefix_path.ps1'
[13.699s] INFO:colcon.colcon_core.shell:Creating environment descriptor '/home/z/ws01_plumbing/src/install/cpp01_topic/share/cpp01_topic/hook/cmake_prefix_path.dsv'
[13.699s] INFO:colcon.colcon_core.shell:Creating environment hook '/home/z/ws01_plumbing/src/install/cpp01_topic/share/cpp01_topic/hook/cmake_prefix_path.sh'
[13.699s] Level 1:colcon.colcon_core.environment:checking '/home/z/ws01_plumbing/src/install/cpp01_topic/lib'
[13.699s] Level 1:colcon.colcon_core.environment:checking '/home/z/ws01_plumbing/src/install/cpp01_topic/bin'
[13.700s] Level 1:colcon.colcon_core.environment:checking '/home/z/ws01_plumbing/src/install/cpp01_topic/lib/pkgconfig/cpp01_topic.pc'
[13.700s] Level 1:colcon.colcon_core.environment:checking '/home/z/ws01_plumbing/src/install/cpp01_topic/lib/python3.10/site-packages'
[13.700s] Level 1:colcon.colcon_core.environment:checking '/home/z/ws01_plumbing/src/install/cpp01_topic/bin'
[13.701s] INFO:colcon.colcon_core.shell:Creating package script '/home/z/ws01_plumbing/src/install/cpp01_topic/share/cpp01_topic/package.ps1'
[13.701s] INFO:colcon.colcon_core.shell:Creating package descriptor '/home/z/ws01_plumbing/src/install/cpp01_topic/share/cpp01_topic/package.dsv'
[13.701s] INFO:colcon.colcon_core.shell:Creating package script '/home/z/ws01_plumbing/src/install/cpp01_topic/share/cpp01_topic/package.sh'
[13.702s] INFO:colcon.colcon_core.shell:Creating package script '/home/z/ws01_plumbing/src/install/cpp01_topic/share/cpp01_topic/package.bash'
[13.702s] INFO:colcon.colcon_core.shell:Creating package script '/home/z/ws01_plumbing/src/install/cpp01_topic/share/cpp01_topic/package.zsh'
[13.702s] Level 1:colcon.colcon_core.environment:create_file_with_runtime_dependencies(/home/z/ws01_plumbing/src/install/cpp01_topic/share/colcon-core/packages/cpp01_topic)
[13.723s] Level 1:colcon.colcon_core.environment:create_environment_scripts_only(cpp01_topic)
[13.724s] Level 1:colcon.colcon_core.environment:checking '/home/z/ws01_plumbing/src/install/cpp01_topic' for CMake module files
[13.724s] Level 1:colcon.colcon_core.environment:checking '/home/z/ws01_plumbing/src/install/cpp01_topic' for CMake config files
[13.724s] Level 1:colcon.colcon_core.shell:create_environment_hook('cpp01_topic', 'cmake_prefix_path')
[13.725s] INFO:colcon.colcon_core.shell:Creating environment hook '/home/z/ws01_plumbing/src/install/cpp01_topic/share/cpp01_topic/hook/cmake_prefix_path.ps1'
[13.725s] INFO:colcon.colcon_core.shell:Creating environment descriptor '/home/z/ws01_plumbing/src/install/cpp01_topic/share/cpp01_topic/hook/cmake_prefix_path.dsv'
[13.725s] INFO:colcon.colcon_core.shell:Creating environment hook '/home/z/ws01_plumbing/src/install/cpp01_topic/share/cpp01_topic/hook/cmake_prefix_path.sh'
[13.726s] Level 1:colcon.colcon_core.environment:checking '/home/z/ws01_plumbing/src/install/cpp01_topic/lib'
[13.726s] Level 1:colcon.colcon_core.environment:checking '/home/z/ws01_plumbing/src/install/cpp01_topic/bin'
[13.726s] Level 1:colcon.colcon_core.environment:checking '/home/z/ws01_plumbing/src/install/cpp01_topic/lib/pkgconfig/cpp01_topic.pc'
[13.726s] Level 1:colcon.colcon_core.environment:checking '/home/z/ws01_plumbing/src/install/cpp01_topic/lib/python3.10/site-packages'
[13.726s] Level 1:colcon.colcon_core.environment:checking '/home/z/ws01_plumbing/src/install/cpp01_topic/bin'
[13.727s] INFO:colcon.colcon_core.shell:Creating package script '/home/z/ws01_plumbing/src/install/cpp01_topic/share/cpp01_topic/package.ps1'
[13.727s] INFO:colcon.colcon_core.shell:Creating package descriptor '/home/z/ws01_plumbing/src/install/cpp01_topic/share/cpp01_topic/package.dsv'
[13.728s] INFO:colcon.colcon_core.shell:Creating package script '/home/z/ws01_plumbing/src/install/cpp01_topic/share/cpp01_topic/package.sh'
[13.728s] INFO:colcon.colcon_core.shell:Creating package script '/home/z/ws01_plumbing/src/install/cpp01_topic/share/cpp01_topic/package.bash'
[13.728s] INFO:colcon.colcon_core.shell:Creating package script '/home/z/ws01_plumbing/src/install/cpp01_topic/share/cpp01_topic/package.zsh'
[13.728s] Level 1:colcon.colcon_core.environment:create_file_with_runtime_dependencies(/home/z/ws01_plumbing/src/install/cpp01_topic/share/colcon-core/packages/cpp01_topic)
[13.729s] DEBUG:colcon.colcon_parallel_executor.executor.parallel:closing loop
[13.729s] DEBUG:colcon.colcon_parallel_executor.executor.parallel:loop closed
[13.729s] DEBUG:colcon.colcon_parallel_executor.executor.parallel:run_until_complete finished with '0'
[13.730s] DEBUG:colcon.colcon_core.event_reactor:joining thread
[13.734s] INFO:colcon.colcon_core.plugin_system:Skipping extension 'colcon_notification.desktop_notification.terminal_notifier': Not used on non-Darwin systems
[13.735s] INFO:colcon.colcon_core.plugin_system:Skipping extension 'colcon_notification.desktop_notification.win32': Not used on non-Windows systems
[13.735s] INFO:colcon.colcon_notification.desktop_notification:Sending desktop notification using 'notify2'
[13.746s] DEBUG:colcon.colcon_core.event_reactor:joined thread
[13.747s] INFO:colcon.colcon_core.shell:Creating prefix script '/home/z/ws01_plumbing/src/install/local_setup.ps1'
[13.748s] INFO:colcon.colcon_core.shell:Creating prefix util module '/home/z/ws01_plumbing/src/install/_local_setup_util_ps1.py'
[13.749s] INFO:colcon.colcon_core.shell:Creating prefix chain script '/home/z/ws01_plumbing/src/install/setup.ps1'
[13.750s] INFO:colcon.colcon_core.shell:Creating prefix script '/home/z/ws01_plumbing/src/install/local_setup.sh'
[13.750s] INFO:colcon.colcon_core.shell:Creating prefix util module '/home/z/ws01_plumbing/src/install/_local_setup_util_sh.py'
[13.750s] INFO:colcon.colcon_core.shell:Creating prefix chain script '/home/z/ws01_plumbing/src/install/setup.sh'
[13.751s] INFO:colcon.colcon_core.shell:Creating prefix script '/home/z/ws01_plumbing/src/install/local_setup.bash'
[13.752s] INFO:colcon.colcon_core.shell:Creating prefix chain script '/home/z/ws01_plumbing/src/install/setup.bash'
[13.752s] INFO:colcon.colcon_core.shell:Creating prefix script '/home/z/ws01_plumbing/src/install/local_setup.zsh'
[13.753s] INFO:colcon.colcon_core.shell:Creating prefix chain script '/home/z/ws01_plumbing/src/install/setup.zsh'
