[0.024s] Invoking command in '/home/z/ws01_plumbing/build/cpp01_topic': CMAKE_PREFIX_PATH=/home/z/ws01_plumbing/install/base_interfaces_demo:/home/z/ws01_plumbing/install/cpp04_param:/home/z/ws01_plumbing/install/cpp03_action:/home/z/ws01_plumbing/install/cpp02_service:/home/z/ws01_plumbing/install/cpp01_topic:/opt/ros/humble /usr/bin/cmake --build /home/z/ws01_plumbing/build/cpp01_topic -- -j4 -l4
[0.172s] [ 25%] Built target demo01_talker_str
[0.180s] [ 50%] Built target demo04_listener_student
[0.193s] [ 75%] Built target demo02_listener_str
[0.226s] [100%] Built target demo03_talker_student
[0.280s] Invoked command in '/home/z/ws01_plumbing/build/cpp01_topic' returned '0': CMAKE_PREFIX_PATH=/home/z/ws01_plumbing/install/base_interfaces_demo:/home/z/ws01_plumbing/install/cpp04_param:/home/z/ws01_plumbing/install/cpp03_action:/home/z/ws01_plumbing/install/cpp02_service:/home/z/ws01_plumbing/install/cpp01_topic:/opt/ros/humble /usr/bin/cmake --build /home/z/ws01_plumbing/build/cpp01_topic -- -j4 -l4
[0.468s] Invoking command in '/home/z/ws01_plumbing/build/cpp01_topic': CMAKE_PREFIX_PATH=/home/z/ws01_plumbing/install/base_interfaces_demo:/home/z/ws01_plumbing/install/cpp04_param:/home/z/ws01_plumbing/install/cpp03_action:/home/z/ws01_plumbing/install/cpp02_service:/home/z/ws01_plumbing/install/cpp01_topic:/opt/ros/humble /usr/bin/cmake --install /home/z/ws01_plumbing/build/cpp01_topic
[0.476s] -- Install configuration: ""
[0.477s] -- Up-to-date: /home/z/ws01_plumbing/install/cpp01_topic/lib/cpp01_topic/demo01_talker_str
[0.477s] -- Up-to-date: /home/z/ws01_plumbing/install/cpp01_topic/lib/cpp01_topic/demo02_listener_str
[0.477s] -- Up-to-date: /home/z/ws01_plumbing/install/cpp01_topic/lib/cpp01_topic/demo03_talker_student
[0.477s] -- Up-to-date: /home/z/ws01_plumbing/install/cpp01_topic/lib/cpp01_topic/demo04_listener_student
[0.477s] -- Up-to-date: /home/z/ws01_plumbing/install/cpp01_topic/share/ament_index/resource_index/package_run_dependencies/cpp01_topic
[0.477s] -- Up-to-date: /home/z/ws01_plumbing/install/cpp01_topic/share/ament_index/resource_index/parent_prefix_path/cpp01_topic
[0.477s] -- Up-to-date: /home/z/ws01_plumbing/install/cpp01_topic/share/cpp01_topic/environment/ament_prefix_path.sh
[0.477s] -- Up-to-date: /home/z/ws01_plumbing/install/cpp01_topic/share/cpp01_topic/environment/ament_prefix_path.dsv
[0.477s] -- Up-to-date: /home/z/ws01_plumbing/install/cpp01_topic/share/cpp01_topic/environment/path.sh
[0.477s] -- Up-to-date: /home/z/ws01_plumbing/install/cpp01_topic/share/cpp01_topic/environment/path.dsv
[0.477s] -- Up-to-date: /home/z/ws01_plumbing/install/cpp01_topic/share/cpp01_topic/local_setup.bash
[0.477s] -- Up-to-date: /home/z/ws01_plumbing/install/cpp01_topic/share/cpp01_topic/local_setup.sh
[0.477s] -- Up-to-date: /home/z/ws01_plumbing/install/cpp01_topic/share/cpp01_topic/local_setup.zsh
[0.477s] -- Up-to-date: /home/z/ws01_plumbing/install/cpp01_topic/share/cpp01_topic/local_setup.dsv
[0.477s] -- Up-to-date: /home/z/ws01_plumbing/install/cpp01_topic/share/cpp01_topic/package.dsv
[0.477s] -- Up-to-date: /home/z/ws01_plumbing/install/cpp01_topic/share/ament_index/resource_index/packages/cpp01_topic
[0.477s] -- Up-to-date: /home/z/ws01_plumbing/install/cpp01_topic/share/cpp01_topic/cmake/cpp01_topicConfig.cmake
[0.477s] -- Up-to-date: /home/z/ws01_plumbing/install/cpp01_topic/share/cpp01_topic/cmake/cpp01_topicConfig-version.cmake
[0.477s] -- Up-to-date: /home/z/ws01_plumbing/install/cpp01_topic/share/cpp01_topic/package.xml
[0.484s] Invoked command in '/home/z/ws01_plumbing/build/cpp01_topic' returned '0': CMAKE_PREFIX_PATH=/home/z/ws01_plumbing/install/base_interfaces_demo:/home/z/ws01_plumbing/install/cpp04_param:/home/z/ws01_plumbing/install/cpp03_action:/home/z/ws01_plumbing/install/cpp02_service:/home/z/ws01_plumbing/install/cpp01_topic:/opt/ros/humble /usr/bin/cmake --install /home/z/ws01_plumbing/build/cpp01_topic
