[0.010s] Invoking command in '/home/z/ws01_plumbing/build/cpp04_param': CMAKE_PREFIX_PATH=${CMAKE_PREFIX_PATH}:/opt/ros/humble /usr/bin/cmake --build /home/z/ws01_plumbing/build/cpp04_param -- -j4 -l4
[0.041s] [35m[1mConsolidate compiler generated dependencies of target demo01_param_server[0m
[0.046s] [ 25%] [32mBuilding CXX object CMakeFiles/demo02_param_client.dir/src/demo02_param_client.cpp.o[0m
[0.069s] [ 50%] [32mBuilding CXX object CMakeFiles/demo01_param_server.dir/src/demo01_param_server.cpp.o[0m
[2.642s] [ 75%] [32m[1mLinking CXX executable demo01_param_server[0m
[2.715s] [ 75%] Built target demo01_param_server
[2.759s] [100%] [32m[1mLinking CXX executable demo02_param_client[0m
[2.846s] [100%] Built target demo02_param_client
[2.853s] Invoked command in '/home/z/ws01_plumbing/build/cpp04_param' returned '0': CMAKE_PREFIX_PATH=${CMAKE_PREFIX_PATH}:/opt/ros/humble /usr/bin/cmake --build /home/z/ws01_plumbing/build/cpp04_param -- -j4 -l4
[2.872s] Invoking command in '/home/z/ws01_plumbing/build/cpp04_param': CMAKE_PREFIX_PATH=${CMAKE_PREFIX_PATH}:/opt/ros/humble /usr/bin/cmake --install /home/z/ws01_plumbing/build/cpp04_param
[2.876s] -- Install configuration: ""
[2.876s] -- Installing: /home/z/ws01_plumbing/install/cpp04_param/lib/cpp04_param/demo01_param_server
[2.876s] -- Set runtime path of "/home/z/ws01_plumbing/install/cpp04_param/lib/cpp04_param/demo01_param_server" to ""
[2.877s] -- Installing: /home/z/ws01_plumbing/install/cpp04_param/lib/cpp04_param/demo02_param_client
[2.877s] -- Set runtime path of "/home/z/ws01_plumbing/install/cpp04_param/lib/cpp04_param/demo02_param_client" to ""
[2.877s] -- Up-to-date: /home/z/ws01_plumbing/install/cpp04_param/share/ament_index/resource_index/package_run_dependencies/cpp04_param
[2.877s] -- Up-to-date: /home/z/ws01_plumbing/install/cpp04_param/share/ament_index/resource_index/parent_prefix_path/cpp04_param
[2.877s] -- Up-to-date: /home/z/ws01_plumbing/install/cpp04_param/share/cpp04_param/environment/ament_prefix_path.sh
[2.877s] -- Up-to-date: /home/z/ws01_plumbing/install/cpp04_param/share/cpp04_param/environment/ament_prefix_path.dsv
[2.877s] -- Up-to-date: /home/z/ws01_plumbing/install/cpp04_param/share/cpp04_param/environment/path.sh
[2.877s] -- Up-to-date: /home/z/ws01_plumbing/install/cpp04_param/share/cpp04_param/environment/path.dsv
[2.877s] -- Up-to-date: /home/z/ws01_plumbing/install/cpp04_param/share/cpp04_param/local_setup.bash
[2.877s] -- Up-to-date: /home/z/ws01_plumbing/install/cpp04_param/share/cpp04_param/local_setup.sh
[2.877s] -- Up-to-date: /home/z/ws01_plumbing/install/cpp04_param/share/cpp04_param/local_setup.zsh
[2.877s] -- Up-to-date: /home/z/ws01_plumbing/install/cpp04_param/share/cpp04_param/local_setup.dsv
[2.877s] -- Installing: /home/z/ws01_plumbing/install/cpp04_param/share/cpp04_param/package.dsv
[2.877s] -- Up-to-date: /home/z/ws01_plumbing/install/cpp04_param/share/ament_index/resource_index/packages/cpp04_param
[2.878s] -- Up-to-date: /home/z/ws01_plumbing/install/cpp04_param/share/cpp04_param/cmake/cpp04_paramConfig.cmake
[2.878s] -- Up-to-date: /home/z/ws01_plumbing/install/cpp04_param/share/cpp04_param/cmake/cpp04_paramConfig-version.cmake
[2.878s] -- Up-to-date: /home/z/ws01_plumbing/install/cpp04_param/share/cpp04_param/package.xml
[2.880s] Invoked command in '/home/z/ws01_plumbing/build/cpp04_param' returned '0': CMAKE_PREFIX_PATH=${CMAKE_PREFIX_PATH}:/opt/ros/humble /usr/bin/cmake --install /home/z/ws01_plumbing/build/cpp04_param
