[0.004s] Invoking command in '/home/z/ws01_plumbing/build/cpp01_topic': AMENT_PREFIX_PATH=/home/z/ws01_plumbing/install/base_interfaces_demo:${AMENT_PREFIX_PATH} CMAKE_PREFIX_PATH=/home/z/ws01_plumbing/install/base_interfaces_demo:/opt/ros/humble /usr/bin/cmake /home/z/ws01_plumbing/src/cpp01_topic -DCMAKE_INSTALL_PREFIX=/home/z/ws01_plumbing/install/cpp01_topic
[0.012s] -- Found ament_cmake: 1.3.3 (/opt/ros/humble/share/ament_cmake/cmake)
[0.114s] -- Found rclcpp: 16.0.3 (/opt/ros/humble/share/rclcpp/cmake)
[0.134s] -- Found rosidl_generator_c: 3.1.4 (/opt/ros/humble/share/rosidl_generator_c/cmake)
[0.136s] -- Found rosidl_adapter: 3.1.4 (/opt/ros/humble/share/rosidl_adapter/cmake)
[0.140s] -- Found rosidl_generator_cpp: 3.1.4 (/opt/ros/humble/share/rosidl_generator_cpp/cmake)
[0.147s] -- Using all available rosidl_typesupport_c: rosidl_typesupport_fastrtps_c;rosidl_typesupport_introspection_c
[0.161s] -- Using all available rosidl_typesupport_cpp: rosidl_typesupport_fastrtps_cpp;rosidl_typesupport_introspection_cpp
[0.207s] -- Found rmw_implementation_cmake: 6.1.1 (/opt/ros/humble/share/rmw_implementation_cmake/cmake)
[0.208s] -- Found rmw_fastrtps_cpp: 6.2.2 (/opt/ros/humble/share/rmw_fastrtps_cpp/cmake)
[0.280s] -- Using RMW implementation 'rmw_fastrtps_cpp' as default
[0.387s] [31mCMake Error at CMakeLists.txt:12 (find_package):
[0.387s]   By not providing "Findbase_interfaces.cmake" in CMAKE_MODULE_PATH this
[0.387s]   project has asked CMake to find a package configuration file provided by
[0.387s]   "base_interfaces", but CMake did not find one.
[0.387s] 
[0.387s]   Could not find a package configuration file provided by "base_interfaces"
[0.387s]   with any of the following names:
[0.387s] 
[0.387s]     base_interfacesConfig.cmake
[0.387s]     base_interfaces-config.cmake
[0.387s] 
[0.387s]   Add the installation prefix of "base_interfaces" to CMAKE_PREFIX_PATH or
[0.387s]   set "base_interfaces_DIR" to a directory containing one of the above files.
[0.387s]   If "base_interfaces" provides a separate development package or SDK, be
[0.387s]   sure it has been installed.
[0.387s] 
[0.387s] -- Configuring incomplete, errors occurred!
[0.387s] See also "/home/z/ws01_plumbing/build/cpp01_topic/CMakeFiles/CMakeOutput.log".
[0.387s] [0m
[0.392s] Invoked command in '/home/z/ws01_plumbing/build/cpp01_topic' returned '1': AMENT_PREFIX_PATH=/home/z/ws01_plumbing/install/base_interfaces_demo:${AMENT_PREFIX_PATH} CMAKE_PREFIX_PATH=/home/z/ws01_plumbing/install/base_interfaces_demo:/opt/ros/humble /usr/bin/cmake /home/z/ws01_plumbing/src/cpp01_topic -DCMAKE_INSTALL_PREFIX=/home/z/ws01_plumbing/install/cpp01_topic
