[0.009s] Invoking command in '/home/z/ws01_plumbing/build/cpp04_param': CMAKE_PREFIX_PATH=/opt/ros/humble /usr/bin/cmake /home/z/ws01_plumbing/src/cpp04_param -DCMAKE_INSTALL_PREFIX=/home/z/ws01_plumbing/install/cpp04_param
[0.019s] -- Found ament_cmake: 1.3.3 (/opt/ros/humble/share/ament_cmake/cmake)
[0.114s] -- Found rclcpp: 16.0.3 (/opt/ros/humble/share/rclcpp/cmake)
[0.134s] -- Found rosidl_generator_c: 3.1.4 (/opt/ros/humble/share/rosidl_generator_c/cmake)
[0.136s] -- Found rosidl_adapter: 3.1.4 (/opt/ros/humble/share/rosidl_adapter/cmake)
[0.140s] -- Found rosidl_generator_cpp: 3.1.4 (/opt/ros/humble/share/rosidl_generator_cpp/cmake)
[0.147s] -- Using all available rosidl_typesupport_c: rosidl_typesupport_fastrtps_c;rosidl_typesupport_introspection_c
[0.157s] -- Using all available rosidl_typesupport_cpp: rosidl_typesupport_fastrtps_cpp;rosidl_typesupport_introspection_cpp
[0.195s] -- Found rmw_implementation_cmake: 6.1.1 (/opt/ros/humble/share/rmw_implementation_cmake/cmake)
[0.195s] -- Found rmw_fastrtps_cpp: 6.2.2 (/opt/ros/humble/share/rmw_fastrtps_cpp/cmake)
[0.267s] -- Using RMW implementation 'rmw_fastrtps_cpp' as default
[0.375s] -- Found ament_lint_auto: 0.12.5 (/opt/ros/humble/share/ament_lint_auto/cmake)
[0.437s] -- Added test 'cppcheck' to perform static code analysis on C / C++ code
[0.438s] -- Configured cppcheck include dirs: 
[0.438s] -- Configured cppcheck exclude dirs and/or files: 
[0.438s] -- Added test 'lint_cmake' to check CMake code style
[0.439s] -- Added test 'uncrustify' to check C / C++ code style
[0.439s] -- Configured uncrustify additional arguments: 
[0.440s] -- Added test 'xmllint' to check XML markup files
[0.441s] -- Configuring done
[0.449s] -- Generating done
[0.450s] -- Build files have been written to: /home/z/ws01_plumbing/build/cpp04_param
[0.455s] Invoked command in '/home/z/ws01_plumbing/build/cpp04_param' returned '0': CMAKE_PREFIX_PATH=/opt/ros/humble /usr/bin/cmake /home/z/ws01_plumbing/src/cpp04_param -DCMAKE_INSTALL_PREFIX=/home/z/ws01_plumbing/install/cpp04_param
[0.456s] Invoking command in '/home/z/ws01_plumbing/build/cpp04_param': CMAKE_PREFIX_PATH=/opt/ros/humble /usr/bin/cmake --build /home/z/ws01_plumbing/build/cpp04_param -- -j4 -l4
[0.489s] [ 25%] [32mBuilding CXX object CMakeFiles/demo01_param_server.dir/src/demo01_param_server.cpp.o[0m
[0.490s] [ 50%] [32mBuilding CXX object CMakeFiles/demo02_param_client.dir/src/demo02_param_client.cpp.o[0m
[2.489s] [ 75%] [32m[1mLinking CXX executable demo01_param_server[0m
[2.599s] [ 75%] Built target demo01_param_server
[2.616s] [100%] [32m[1mLinking CXX executable demo02_param_client[0m
[2.697s] [100%] Built target demo02_param_client
[2.703s] Invoked command in '/home/z/ws01_plumbing/build/cpp04_param' returned '0': CMAKE_PREFIX_PATH=/opt/ros/humble /usr/bin/cmake --build /home/z/ws01_plumbing/build/cpp04_param -- -j4 -l4
[2.727s] Invoking command in '/home/z/ws01_plumbing/build/cpp04_param': CMAKE_PREFIX_PATH=/opt/ros/humble /usr/bin/cmake --install /home/z/ws01_plumbing/build/cpp04_param
[2.733s] -- Install configuration: ""
[2.733s] -- Installing: /home/z/ws01_plumbing/install/cpp04_param/lib/cpp04_param/demo01_param_server
[2.733s] -- Set runtime path of "/home/z/ws01_plumbing/install/cpp04_param/lib/cpp04_param/demo01_param_server" to ""
[2.733s] -- Installing: /home/z/ws01_plumbing/install/cpp04_param/lib/cpp04_param/demo02_param_client
[2.733s] -- Set runtime path of "/home/z/ws01_plumbing/install/cpp04_param/lib/cpp04_param/demo02_param_client" to ""
[2.733s] -- Installing: /home/z/ws01_plumbing/install/cpp04_param/share/ament_index/resource_index/package_run_dependencies/cpp04_param
[2.733s] -- Installing: /home/z/ws01_plumbing/install/cpp04_param/share/ament_index/resource_index/parent_prefix_path/cpp04_param
[2.734s] -- Installing: /home/z/ws01_plumbing/install/cpp04_param/share/cpp04_param/environment/ament_prefix_path.sh
[2.734s] -- Installing: /home/z/ws01_plumbing/install/cpp04_param/share/cpp04_param/environment/ament_prefix_path.dsv
[2.734s] -- Installing: /home/z/ws01_plumbing/install/cpp04_param/share/cpp04_param/environment/path.sh
[2.734s] -- Installing: /home/z/ws01_plumbing/install/cpp04_param/share/cpp04_param/environment/path.dsv
[2.734s] -- Installing: /home/z/ws01_plumbing/install/cpp04_param/share/cpp04_param/local_setup.bash
[2.734s] -- Installing: /home/z/ws01_plumbing/install/cpp04_param/share/cpp04_param/local_setup.sh
[2.734s] -- Installing: /home/z/ws01_plumbing/install/cpp04_param/share/cpp04_param/local_setup.zsh
[2.734s] -- Installing: /home/z/ws01_plumbing/install/cpp04_param/share/cpp04_param/local_setup.dsv
[2.734s] -- Installing: /home/z/ws01_plumbing/install/cpp04_param/share/cpp04_param/package.dsv
[2.734s] -- Installing: /home/z/ws01_plumbing/install/cpp04_param/share/ament_index/resource_index/packages/cpp04_param
[2.734s] -- Installing: /home/z/ws01_plumbing/install/cpp04_param/share/cpp04_param/cmake/cpp04_paramConfig.cmake
[2.734s] -- Installing: /home/z/ws01_plumbing/install/cpp04_param/share/cpp04_param/cmake/cpp04_paramConfig-version.cmake
[2.734s] -- Installing: /home/z/ws01_plumbing/install/cpp04_param/share/cpp04_param/package.xml
[2.736s] Invoked command in '/home/z/ws01_plumbing/build/cpp04_param' returned '0': CMAKE_PREFIX_PATH=/opt/ros/humble /usr/bin/cmake --install /home/z/ws01_plumbing/build/cpp04_param
