[0.005s] Invoking command in '/home/z/ws01_plumbing/build/cpp01_topic': CMAKE_PREFIX_PATH=/home/z/ws01_plumbing/install/base_interfaces_demo:/home/z/ws01_plumbing/install/cpp01_topic:/opt/ros/humble /usr/bin/cmake --build /home/z/ws01_plumbing/build/cpp01_topic -- -j4 -l4
[0.039s] [ 25%] [32mBuilding CXX object CMakeFiles/demo02_listener_str.dir/src/demo02_listener_str.cpp.o[0m
[0.041s] [ 75%] Built target demo01_talker_str
[5.441s] [100%] [32m[1mLinking CXX executable demo02_listener_str[0m
[5.738s] [100%] Built target demo02_listener_str
[5.747s] Invoked command in '/home/z/ws01_plumbing/build/cpp01_topic' returned '0': CMAKE_PREFIX_PATH=/home/z/ws01_plumbing/install/base_interfaces_demo:/home/z/ws01_plumbing/install/cpp01_topic:/opt/ros/humble /usr/bin/cmake --build /home/z/ws01_plumbing/build/cpp01_topic -- -j4 -l4
[5.773s] Invoking command in '/home/z/ws01_plumbing/build/cpp01_topic': CMAKE_PREFIX_PATH=/home/z/ws01_plumbing/install/base_interfaces_demo:/home/z/ws01_plumbing/install/cpp01_topic:/opt/ros/humble /usr/bin/cmake --install /home/z/ws01_plumbing/build/cpp01_topic
[5.780s] -- Install configuration: ""
[5.780s] -- Up-to-date: /home/z/ws01_plumbing/install/cpp01_topic/lib/cpp01_topic/demo01_talker_str
[5.780s] -- Installing: /home/z/ws01_plumbing/install/cpp01_topic/lib/cpp01_topic/demo02_listener_str
[5.784s] -- Set runtime path of "/home/z/ws01_plumbing/install/cpp01_topic/lib/cpp01_topic/demo02_listener_str" to ""
[5.784s] -- Up-to-date: /home/z/ws01_plumbing/install/cpp01_topic/share/ament_index/resource_index/package_run_dependencies/cpp01_topic
[5.785s] -- Installing: /home/z/ws01_plumbing/install/cpp01_topic/share/ament_index/resource_index/parent_prefix_path/cpp01_topic
[5.785s] -- Up-to-date: /home/z/ws01_plumbing/install/cpp01_topic/share/cpp01_topic/environment/ament_prefix_path.sh
[5.785s] -- Installing: /home/z/ws01_plumbing/install/cpp01_topic/share/cpp01_topic/environment/ament_prefix_path.dsv
[5.785s] -- Up-to-date: /home/z/ws01_plumbing/install/cpp01_topic/share/cpp01_topic/environment/path.sh
[5.785s] -- Installing: /home/z/ws01_plumbing/install/cpp01_topic/share/cpp01_topic/environment/path.dsv
[5.785s] -- Up-to-date: /home/z/ws01_plumbing/install/cpp01_topic/share/cpp01_topic/local_setup.bash
[5.785s] -- Up-to-date: /home/z/ws01_plumbing/install/cpp01_topic/share/cpp01_topic/local_setup.sh
[5.786s] -- Up-to-date: /home/z/ws01_plumbing/install/cpp01_topic/share/cpp01_topic/local_setup.zsh
[5.786s] -- Installing: /home/z/ws01_plumbing/install/cpp01_topic/share/cpp01_topic/local_setup.dsv
[5.786s] -- Up-to-date: /home/z/ws01_plumbing/install/cpp01_topic/share/cpp01_topic/package.dsv
[5.786s] -- Up-to-date: /home/z/ws01_plumbing/install/cpp01_topic/share/ament_index/resource_index/packages/cpp01_topic
[5.786s] -- Up-to-date: /home/z/ws01_plumbing/install/cpp01_topic/share/cpp01_topic/cmake/cpp01_topicConfig.cmake
[5.786s] -- Up-to-date: /home/z/ws01_plumbing/install/cpp01_topic/share/cpp01_topic/cmake/cpp01_topicConfig-version.cmake
[5.786s] -- Installing: /home/z/ws01_plumbing/install/cpp01_topic/share/cpp01_topic/package.xml
[5.792s] Invoked command in '/home/z/ws01_plumbing/build/cpp01_topic' returned '0': CMAKE_PREFIX_PATH=/home/z/ws01_plumbing/install/base_interfaces_demo:/home/z/ws01_plumbing/install/cpp01_topic:/opt/ros/humble /usr/bin/cmake --install /home/z/ws01_plumbing/build/cpp01_topic
