[0.010s] Invoking command in '/home/z/ws01_plumbing/build/base_interfaces_demo': CMAKE_PREFIX_PATH=${CMAKE_PREFIX_PATH}:/opt/ros/humble /usr/bin/cmake --build /home/z/ws01_plumbing/build/base_interfaces_demo -- -j4 -l4
[0.024s] -- Found ament_cmake: 1.3.3 (/opt/ros/humble/share/ament_cmake/cmake)
[0.121s] -- Found ament_lint_auto: 0.12.5 (/opt/ros/humble/share/ament_lint_auto/cmake)
[0.167s] -- Added test 'lint_cmake' to check CMake code style
[0.168s] -- Added test 'xmllint' to check XML markup files
[0.168s] -- Configuring done
[0.170s] -- Generating done
[0.171s] -- Build files have been written to: /home/z/ws01_plumbing/build/base_interfaces_demo
[0.185s] Invoked command in '/home/z/ws01_plumbing/build/base_interfaces_demo' returned '0': CMAKE_PREFIX_PATH=${CMAKE_PREFIX_PATH}:/opt/ros/humble /usr/bin/cmake --build /home/z/ws01_plumbing/build/base_interfaces_demo -- -j4 -l4
[0.203s] Invoking command in '/home/z/ws01_plumbing/build/base_interfaces_demo': CMAKE_PREFIX_PATH=${CMAKE_PREFIX_PATH}:/opt/ros/humble /usr/bin/cmake --install /home/z/ws01_plumbing/build/base_interfaces_demo
[0.208s] -- Install configuration: ""
[0.208s] -- Up-to-date: /home/z/ws01_plumbing/install/base_interfaces_demo/share/ament_index/resource_index/package_run_dependencies/base_interfaces_demo
[0.209s] -- Installing: /home/z/ws01_plumbing/install/base_interfaces_demo/share/ament_index/resource_index/parent_prefix_path/base_interfaces_demo
[0.209s] -- Up-to-date: /home/z/ws01_plumbing/install/base_interfaces_demo/share/base_interfaces_demo/environment/ament_prefix_path.sh
[0.209s] -- Installing: /home/z/ws01_plumbing/install/base_interfaces_demo/share/base_interfaces_demo/environment/ament_prefix_path.dsv
[0.210s] -- Up-to-date: /home/z/ws01_plumbing/install/base_interfaces_demo/share/base_interfaces_demo/environment/path.sh
[0.210s] -- Installing: /home/z/ws01_plumbing/install/base_interfaces_demo/share/base_interfaces_demo/environment/path.dsv
[0.210s] -- Up-to-date: /home/z/ws01_plumbing/install/base_interfaces_demo/share/base_interfaces_demo/local_setup.bash
[0.211s] -- Up-to-date: /home/z/ws01_plumbing/install/base_interfaces_demo/share/base_interfaces_demo/local_setup.sh
[0.211s] -- Up-to-date: /home/z/ws01_plumbing/install/base_interfaces_demo/share/base_interfaces_demo/local_setup.zsh
[0.211s] -- Installing: /home/z/ws01_plumbing/install/base_interfaces_demo/share/base_interfaces_demo/local_setup.dsv
[0.211s] -- Installing: /home/z/ws01_plumbing/install/base_interfaces_demo/share/base_interfaces_demo/package.dsv
[0.211s] -- Up-to-date: /home/z/ws01_plumbing/install/base_interfaces_demo/share/ament_index/resource_index/packages/base_interfaces_demo
[0.211s] -- Up-to-date: /home/z/ws01_plumbing/install/base_interfaces_demo/share/base_interfaces_demo/cmake/base_interfaces_demoConfig.cmake
[0.211s] -- Up-to-date: /home/z/ws01_plumbing/install/base_interfaces_demo/share/base_interfaces_demo/cmake/base_interfaces_demoConfig-version.cmake
[0.211s] -- Installing: /home/z/ws01_plumbing/install/base_interfaces_demo/share/base_interfaces_demo/package.xml
[0.213s] Invoked command in '/home/z/ws01_plumbing/build/base_interfaces_demo' returned '0': CMAKE_PREFIX_PATH=${CMAKE_PREFIX_PATH}:/opt/ros/humble /usr/bin/cmake --install /home/z/ws01_plumbing/build/base_interfaces_demo
