[0.012s] Invoking command in '/home/z/ws01_plumbing/build/cpp03_action': AMENT_PREFIX_PATH=/home/z/ws01_plumbing/install/base_interfaces_demo:${AMENT_PREFIX_PATH} CMAKE_PREFIX_PATH=/home/z/ws01_plumbing/install/base_interfaces_demo:/opt/ros/humble LD_LIBRARY_PATH=/home/z/ws01_plumbing/install/base_interfaces_demo/lib:${LD_LIBRARY_PATH} PYTHONPATH=/home/z/ws01_plumbing/install/base_interfaces_demo/local/lib/python3.10/dist-packages:${PYTHONPATH} /usr/bin/cmake --build /home/z/ws01_plumbing/build/cpp03_action -- -j4 -l4
[0.045s] [35m[1mConsolidate compiler generated dependencies of target demo01_action_server[0m
[0.056s] [ 50%] [32mBuilding CXX object CMakeFiles/demo01_action_server.dir/src/demo01_action_server.cpp.o[0m
[2.710s] [100%] [32m[1mLinking CXX executable demo01_action_server[0m
[2.817s] [100%] Built target demo01_action_server
[2.827s] Invoked command in '/home/z/ws01_plumbing/build/cpp03_action' returned '0': AMENT_PREFIX_PATH=/home/z/ws01_plumbing/install/base_interfaces_demo:${AMENT_PREFIX_PATH} CMAKE_PREFIX_PATH=/home/z/ws01_plumbing/install/base_interfaces_demo:/opt/ros/humble LD_LIBRARY_PATH=/home/z/ws01_plumbing/install/base_interfaces_demo/lib:${LD_LIBRARY_PATH} PYTHONPATH=/home/z/ws01_plumbing/install/base_interfaces_demo/local/lib/python3.10/dist-packages:${PYTHONPATH} /usr/bin/cmake --build /home/z/ws01_plumbing/build/cpp03_action -- -j4 -l4
[2.846s] Invoking command in '/home/z/ws01_plumbing/build/cpp03_action': AMENT_PREFIX_PATH=/home/z/ws01_plumbing/install/base_interfaces_demo:${AMENT_PREFIX_PATH} CMAKE_PREFIX_PATH=/home/z/ws01_plumbing/install/base_interfaces_demo:/opt/ros/humble LD_LIBRARY_PATH=/home/z/ws01_plumbing/install/base_interfaces_demo/lib:${LD_LIBRARY_PATH} PYTHONPATH=/home/z/ws01_plumbing/install/base_interfaces_demo/local/lib/python3.10/dist-packages:${PYTHONPATH} /usr/bin/cmake --install /home/z/ws01_plumbing/build/cpp03_action
[2.850s] -- Install configuration: ""
[2.850s] -- Installing: /home/z/ws01_plumbing/install/cpp03_action/lib/cpp03_action/demo01_action_server
[2.851s] -- Set runtime path of "/home/z/ws01_plumbing/install/cpp03_action/lib/cpp03_action/demo01_action_server" to ""
[2.851s] -- Up-to-date: /home/z/ws01_plumbing/install/cpp03_action/share/ament_index/resource_index/package_run_dependencies/cpp03_action
[2.852s] -- Up-to-date: /home/z/ws01_plumbing/install/cpp03_action/share/ament_index/resource_index/parent_prefix_path/cpp03_action
[2.852s] -- Up-to-date: /home/z/ws01_plumbing/install/cpp03_action/share/cpp03_action/environment/ament_prefix_path.sh
[2.852s] -- Up-to-date: /home/z/ws01_plumbing/install/cpp03_action/share/cpp03_action/environment/ament_prefix_path.dsv
[2.852s] -- Up-to-date: /home/z/ws01_plumbing/install/cpp03_action/share/cpp03_action/environment/path.sh
[2.852s] -- Up-to-date: /home/z/ws01_plumbing/install/cpp03_action/share/cpp03_action/environment/path.dsv
[2.852s] -- Up-to-date: /home/z/ws01_plumbing/install/cpp03_action/share/cpp03_action/local_setup.bash
[2.852s] -- Up-to-date: /home/z/ws01_plumbing/install/cpp03_action/share/cpp03_action/local_setup.sh
[2.852s] -- Up-to-date: /home/z/ws01_plumbing/install/cpp03_action/share/cpp03_action/local_setup.zsh
[2.852s] -- Up-to-date: /home/z/ws01_plumbing/install/cpp03_action/share/cpp03_action/local_setup.dsv
[2.852s] -- Installing: /home/z/ws01_plumbing/install/cpp03_action/share/cpp03_action/package.dsv
[2.852s] -- Up-to-date: /home/z/ws01_plumbing/install/cpp03_action/share/ament_index/resource_index/packages/cpp03_action
[2.852s] -- Up-to-date: /home/z/ws01_plumbing/install/cpp03_action/share/cpp03_action/cmake/cpp03_actionConfig.cmake
[2.852s] -- Up-to-date: /home/z/ws01_plumbing/install/cpp03_action/share/cpp03_action/cmake/cpp03_actionConfig-version.cmake
[2.852s] -- Up-to-date: /home/z/ws01_plumbing/install/cpp03_action/share/cpp03_action/package.xml
[2.856s] Invoked command in '/home/z/ws01_plumbing/build/cpp03_action' returned '0': AMENT_PREFIX_PATH=/home/z/ws01_plumbing/install/base_interfaces_demo:${AMENT_PREFIX_PATH} CMAKE_PREFIX_PATH=/home/z/ws01_plumbing/install/base_interfaces_demo:/opt/ros/humble LD_LIBRARY_PATH=/home/z/ws01_plumbing/install/base_interfaces_demo/lib:${LD_LIBRARY_PATH} PYTHONPATH=/home/z/ws01_plumbing/install/base_interfaces_demo/local/lib/python3.10/dist-packages:${PYTHONPATH} /usr/bin/cmake --install /home/z/ws01_plumbing/build/cpp03_action
