-- The C compiler identification is GNU 11.3.0
-- The CXX compiler identification is GNU 11.3.0
-- Detecting C compiler ABI info
-- Detecting C compiler ABI info - done
-- Check for working C compiler: /usr/bin/cc - skipped
-- Detecting C compile features
-- Detecting C compile features - done
-- Detecting CXX compiler ABI info
-- Detecting CXX compiler ABI info - done
-- Check for working CXX compiler: /usr/bin/c++ - skipped
-- Detecting CXX compile features
-- Detecting CXX compile features - done
-- Found ament_cmake: 1.3.3 (/opt/ros/humble/share/ament_cmake/cmake)
-- Found Python3: /usr/bin/python3.10 (found version "3.10.6") found components: Interpreter 
-- Found rclcpp: 16.0.3 (/opt/ros/humble/share/rclcpp/cmake)
-- Found rosidl_generator_c: 3.1.4 (/opt/ros/humble/share/rosidl_generator_c/cmake)
-- Found rosidl_adapter: 3.1.4 (/opt/ros/humble/share/rosidl_adapter/cmake)
-- Found rosidl_generator_cpp: 3.1.4 (/opt/ros/humble/share/rosidl_generator_cpp/cmake)
-- Using all available rosidl_typesupport_c: rosidl_typesupport_fastrtps_c;rosidl_typesupport_introspection_c
-- Using all available rosidl_typesupport_cpp: rosidl_typesupport_fastrtps_cpp;rosidl_typesupport_introspection_cpp
-- Found rmw_implementation_cmake: 6.1.1 (/opt/ros/humble/share/rmw_implementation_cmake/cmake)
-- Found rmw_fastrtps_cpp: 6.2.2 (/opt/ros/humble/share/rmw_fastrtps_cpp/cmake)
-- Found OpenSSL: /usr/lib/x86_64-linux-gnu/libcrypto.so (found version "3.0.2")  
-- Found FastRTPS: /opt/ros/humble/include  
-- Using RMW implementation 'rmw_fastrtps_cpp' as default
-- Looking for pthread.h
-- Looking for pthread.h - found
-- Performing Test CMAKE_HAVE_LIBC_PTHREAD
-- Performing Test CMAKE_HAVE_LIBC_PTHREAD - Success
-- Found Threads: TRUE  
-- Found base_interfaces_demo: 0.0.0 (/home/z/ws01_plumbing/src/install/base_interfaces_demo/share/base_interfaces_demo/cmake)
-- Found ament_lint_auto: 0.12.5 (/opt/ros/humble/share/ament_lint_auto/cmake)
-- Added test 'cppcheck' to perform static code analysis on C / C++ code
-- Configured cppcheck include dirs: $<BUILD_INTERFACE:/home/z/ws01_plumbing/src/cpp01_topic/include>
-- Configured cppcheck exclude dirs and/or files: 
-- Added test 'lint_cmake' to check CMake code style
-- Added test 'uncrustify' to check C / C++ code style
-- Configured uncrustify additional arguments: 
-- Added test 'xmllint' to check XML markup files
-- Configuring done
-- Generating done
-- Build files have been written to: /home/z/ws01_plumbing/src/build/cpp01_topic
[ 12%] [32mBuilding CXX object CMakeFiles/demo01_talker_str.dir/src/demo01_talker_str.cpp.o[0m
[ 25%] [32mBuilding CXX object CMakeFiles/demo02_listener_str.dir/src/demo02_listener_str.cpp.o[0m
[ 37%] [32mBuilding CXX object CMakeFiles/demo03_talker_student.dir/src/demo03_talker_student.cpp.o[0m
[ 50%] [32mBuilding CXX object CMakeFiles/demo04_listener_student.dir/src/demo04_listener_student.cpp.o[0m
[ 62%] [32m[1mLinking CXX executable demo03_talker_student[0m
[ 62%] Built target demo03_talker_student
[ 75%] [32m[1mLinking CXX executable demo01_talker_str[0m
[ 75%] Built target demo01_talker_str
[ 87%] [32m[1mLinking CXX executable demo02_listener_str[0m
[ 87%] Built target demo02_listener_str
[100%] [32m[1mLinking CXX executable demo04_listener_student[0m
[100%] Built target demo04_listener_student
-- Install configuration: ""
-- Installing: /home/z/ws01_plumbing/src/install/cpp01_topic/lib/cpp01_topic/demo01_talker_str
-- Set runtime path of "/home/z/ws01_plumbing/src/install/cpp01_topic/lib/cpp01_topic/demo01_talker_str" to ""
-- Installing: /home/z/ws01_plumbing/src/install/cpp01_topic/lib/cpp01_topic/demo02_listener_str
-- Set runtime path of "/home/z/ws01_plumbing/src/install/cpp01_topic/lib/cpp01_topic/demo02_listener_str" to ""
-- Installing: /home/z/ws01_plumbing/src/install/cpp01_topic/lib/cpp01_topic/demo03_talker_student
-- Set runtime path of "/home/z/ws01_plumbing/src/install/cpp01_topic/lib/cpp01_topic/demo03_talker_student" to ""
-- Installing: /home/z/ws01_plumbing/src/install/cpp01_topic/lib/cpp01_topic/demo04_listener_student
-- Set runtime path of "/home/z/ws01_plumbing/src/install/cpp01_topic/lib/cpp01_topic/demo04_listener_student" to ""
-- Installing: /home/z/ws01_plumbing/src/install/cpp01_topic/share/ament_index/resource_index/package_run_dependencies/cpp01_topic
-- Installing: /home/z/ws01_plumbing/src/install/cpp01_topic/share/ament_index/resource_index/parent_prefix_path/cpp01_topic
-- Installing: /home/z/ws01_plumbing/src/install/cpp01_topic/share/cpp01_topic/environment/ament_prefix_path.sh
-- Installing: /home/z/ws01_plumbing/src/install/cpp01_topic/share/cpp01_topic/environment/ament_prefix_path.dsv
-- Installing: /home/z/ws01_plumbing/src/install/cpp01_topic/share/cpp01_topic/environment/path.sh
-- Installing: /home/z/ws01_plumbing/src/install/cpp01_topic/share/cpp01_topic/environment/path.dsv
-- Installing: /home/z/ws01_plumbing/src/install/cpp01_topic/share/cpp01_topic/local_setup.bash
-- Installing: /home/z/ws01_plumbing/src/install/cpp01_topic/share/cpp01_topic/local_setup.sh
-- Installing: /home/z/ws01_plumbing/src/install/cpp01_topic/share/cpp01_topic/local_setup.zsh
-- Installing: /home/z/ws01_plumbing/src/install/cpp01_topic/share/cpp01_topic/local_setup.dsv
-- Installing: /home/z/ws01_plumbing/src/install/cpp01_topic/share/cpp01_topic/package.dsv
-- Installing: /home/z/ws01_plumbing/src/install/cpp01_topic/share/ament_index/resource_index/packages/cpp01_topic
-- Installing: /home/z/ws01_plumbing/src/install/cpp01_topic/share/cpp01_topic/cmake/cpp01_topicConfig.cmake
-- Installing: /home/z/ws01_plumbing/src/install/cpp01_topic/share/cpp01_topic/cmake/cpp01_topicConfig-version.cmake
-- Installing: /home/z/ws01_plumbing/src/install/cpp01_topic/share/cpp01_topic/package.xml
