[0.008s] Invoking command in '/home/z/ws01_plumbing/src/build/cpp01_topic': CMAKE_PREFIX_PATH=${CMAKE_PREFIX_PATH}:/opt/ros/humble /usr/bin/cmake /home/z/ws01_plumbing/src/cpp01_topic -DCMAKE_INSTALL_PREFIX=/home/z/ws01_plumbing/src/install/cpp01_topic
[0.062s] -- The C compiler identification is GNU 11.3.0
[0.101s] -- The CXX compiler identification is GNU 11.3.0
[0.105s] -- Detecting C compiler ABI info
[0.155s] -- Detecting C compiler ABI info - done
[0.159s] -- Check for working C compiler: /usr/bin/cc - skipped
[0.160s] -- Detecting C compile features
[0.160s] -- Detecting C compile features - done
[0.162s] -- Detecting CXX compiler ABI info
[0.210s] -- Detecting CXX compiler ABI info - done
[0.215s] -- Check for working CXX compiler: /usr/bin/c++ - skipped
[0.215s] -- Detecting CXX compile features
[0.216s] -- Detecting CXX compile features - done
[0.217s] -- Found ament_cmake: 1.3.3 (/opt/ros/humble/share/ament_cmake/cmake)
[0.328s] -- Found Python3: /usr/bin/python3.10 (found version "3.10.6") found components: Interpreter 
[0.389s] -- Found rclcpp: 16.0.3 (/opt/ros/humble/share/rclcpp/cmake)
[0.444s] -- Found rosidl_generator_c: 3.1.4 (/opt/ros/humble/share/rosidl_generator_c/cmake)
[0.446s] -- Found rosidl_adapter: 3.1.4 (/opt/ros/humble/share/rosidl_adapter/cmake)
[0.451s] -- Found rosidl_generator_cpp: 3.1.4 (/opt/ros/humble/share/rosidl_generator_cpp/cmake)
[0.462s] -- Using all available rosidl_typesupport_c: rosidl_typesupport_fastrtps_c;rosidl_typesupport_introspection_c
[0.475s] -- Using all available rosidl_typesupport_cpp: rosidl_typesupport_fastrtps_cpp;rosidl_typesupport_introspection_cpp
[0.531s] -- Found rmw_implementation_cmake: 6.1.1 (/opt/ros/humble/share/rmw_implementation_cmake/cmake)
[0.534s] -- Found rmw_fastrtps_cpp: 6.2.2 (/opt/ros/humble/share/rmw_fastrtps_cpp/cmake)
[0.610s] -- Found OpenSSL: /usr/lib/x86_64-linux-gnu/libcrypto.so (found version "3.0.2")  
[0.628s] -- Found FastRTPS: /opt/ros/humble/include  
[0.662s] -- Using RMW implementation 'rmw_fastrtps_cpp' as default
[0.674s] -- Looking for pthread.h
[0.720s] -- Looking for pthread.h - found
[0.720s] -- Performing Test CMAKE_HAVE_LIBC_PTHREAD
[0.770s] -- Performing Test CMAKE_HAVE_LIBC_PTHREAD - Success
[0.771s] -- Found Threads: TRUE  
[0.900s] -- Found base_interfaces_demo: 0.0.0 (/home/z/ws01_plumbing/src/install/base_interfaces_demo/share/base_interfaces_demo/cmake)
[0.916s] -- Found ament_lint_auto: 0.12.5 (/opt/ros/humble/share/ament_lint_auto/cmake)
[0.974s] -- Added test 'cppcheck' to perform static code analysis on C / C++ code
[0.974s] -- Configured cppcheck include dirs: $<BUILD_INTERFACE:/home/z/ws01_plumbing/src/cpp01_topic/include>
[0.974s] -- Configured cppcheck exclude dirs and/or files: 
[0.975s] -- Added test 'lint_cmake' to check CMake code style
[0.976s] -- Added test 'uncrustify' to check C / C++ code style
[0.976s] -- Configured uncrustify additional arguments: 
[0.977s] -- Added test 'xmllint' to check XML markup files
[0.978s] -- Configuring done
[0.989s] -- Generating done
[0.990s] -- Build files have been written to: /home/z/ws01_plumbing/src/build/cpp01_topic
[0.997s] Invoked command in '/home/z/ws01_plumbing/src/build/cpp01_topic' returned '0': CMAKE_PREFIX_PATH=${CMAKE_PREFIX_PATH}:/opt/ros/humble /usr/bin/cmake /home/z/ws01_plumbing/src/cpp01_topic -DCMAKE_INSTALL_PREFIX=/home/z/ws01_plumbing/src/install/cpp01_topic
[0.998s] Invoking command in '/home/z/ws01_plumbing/src/build/cpp01_topic': CMAKE_PREFIX_PATH=${CMAKE_PREFIX_PATH}:/opt/ros/humble /usr/bin/cmake --build /home/z/ws01_plumbing/src/build/cpp01_topic -- -j4 -l4
[1.028s] [ 12%] [32mBuilding CXX object CMakeFiles/demo01_talker_str.dir/src/demo01_talker_str.cpp.o[0m
[1.030s] [ 25%] [32mBuilding CXX object CMakeFiles/demo02_listener_str.dir/src/demo02_listener_str.cpp.o[0m
[1.031s] [ 37%] [32mBuilding CXX object CMakeFiles/demo03_talker_student.dir/src/demo03_talker_student.cpp.o[0m
[1.038s] [ 50%] [32mBuilding CXX object CMakeFiles/demo04_listener_student.dir/src/demo04_listener_student.cpp.o[0m
[6.518s] [ 62%] [32m[1mLinking CXX executable demo03_talker_student[0m
[6.758s] [ 62%] Built target demo03_talker_student
[7.572s] [ 75%] [32m[1mLinking CXX executable demo01_talker_str[0m
[7.707s] [ 75%] Built target demo01_talker_str
[9.599s] [ 87%] [32m[1mLinking CXX executable demo02_listener_str[0m
[9.847s] [ 87%] Built target demo02_listener_str
[10.252s] [100%] [32m[1mLinking CXX executable demo04_listener_student[0m
[10.503s] [100%] Built target demo04_listener_student
[10.510s] Invoked command in '/home/z/ws01_plumbing/src/build/cpp01_topic' returned '0': CMAKE_PREFIX_PATH=${CMAKE_PREFIX_PATH}:/opt/ros/humble /usr/bin/cmake --build /home/z/ws01_plumbing/src/build/cpp01_topic -- -j4 -l4
[10.534s] Invoking command in '/home/z/ws01_plumbing/src/build/cpp01_topic': CMAKE_PREFIX_PATH=${CMAKE_PREFIX_PATH}:/opt/ros/humble /usr/bin/cmake --install /home/z/ws01_plumbing/src/build/cpp01_topic
[10.538s] -- Install configuration: ""
[10.538s] -- Installing: /home/z/ws01_plumbing/src/install/cpp01_topic/lib/cpp01_topic/demo01_talker_str
[10.539s] -- Set runtime path of "/home/z/ws01_plumbing/src/install/cpp01_topic/lib/cpp01_topic/demo01_talker_str" to ""
[10.539s] -- Installing: /home/z/ws01_plumbing/src/install/cpp01_topic/lib/cpp01_topic/demo02_listener_str
[10.541s] -- Set runtime path of "/home/z/ws01_plumbing/src/install/cpp01_topic/lib/cpp01_topic/demo02_listener_str" to ""
[10.541s] -- Installing: /home/z/ws01_plumbing/src/install/cpp01_topic/lib/cpp01_topic/demo03_talker_student
[10.542s] -- Set runtime path of "/home/z/ws01_plumbing/src/install/cpp01_topic/lib/cpp01_topic/demo03_talker_student" to ""
[10.542s] -- Installing: /home/z/ws01_plumbing/src/install/cpp01_topic/lib/cpp01_topic/demo04_listener_student
[10.544s] -- Set runtime path of "/home/z/ws01_plumbing/src/install/cpp01_topic/lib/cpp01_topic/demo04_listener_student" to ""
[10.544s] -- Installing: /home/z/ws01_plumbing/src/install/cpp01_topic/share/ament_index/resource_index/package_run_dependencies/cpp01_topic
[10.544s] -- Installing: /home/z/ws01_plumbing/src/install/cpp01_topic/share/ament_index/resource_index/parent_prefix_path/cpp01_topic
[10.545s] -- Installing: /home/z/ws01_plumbing/src/install/cpp01_topic/share/cpp01_topic/environment/ament_prefix_path.sh
[10.545s] -- Installing: /home/z/ws01_plumbing/src/install/cpp01_topic/share/cpp01_topic/environment/ament_prefix_path.dsv
[10.545s] -- Installing: /home/z/ws01_plumbing/src/install/cpp01_topic/share/cpp01_topic/environment/path.sh
[10.545s] -- Installing: /home/z/ws01_plumbing/src/install/cpp01_topic/share/cpp01_topic/environment/path.dsv
[10.545s] -- Installing: /home/z/ws01_plumbing/src/install/cpp01_topic/share/cpp01_topic/local_setup.bash
[10.545s] -- Installing: /home/z/ws01_plumbing/src/install/cpp01_topic/share/cpp01_topic/local_setup.sh
[10.545s] -- Installing: /home/z/ws01_plumbing/src/install/cpp01_topic/share/cpp01_topic/local_setup.zsh
[10.545s] -- Installing: /home/z/ws01_plumbing/src/install/cpp01_topic/share/cpp01_topic/local_setup.dsv
[10.545s] -- Installing: /home/z/ws01_plumbing/src/install/cpp01_topic/share/cpp01_topic/package.dsv
[10.545s] -- Installing: /home/z/ws01_plumbing/src/install/cpp01_topic/share/ament_index/resource_index/packages/cpp01_topic
[10.546s] -- Installing: /home/z/ws01_plumbing/src/install/cpp01_topic/share/cpp01_topic/cmake/cpp01_topicConfig.cmake
[10.546s] -- Installing: /home/z/ws01_plumbing/src/install/cpp01_topic/share/cpp01_topic/cmake/cpp01_topicConfig-version.cmake
[10.546s] -- Installing: /home/z/ws01_plumbing/src/install/cpp01_topic/share/cpp01_topic/package.xml
[10.547s] Invoked command in '/home/z/ws01_plumbing/src/build/cpp01_topic' returned '0': CMAKE_PREFIX_PATH=${CMAKE_PREFIX_PATH}:/opt/ros/humble /usr/bin/cmake --install /home/z/ws01_plumbing/src/build/cpp01_topic
