[0.017s] Invoking command in '/home/z/ws01_plumbing/build/cpp03_action': AMENT_PREFIX_PATH=/home/z/ws01_plumbing/install/base_interfaces_demo:${AMENT_PREFIX_PATH} CMAKE_PREFIX_PATH=/home/z/ws01_plumbing/install/base_interfaces_demo:/opt/ros/humble LD_LIBRARY_PATH=/home/z/ws01_plumbing/install/base_interfaces_demo/lib:${LD_LIBRARY_PATH} PYTHONPATH=/home/z/ws01_plumbing/install/base_interfaces_demo/local/lib/python3.10/dist-packages:${PYTHONPATH} /usr/bin/cmake /home/z/ws01_plumbing/src/cpp03_action -DCMAKE_INSTALL_PREFIX=/home/z/ws01_plumbing/install/cpp03_action
[0.145s] -- The C compiler identification is GNU 11.3.0
[0.222s] -- The CXX compiler identification is GNU 11.3.0
[0.232s] -- Detecting C compiler ABI info
[0.281s] -- Detecting C compiler ABI info - done
[0.285s] -- Check for working C compiler: /usr/bin/cc - skipped
[0.286s] -- Detecting C compile features
[0.287s] -- Detecting C compile features - done
[0.290s] -- Detecting CXX compiler ABI info
[0.343s] -- Detecting CXX compiler ABI info - done
[0.348s] -- Check for working CXX compiler: /usr/bin/c++ - skipped
[0.348s] -- Detecting CXX compile features
[0.349s] -- Detecting CXX compile features - done
[0.354s] -- Found ament_cmake: 1.3.3 (/opt/ros/humble/share/ament_cmake/cmake)
[0.475s] -- Found Python3: /usr/bin/python3.10 (found version "3.10.6") found components: Interpreter 
[0.559s] -- Found rclcpp: 16.0.3 (/opt/ros/humble/share/rclcpp/cmake)
[0.615s] -- Found rosidl_generator_c: 3.1.4 (/opt/ros/humble/share/rosidl_generator_c/cmake)
[0.623s] -- Found rosidl_adapter: 3.1.4 (/opt/ros/humble/share/rosidl_adapter/cmake)
[0.634s] -- Found rosidl_generator_cpp: 3.1.4 (/opt/ros/humble/share/rosidl_generator_cpp/cmake)
[0.650s] -- Using all available rosidl_typesupport_c: rosidl_typesupport_fastrtps_c;rosidl_typesupport_introspection_c
[0.671s] -- Using all available rosidl_typesupport_cpp: rosidl_typesupport_fastrtps_cpp;rosidl_typesupport_introspection_cpp
[0.735s] -- Found rmw_implementation_cmake: 6.1.1 (/opt/ros/humble/share/rmw_implementation_cmake/cmake)
[0.739s] -- Found rmw_fastrtps_cpp: 6.2.2 (/opt/ros/humble/share/rmw_fastrtps_cpp/cmake)
[0.814s] -- Found OpenSSL: /usr/lib/x86_64-linux-gnu/libcrypto.so (found version "3.0.2")  
[0.833s] -- Found FastRTPS: /opt/ros/humble/include  
[0.864s] -- Using RMW implementation 'rmw_fastrtps_cpp' as default
[0.876s] -- Looking for pthread.h
[0.926s] -- Looking for pthread.h - found
[0.926s] -- Performing Test CMAKE_HAVE_LIBC_PTHREAD
[0.974s] -- Performing Test CMAKE_HAVE_LIBC_PTHREAD - Success
[0.975s] -- Found Threads: TRUE  
[1.111s] -- Found rclcpp_action: 16.0.3 (/opt/ros/humble/share/rclcpp_action/cmake)
[1.191s] -- Found base_interfaces_demo: 0.0.0 (/home/z/ws01_plumbing/install/base_interfaces_demo/share/base_interfaces_demo/cmake)
[1.232s] -- Found ament_lint_auto: 0.12.5 (/opt/ros/humble/share/ament_lint_auto/cmake)
[1.292s] -- Added test 'cppcheck' to perform static code analysis on C / C++ code
[1.292s] -- Configured cppcheck include dirs: $<BUILD_INTERFACE:/home/z/ws01_plumbing/src/cpp03_action/include>
[1.292s] -- Configured cppcheck exclude dirs and/or files: 
[1.293s] -- Added test 'lint_cmake' to check CMake code style
[1.294s] -- Added test 'uncrustify' to check C / C++ code style
[1.294s] -- Configured uncrustify additional arguments: 
[1.294s] -- Added test 'xmllint' to check XML markup files
[1.296s] -- Configuring done
[1.303s] -- Generating done
[1.304s] -- Build files have been written to: /home/z/ws01_plumbing/build/cpp03_action
[1.311s] Invoked command in '/home/z/ws01_plumbing/build/cpp03_action' returned '0': AMENT_PREFIX_PATH=/home/z/ws01_plumbing/install/base_interfaces_demo:${AMENT_PREFIX_PATH} CMAKE_PREFIX_PATH=/home/z/ws01_plumbing/install/base_interfaces_demo:/opt/ros/humble LD_LIBRARY_PATH=/home/z/ws01_plumbing/install/base_interfaces_demo/lib:${LD_LIBRARY_PATH} PYTHONPATH=/home/z/ws01_plumbing/install/base_interfaces_demo/local/lib/python3.10/dist-packages:${PYTHONPATH} /usr/bin/cmake /home/z/ws01_plumbing/src/cpp03_action -DCMAKE_INSTALL_PREFIX=/home/z/ws01_plumbing/install/cpp03_action
[1.312s] Invoking command in '/home/z/ws01_plumbing/build/cpp03_action': AMENT_PREFIX_PATH=/home/z/ws01_plumbing/install/base_interfaces_demo:${AMENT_PREFIX_PATH} CMAKE_PREFIX_PATH=/home/z/ws01_plumbing/install/base_interfaces_demo:/opt/ros/humble LD_LIBRARY_PATH=/home/z/ws01_plumbing/install/base_interfaces_demo/lib:${LD_LIBRARY_PATH} PYTHONPATH=/home/z/ws01_plumbing/install/base_interfaces_demo/local/lib/python3.10/dist-packages:${PYTHONPATH} /usr/bin/cmake --build /home/z/ws01_plumbing/build/cpp03_action -- -j4 -l4
[1.344s] [ 50%] [32mBuilding CXX object CMakeFiles/demo01_action_server.dir/src/demo01_action_server.cpp.o[0m
[5.243s] [100%] [32m[1mLinking CXX executable demo01_action_server[0m
[5.403s] [100%] Built target demo01_action_server
[5.410s] Invoked command in '/home/z/ws01_plumbing/build/cpp03_action' returned '0': AMENT_PREFIX_PATH=/home/z/ws01_plumbing/install/base_interfaces_demo:${AMENT_PREFIX_PATH} CMAKE_PREFIX_PATH=/home/z/ws01_plumbing/install/base_interfaces_demo:/opt/ros/humble LD_LIBRARY_PATH=/home/z/ws01_plumbing/install/base_interfaces_demo/lib:${LD_LIBRARY_PATH} PYTHONPATH=/home/z/ws01_plumbing/install/base_interfaces_demo/local/lib/python3.10/dist-packages:${PYTHONPATH} /usr/bin/cmake --build /home/z/ws01_plumbing/build/cpp03_action -- -j4 -l4
[5.432s] Invoking command in '/home/z/ws01_plumbing/build/cpp03_action': AMENT_PREFIX_PATH=/home/z/ws01_plumbing/install/base_interfaces_demo:${AMENT_PREFIX_PATH} CMAKE_PREFIX_PATH=/home/z/ws01_plumbing/install/base_interfaces_demo:/opt/ros/humble LD_LIBRARY_PATH=/home/z/ws01_plumbing/install/base_interfaces_demo/lib:${LD_LIBRARY_PATH} PYTHONPATH=/home/z/ws01_plumbing/install/base_interfaces_demo/local/lib/python3.10/dist-packages:${PYTHONPATH} /usr/bin/cmake --install /home/z/ws01_plumbing/build/cpp03_action
[5.436s] -- Install configuration: ""
[5.437s] -- Installing: /home/z/ws01_plumbing/install/cpp03_action/lib/cpp03_action/demo01_action_server
[5.437s] -- Set runtime path of "/home/z/ws01_plumbing/install/cpp03_action/lib/cpp03_action/demo01_action_server" to ""
[5.437s] -- Installing: /home/z/ws01_plumbing/install/cpp03_action/share/ament_index/resource_index/package_run_dependencies/cpp03_action
[5.437s] -- Installing: /home/z/ws01_plumbing/install/cpp03_action/share/ament_index/resource_index/parent_prefix_path/cpp03_action
[5.437s] -- Installing: /home/z/ws01_plumbing/install/cpp03_action/share/cpp03_action/environment/ament_prefix_path.sh
[5.437s] -- Installing: /home/z/ws01_plumbing/install/cpp03_action/share/cpp03_action/environment/ament_prefix_path.dsv
[5.438s] -- Installing: /home/z/ws01_plumbing/install/cpp03_action/share/cpp03_action/environment/path.sh
[5.438s] -- Installing: /home/z/ws01_plumbing/install/cpp03_action/share/cpp03_action/environment/path.dsv
[5.438s] -- Installing: /home/z/ws01_plumbing/install/cpp03_action/share/cpp03_action/local_setup.bash
[5.438s] -- Installing: /home/z/ws01_plumbing/install/cpp03_action/share/cpp03_action/local_setup.sh
[5.438s] -- Installing: /home/z/ws01_plumbing/install/cpp03_action/share/cpp03_action/local_setup.zsh
[5.438s] -- Installing: /home/z/ws01_plumbing/install/cpp03_action/share/cpp03_action/local_setup.dsv
[5.438s] -- Installing: /home/z/ws01_plumbing/install/cpp03_action/share/cpp03_action/package.dsv
[5.438s] -- Installing: /home/z/ws01_plumbing/install/cpp03_action/share/ament_index/resource_index/packages/cpp03_action
[5.438s] -- Installing: /home/z/ws01_plumbing/install/cpp03_action/share/cpp03_action/cmake/cpp03_actionConfig.cmake
[5.438s] -- Installing: /home/z/ws01_plumbing/install/cpp03_action/share/cpp03_action/cmake/cpp03_actionConfig-version.cmake
[5.438s] -- Installing: /home/z/ws01_plumbing/install/cpp03_action/share/cpp03_action/package.xml
[5.440s] Invoked command in '/home/z/ws01_plumbing/build/cpp03_action' returned '0': AMENT_PREFIX_PATH=/home/z/ws01_plumbing/install/base_interfaces_demo:${AMENT_PREFIX_PATH} CMAKE_PREFIX_PATH=/home/z/ws01_plumbing/install/base_interfaces_demo:/opt/ros/humble LD_LIBRARY_PATH=/home/z/ws01_plumbing/install/base_interfaces_demo/lib:${LD_LIBRARY_PATH} PYTHONPATH=/home/z/ws01_plumbing/install/base_interfaces_demo/local/lib/python3.10/dist-packages:${PYTHONPATH} /usr/bin/cmake --install /home/z/ws01_plumbing/build/cpp03_action
