-- Found ament_cmake: 1.3.3 (/opt/ros/humble/share/ament_cmake/cmake)
-- Found rclcpp: 16.0.3 (/opt/ros/humble/share/rclcpp/cmake)
-- Found rosidl_generator_c: 3.1.4 (/opt/ros/humble/share/rosidl_generator_c/cmake)
-- Found rosidl_adapter: 3.1.4 (/opt/ros/humble/share/rosidl_adapter/cmake)
-- Found rosidl_generator_cpp: 3.1.4 (/opt/ros/humble/share/rosidl_generator_cpp/cmake)
-- Using all available rosidl_typesupport_c: rosidl_typesupport_fastrtps_c;rosidl_typesupport_introspection_c
-- Using all available rosidl_typesupport_cpp: rosidl_typesupport_fastrtps_cpp;rosidl_typesupport_introspection_cpp
-- Found rmw_implementation_cmake: 6.1.1 (/opt/ros/humble/share/rmw_implementation_cmake/cmake)
-- Found rmw_fastrtps_cpp: 6.2.2 (/opt/ros/humble/share/rmw_fastrtps_cpp/cmake)
-- Using RMW implementation 'rmw_fastrtps_cpp' as default
-- Found base_interfaces_demo: 0.0.0 (/home/z/ws01_plumbing/install/base_interfaces_demo/share/base_interfaces_demo/cmake)
-- Found ament_lint_auto: 0.12.5 (/opt/ros/humble/share/ament_lint_auto/cmake)
-- Added test 'cppcheck' to perform static code analysis on C / C++ code
-- Configured cppcheck include dirs: $<BUILD_INTERFACE:/home/z/ws01_plumbing/src/cpp02_service/include>
-- Configured cppcheck exclude dirs and/or files: 
-- Added test 'lint_cmake' to check CMake code style
-- Added test 'uncrustify' to check C / C++ code style
-- Configured uncrustify additional arguments: 
-- Added test 'xmllint' to check XML markup files
-- Configuring done
-- Generating done
-- Build files have been written to: /home/z/ws01_plumbing/build/cpp02_service
[35m[1mConsolidate compiler generated dependencies of target demo01_server[0m
[ 25%] [32mBuilding CXX object CMakeFiles/demo02_client.dir/src/demo02_client.cpp.o[0m
[ 75%] Built target demo01_server
[100%] [32m[1mLinking CXX executable demo02_client[0m
[100%] Built target demo02_client
-- Install configuration: ""
-- Up-to-date: /home/z/ws01_plumbing/install/cpp02_service/lib/cpp02_service/demo01_server
-- Installing: /home/z/ws01_plumbing/install/cpp02_service/lib/cpp02_service/demo02_client
-- Set runtime path of "/home/z/ws01_plumbing/install/cpp02_service/lib/cpp02_service/demo02_client" to ""
-- Up-to-date: /home/z/ws01_plumbing/install/cpp02_service/share/ament_index/resource_index/package_run_dependencies/cpp02_service
-- Up-to-date: /home/z/ws01_plumbing/install/cpp02_service/share/ament_index/resource_index/parent_prefix_path/cpp02_service
-- Up-to-date: /home/z/ws01_plumbing/install/cpp02_service/share/cpp02_service/environment/ament_prefix_path.sh
-- Installing: /home/z/ws01_plumbing/install/cpp02_service/share/cpp02_service/environment/ament_prefix_path.dsv
-- Up-to-date: /home/z/ws01_plumbing/install/cpp02_service/share/cpp02_service/environment/path.sh
-- Installing: /home/z/ws01_plumbing/install/cpp02_service/share/cpp02_service/environment/path.dsv
-- Up-to-date: /home/z/ws01_plumbing/install/cpp02_service/share/cpp02_service/local_setup.bash
-- Up-to-date: /home/z/ws01_plumbing/install/cpp02_service/share/cpp02_service/local_setup.sh
-- Up-to-date: /home/z/ws01_plumbing/install/cpp02_service/share/cpp02_service/local_setup.zsh
-- Installing: /home/z/ws01_plumbing/install/cpp02_service/share/cpp02_service/local_setup.dsv
-- Installing: /home/z/ws01_plumbing/install/cpp02_service/share/cpp02_service/package.dsv
-- Up-to-date: /home/z/ws01_plumbing/install/cpp02_service/share/ament_index/resource_index/packages/cpp02_service
-- Up-to-date: /home/z/ws01_plumbing/install/cpp02_service/share/cpp02_service/cmake/cpp02_serviceConfig.cmake
-- Up-to-date: /home/z/ws01_plumbing/install/cpp02_service/share/cpp02_service/cmake/cpp02_serviceConfig-version.cmake
-- Up-to-date: /home/z/ws01_plumbing/install/cpp02_service/share/cpp02_service/package.xml
