-- Found ament_cmake: 1.3.3 (/opt/ros/humble/share/ament_cmake/cmake)
-- Found rclcpp: 16.0.3 (/opt/ros/humble/share/rclcpp/cmake)
-- Found rosidl_generator_c: 3.1.4 (/opt/ros/humble/share/rosidl_generator_c/cmake)
-- Found rosidl_adapter: 3.1.4 (/opt/ros/humble/share/rosidl_adapter/cmake)
-- Found rosidl_generator_cpp: 3.1.4 (/opt/ros/humble/share/rosidl_generator_cpp/cmake)
-- Using all available rosidl_typesupport_c: rosidl_typesupport_fastrtps_c;rosidl_typesupport_introspection_c
-- Using all available rosidl_typesupport_cpp: rosidl_typesupport_fastrtps_cpp;rosidl_typesupport_introspection_cpp
-- Found rmw_implementation_cmake: 6.1.1 (/opt/ros/humble/share/rmw_implementation_cmake/cmake)
-- Found rmw_fastrtps_cpp: 6.2.2 (/opt/ros/humble/share/rmw_fastrtps_cpp/cmake)
-- Using RMW implementation 'rmw_fastrtps_cpp' as default
[31mCMake Error at CMakeLists.txt:12 (find_package):
  By not providing "Findbase_interfaces.cmake" in CMAKE_MODULE_PATH this
  project has asked CMake to find a package configuration file provided by
  "base_interfaces", but CMake did not find one.

  Could not find a package configuration file provided by "base_interfaces"
  with any of the following names:

    base_interfacesConfig.cmake
    base_interfaces-config.cmake

  Add the installation prefix of "base_interfaces" to CMAKE_PREFIX_PATH or
  set "base_interfaces_DIR" to a directory containing one of the above files.
  If "base_interfaces" provides a separate development package or SDK, be
  sure it has been installed.

[0m
-- Configuring incomplete, errors occurred!
See also "/home/z/ws01_plumbing/build/cpp01_topic/CMakeFiles/CMakeOutput.log".
